2021-10-04 10:27:12,378 INFO [restartedMain] c.t.c.CommunityApplication [StartupInfoLogger.java:55] Starting CommunityApplication using Java 1.8.0_261 on LAPTOP-2EJHU1V2 with PID 13608 (F:\Java\community\target\classes started by 龚哲毅 in F:\Java\community)
2021-10-04 10:27:12,382 INFO [restartedMain] c.t.c.CommunityApplication [SpringApplication.java:659] No active profile set, falling back to default profiles: default
2021-10-04 10:27:12,423 INFO [restartedMain] o.s.b.d.e.DevToolsPropertyDefaultsPostProcessor [DeferredLog.java:255] Devtools property defaults active! Set 'spring.devtools.add-properties' to 'false' to disable
2021-10-04 10:27:12,423 INFO [restartedMain] o.s.b.d.e.DevToolsPropertyDefaultsPostProcessor [DeferredLog.java:255] For additional web related logging consider setting the 'logging.level.web' property to 'DEBUG'
2021-10-04 10:27:13,283 INFO [restartedMain] o.s.d.r.c.RepositoryConfigurationDelegate [RepositoryConfigurationDelegate.java:262] Multiple Spring Data modules found, entering strict repository configuration mode!
2021-10-04 10:27:13,285 INFO [restartedMain] o.s.d.r.c.RepositoryConfigurationDelegate [RepositoryConfigurationDelegate.java:132] Bootstrapping Spring Data Redis repositories in DEFAULT mode.
2021-10-04 10:27:13,309 INFO [restartedMain] o.s.d.r.c.RepositoryConfigurationDelegate [RepositoryConfigurationDelegate.java:201] Finished Spring Data repository scanning in 8 ms. Found 0 Redis repository interfaces.
2021-10-04 10:27:13,959 INFO [restartedMain] o.s.b.w.e.t.TomcatWebServer [TomcatWebServer.java:108] Tomcat initialized with port(s): 8080 (http)
2021-10-04 10:27:13,966 INFO [restartedMain] o.a.c.h.Http11NioProtocol [DirectJDKLog.java:173] Initializing ProtocolHandler ["http-nio-8080"]
2021-10-04 10:27:13,966 INFO [restartedMain] o.a.c.c.StandardService [DirectJDKLog.java:173] Starting service [Tomcat]
2021-10-04 10:27:13,967 INFO [restartedMain] o.a.c.c.StandardEngine [DirectJDKLog.java:173] Starting Servlet engine: [Apache Tomcat/9.0.53]
2021-10-04 10:27:14,050 INFO [restartedMain] o.a.c.c.C.[.[.[/community] [DirectJDKLog.java:173] Initializing Spring embedded WebApplicationContext
2021-10-04 10:27:14,050 INFO [restartedMain] o.s.b.w.s.c.ServletWebServerApplicationContext [ServletWebServerApplicationContext.java:290] Root WebApplicationContext: initialization completed in 1626 ms
2021-10-04 10:27:15,057 INFO [restartedMain] o.s.b.a.w.s.WelcomePageHandlerMapping [WelcomePageHandlerMapping.java:57] Adding welcome page template: index
2021-10-04 10:27:15,319 INFO [restartedMain] o.s.b.d.a.OptionalLiveReloadServer [OptionalLiveReloadServer.java:58] LiveReload server is running on port 35729
2021-10-04 10:27:15,336 INFO [restartedMain] o.a.c.h.Http11NioProtocol [DirectJDKLog.java:173] Starting ProtocolHandler ["http-nio-8080"]
2021-10-04 10:27:15,351 INFO [restartedMain] o.s.b.w.e.t.TomcatWebServer [TomcatWebServer.java:220] Tomcat started on port(s): 8080 (http) with context path '/community'
2021-10-04 10:27:15,361 INFO [restartedMain] c.t.c.CommunityApplication [StartupInfoLogger.java:61] Started CommunityApplication in 3.485 seconds (JVM running for 4.639)
2021-10-04 10:27:29,630 INFO [http-nio-8080-exec-1] o.a.c.c.C.[.[.[/community] [DirectJDKLog.java:173] Initializing Spring DispatcherServlet 'dispatcherServlet'
2021-10-04 10:27:29,631 INFO [http-nio-8080-exec-1] o.s.w.s.DispatcherServlet [FrameworkServlet.java:525] Initializing Servlet 'dispatcherServlet'
2021-10-04 10:27:29,632 INFO [http-nio-8080-exec-1] o.s.w.s.DispatcherServlet [FrameworkServlet.java:547] Completed initialization in 1 ms
2021-10-04 10:27:29,661 INFO [http-nio-8080-exec-1] c.t.c.a.ServiceLogAspect [ServiceLogAspect.java:43] 用户[0:0:0:0:0:0:0:1],在[2021-10-04 10:27:29],访问了[cn.tjgzy.community.service.DiscussPostService.findDiscussPostRows].
2021-10-04 10:27:29,690 INFO [http-nio-8080-exec-1] c.z.h.HikariDataSource [HikariDataSource.java:110] HikariPool-1 - Starting...
2021-10-04 10:27:30,396 INFO [http-nio-8080-exec-1] c.z.h.HikariDataSource [HikariDataSource.java:123] HikariPool-1 - Start completed.
2021-10-04 10:27:30,453 INFO [http-nio-8080-exec-1] c.t.c.a.ServiceLogAspect [ServiceLogAspect.java:43] 用户[0:0:0:0:0:0:0:1],在[2021-10-04 10:27:30],访问了[cn.tjgzy.community.service.DiscussPostService.findDiscussPosts].
2021-10-04 10:27:30,482 INFO [http-nio-8080-exec-1] c.t.c.a.ServiceLogAspect [ServiceLogAspect.java:43] 用户[0:0:0:0:0:0:0:1],在[2021-10-04 10:27:30],访问了[cn.tjgzy.community.service.UserService.findUserById].
2021-10-04 10:27:30,513 INFO [http-nio-8080-exec-1] c.t.c.a.ServiceLogAspect [ServiceLogAspect.java:43] 用户[0:0:0:0:0:0:0:1],在[2021-10-04 10:27:30],访问了[cn.tjgzy.community.service.LikeService.findEntityLikeCount].
2021-10-04 10:27:31,300 INFO [http-nio-8080-exec-1] c.t.c.a.ServiceLogAspect [ServiceLogAspect.java:43] 用户[0:0:0:0:0:0:0:1],在[2021-10-04 10:27:31],访问了[cn.tjgzy.community.service.UserService.findUserById].
2021-10-04 10:27:31,347 INFO [http-nio-8080-exec-1] c.t.c.a.ServiceLogAspect [ServiceLogAspect.java:43] 用户[0:0:0:0:0:0:0:1],在[2021-10-04 10:27:31],访问了[cn.tjgzy.community.service.LikeService.findEntityLikeCount].
2021-10-04 10:27:31,374 INFO [http-nio-8080-exec-1] c.t.c.a.ServiceLogAspect [ServiceLogAspect.java:43] 用户[0:0:0:0:0:0:0:1],在[2021-10-04 10:27:31],访问了[cn.tjgzy.community.service.UserService.findUserById].
2021-10-04 10:27:31,401 INFO [http-nio-8080-exec-1] c.t.c.a.ServiceLogAspect [ServiceLogAspect.java:43] 用户[0:0:0:0:0:0:0:1],在[2021-10-04 10:27:31],访问了[cn.tjgzy.community.service.LikeService.findEntityLikeCount].
2021-10-04 10:27:31,432 INFO [http-nio-8080-exec-1] c.t.c.a.ServiceLogAspect [ServiceLogAspect.java:43] 用户[0:0:0:0:0:0:0:1],在[2021-10-04 10:27:31],访问了[cn.tjgzy.community.service.UserService.findUserById].
2021-10-04 10:27:31,457 INFO [http-nio-8080-exec-1] c.t.c.a.ServiceLogAspect [ServiceLogAspect.java:43] 用户[0:0:0:0:0:0:0:1],在[2021-10-04 10:27:31],访问了[cn.tjgzy.community.service.LikeService.findEntityLikeCount].
2021-10-04 10:27:31,484 INFO [http-nio-8080-exec-1] c.t.c.a.ServiceLogAspect [ServiceLogAspect.java:43] 用户[0:0:0:0:0:0:0:1],在[2021-10-04 10:27:31],访问了[cn.tjgzy.community.service.UserService.findUserById].
2021-10-04 10:27:31,512 INFO [http-nio-8080-exec-1] c.t.c.a.ServiceLogAspect [ServiceLogAspect.java:43] 用户[0:0:0:0:0:0:0:1],在[2021-10-04 10:27:31],访问了[cn.tjgzy.community.service.LikeService.findEntityLikeCount].
2021-10-04 10:27:31,544 INFO [http-nio-8080-exec-1] c.t.c.a.ServiceLogAspect [ServiceLogAspect.java:43] 用户[0:0:0:0:0:0:0:1],在[2021-10-04 10:27:31],访问了[cn.tjgzy.community.service.UserService.findUserById].
2021-10-04 10:27:31,569 INFO [http-nio-8080-exec-1] c.t.c.a.ServiceLogAspect [ServiceLogAspect.java:43] 用户[0:0:0:0:0:0:0:1],在[2021-10-04 10:27:31],访问了[cn.tjgzy.community.service.LikeService.findEntityLikeCount].
2021-10-04 10:27:31,596 INFO [http-nio-8080-exec-1] c.t.c.a.ServiceLogAspect [ServiceLogAspect.java:43] 用户[0:0:0:0:0:0:0:1],在[2021-10-04 10:27:31],访问了[cn.tjgzy.community.service.UserService.findUserById].
2021-10-04 10:27:31,621 INFO [http-nio-8080-exec-1] c.t.c.a.ServiceLogAspect [ServiceLogAspect.java:43] 用户[0:0:0:0:0:0:0:1],在[2021-10-04 10:27:31],访问了[cn.tjgzy.community.service.LikeService.findEntityLikeCount].
2021-10-04 10:27:31,647 INFO [http-nio-8080-exec-1] c.t.c.a.ServiceLogAspect [ServiceLogAspect.java:43] 用户[0:0:0:0:0:0:0:1],在[2021-10-04 10:27:31],访问了[cn.tjgzy.community.service.UserService.findUserById].
2021-10-04 10:27:31,672 INFO [http-nio-8080-exec-1] c.t.c.a.ServiceLogAspect [ServiceLogAspect.java:43] 用户[0:0:0:0:0:0:0:1],在[2021-10-04 10:27:31],访问了[cn.tjgzy.community.service.LikeService.findEntityLikeCount].
2021-10-04 10:27:31,699 INFO [http-nio-8080-exec-1] c.t.c.a.ServiceLogAspect [ServiceLogAspect.java:43] 用户[0:0:0:0:0:0:0:1],在[2021-10-04 10:27:31],访问了[cn.tjgzy.community.service.UserService.findUserById].
2021-10-04 10:27:31,725 INFO [http-nio-8080-exec-1] c.t.c.a.ServiceLogAspect [ServiceLogAspect.java:43] 用户[0:0:0:0:0:0:0:1],在[2021-10-04 10:27:31],访问了[cn.tjgzy.community.service.LikeService.findEntityLikeCount].
2021-10-04 10:27:31,751 INFO [http-nio-8080-exec-1] c.t.c.a.ServiceLogAspect [ServiceLogAspect.java:43] 用户[0:0:0:0:0:0:0:1],在[2021-10-04 10:27:31],访问了[cn.tjgzy.community.service.UserService.findUserById].
2021-10-04 10:27:31,776 INFO [http-nio-8080-exec-1] c.t.c.a.ServiceLogAspect [ServiceLogAspect.java:43] 用户[0:0:0:0:0:0:0:1],在[2021-10-04 10:27:31],访问了[cn.tjgzy.community.service.LikeService.findEntityLikeCount].
2021-10-04 10:27:38,012 INFO [http-nio-8080-exec-8] c.t.c.a.ServiceLogAspect [ServiceLogAspect.java:43] 用户[0:0:0:0:0:0:0:1],在[2021-10-04 10:27:38],访问了[cn.tjgzy.community.service.UserService.findUserById].
2021-10-04 10:27:38,060 INFO [http-nio-8080-exec-8] c.t.c.a.ServiceLogAspect [ServiceLogAspect.java:43] 用户[0:0:0:0:0:0:0:1],在[2021-10-04 10:27:38],访问了[cn.tjgzy.community.service.LikeService.findUserLikeCount].
2021-10-04 10:27:38,107 INFO [http-nio-8080-exec-8] c.t.c.a.ServiceLogAspect [ServiceLogAspect.java:43] 用户[0:0:0:0:0:0:0:1],在[2021-10-04 10:27:38],访问了[cn.tjgzy.community.service.FollowService.findFolloweeCount].
2021-10-04 10:27:38,139 INFO [http-nio-8080-exec-8] c.t.c.a.ServiceLogAspect [ServiceLogAspect.java:43] 用户[0:0:0:0:0:0:0:1],在[2021-10-04 10:27:38],访问了[cn.tjgzy.community.service.FollowService.findFollowerCount].
2021-10-04 10:27:53,414 INFO [http-nio-8080-exec-10] c.t.c.a.ServiceLogAspect [ServiceLogAspect.java:43] 用户[0:0:0:0:0:0:0:1],在[2021-10-04 10:27:53],访问了[cn.tjgzy.community.service.UserService.login].
2021-10-04 10:27:53,781 INFO [http-nio-8080-exec-1] c.t.c.a.ServiceLogAspect [ServiceLogAspect.java:43] 用户[0:0:0:0:0:0:0:1],在[2021-10-04 10:27:53],访问了[cn.tjgzy.community.service.UserService.findLoginTicket].
2021-10-04 10:27:53,807 INFO [http-nio-8080-exec-1] c.t.c.a.ServiceLogAspect [ServiceLogAspect.java:43] 用户[0:0:0:0:0:0:0:1],在[2021-10-04 10:27:53],访问了[cn.tjgzy.community.service.UserService.findUserById].
2021-10-04 10:27:53,833 INFO [http-nio-8080-exec-1] c.t.c.a.ServiceLogAspect [ServiceLogAspect.java:43] 用户[0:0:0:0:0:0:0:1],在[2021-10-04 10:27:53],访问了[cn.tjgzy.community.service.DiscussPostService.findDiscussPostRows].
2021-10-04 10:27:53,859 INFO [http-nio-8080-exec-1] c.t.c.a.ServiceLogAspect [ServiceLogAspect.java:43] 用户[0:0:0:0:0:0:0:1],在[2021-10-04 10:27:53],访问了[cn.tjgzy.community.service.DiscussPostService.findDiscussPosts].
2021-10-04 10:27:53,898 INFO [http-nio-8080-exec-1] c.t.c.a.ServiceLogAspect [ServiceLogAspect.java:43] 用户[0:0:0:0:0:0:0:1],在[2021-10-04 10:27:53],访问了[cn.tjgzy.community.service.UserService.findUserById].
2021-10-04 10:27:53,924 INFO [http-nio-8080-exec-1] c.t.c.a.ServiceLogAspect [ServiceLogAspect.java:43] 用户[0:0:0:0:0:0:0:1],在[2021-10-04 10:27:53],访问了[cn.tjgzy.community.service.LikeService.findEntityLikeCount].
2021-10-04 10:27:53,979 INFO [http-nio-8080-exec-1] c.t.c.a.ServiceLogAspect [ServiceLogAspect.java:43] 用户[0:0:0:0:0:0:0:1],在[2021-10-04 10:27:53],访问了[cn.tjgzy.community.service.UserService.findUserById].
2021-10-04 10:27:54,003 INFO [http-nio-8080-exec-1] c.t.c.a.ServiceLogAspect [ServiceLogAspect.java:43] 用户[0:0:0:0:0:0:0:1],在[2021-10-04 10:27:54],访问了[cn.tjgzy.community.service.LikeService.findEntityLikeCount].
2021-10-04 10:27:54,029 INFO [http-nio-8080-exec-1] c.t.c.a.ServiceLogAspect [ServiceLogAspect.java:43] 用户[0:0:0:0:0:0:0:1],在[2021-10-04 10:27:54],访问了[cn.tjgzy.community.service.UserService.findUserById].
2021-10-04 10:27:54,056 INFO [http-nio-8080-exec-1] c.t.c.a.ServiceLogAspect [ServiceLogAspect.java:43] 用户[0:0:0:0:0:0:0:1],在[2021-10-04 10:27:54],访问了[cn.tjgzy.community.service.LikeService.findEntityLikeCount].
2021-10-04 10:27:54,082 INFO [http-nio-8080-exec-1] c.t.c.a.ServiceLogAspect [ServiceLogAspect.java:43] 用户[0:0:0:0:0:0:0:1],在[2021-10-04 10:27:54],访问了[cn.tjgzy.community.service.UserService.findUserById].
2021-10-04 10:27:54,109 INFO [http-nio-8080-exec-1] c.t.c.a.ServiceLogAspect [ServiceLogAspect.java:43] 用户[0:0:0:0:0:0:0:1],在[2021-10-04 10:27:54],访问了[cn.tjgzy.community.service.LikeService.findEntityLikeCount].
2021-10-04 10:27:54,137 INFO [http-nio-8080-exec-1] c.t.c.a.ServiceLogAspect [ServiceLogAspect.java:43] 用户[0:0:0:0:0:0:0:1],在[2021-10-04 10:27:54],访问了[cn.tjgzy.community.service.UserService.findUserById].
2021-10-04 10:27:54,162 INFO [http-nio-8080-exec-1] c.t.c.a.ServiceLogAspect [ServiceLogAspect.java:43] 用户[0:0:0:0:0:0:0:1],在[2021-10-04 10:27:54],访问了[cn.tjgzy.community.service.LikeService.findEntityLikeCount].
2021-10-04 10:27:54,189 INFO [http-nio-8080-exec-1] c.t.c.a.ServiceLogAspect [ServiceLogAspect.java:43] 用户[0:0:0:0:0:0:0:1],在[2021-10-04 10:27:54],访问了[cn.tjgzy.community.service.UserService.findUserById].
2021-10-04 10:27:54,215 INFO [http-nio-8080-exec-1] c.t.c.a.ServiceLogAspect [ServiceLogAspect.java:43] 用户[0:0:0:0:0:0:0:1],在[2021-10-04 10:27:54],访问了[cn.tjgzy.community.service.LikeService.findEntityLikeCount].
2021-10-04 10:27:54,242 INFO [http-nio-8080-exec-1] c.t.c.a.ServiceLogAspect [ServiceLogAspect.java:43] 用户[0:0:0:0:0:0:0:1],在[2021-10-04 10:27:54],访问了[cn.tjgzy.community.service.UserService.findUserById].
2021-10-04 10:27:54,268 INFO [http-nio-8080-exec-1] c.t.c.a.ServiceLogAspect [ServiceLogAspect.java:43] 用户[0:0:0:0:0:0:0:1],在[2021-10-04 10:27:54],访问了[cn.tjgzy.community.service.LikeService.findEntityLikeCount].
2021-10-04 10:27:54,293 INFO [http-nio-8080-exec-1] c.t.c.a.ServiceLogAspect [ServiceLogAspect.java:43] 用户[0:0:0:0:0:0:0:1],在[2021-10-04 10:27:54],访问了[cn.tjgzy.community.service.UserService.findUserById].
2021-10-04 10:27:54,318 INFO [http-nio-8080-exec-1] c.t.c.a.ServiceLogAspect [ServiceLogAspect.java:43] 用户[0:0:0:0:0:0:0:1],在[2021-10-04 10:27:54],访问了[cn.tjgzy.community.service.LikeService.findEntityLikeCount].
2021-10-04 10:27:54,344 INFO [http-nio-8080-exec-1] c.t.c.a.ServiceLogAspect [ServiceLogAspect.java:43] 用户[0:0:0:0:0:0:0:1],在[2021-10-04 10:27:54],访问了[cn.tjgzy.community.service.UserService.findUserById].
2021-10-04 10:27:54,368 INFO [http-nio-8080-exec-1] c.t.c.a.ServiceLogAspect [ServiceLogAspect.java:43] 用户[0:0:0:0:0:0:0:1],在[2021-10-04 10:27:54],访问了[cn.tjgzy.community.service.LikeService.findEntityLikeCount].
2021-10-04 10:27:54,394 INFO [http-nio-8080-exec-1] c.t.c.a.ServiceLogAspect [ServiceLogAspect.java:43] 用户[0:0:0:0:0:0:0:1],在[2021-10-04 10:27:54],访问了[cn.tjgzy.community.service.UserService.findUserById].
2021-10-04 10:27:54,418 INFO [http-nio-8080-exec-1] c.t.c.a.ServiceLogAspect [ServiceLogAspect.java:43] 用户[0:0:0:0:0:0:0:1],在[2021-10-04 10:27:54],访问了[cn.tjgzy.community.service.LikeService.findEntityLikeCount].
2021-10-04 10:27:57,093 INFO [http-nio-8080-exec-3] c.t.c.a.ServiceLogAspect [ServiceLogAspect.java:43] 用户[0:0:0:0:0:0:0:1],在[2021-10-04 10:27:57],访问了[cn.tjgzy.community.service.UserService.findLoginTicket].
2021-10-04 10:27:57,141 INFO [http-nio-8080-exec-3] c.t.c.a.ServiceLogAspect [ServiceLogAspect.java:43] 用户[0:0:0:0:0:0:0:1],在[2021-10-04 10:27:57],访问了[cn.tjgzy.community.service.UserService.findUserById].
2021-10-04 10:27:57,166 INFO [http-nio-8080-exec-3] c.t.c.a.ServiceLogAspect [ServiceLogAspect.java:43] 用户[0:0:0:0:0:0:0:1],在[2021-10-04 10:27:57],访问了[cn.tjgzy.community.service.UserService.findUserById].
2021-10-04 10:27:57,195 INFO [http-nio-8080-exec-3] c.t.c.a.ServiceLogAspect [ServiceLogAspect.java:43] 用户[0:0:0:0:0:0:0:1],在[2021-10-04 10:27:57],访问了[cn.tjgzy.community.service.LikeService.findUserLikeCount].
2021-10-04 10:27:57,223 INFO [http-nio-8080-exec-3] c.t.c.a.ServiceLogAspect [ServiceLogAspect.java:43] 用户[0:0:0:0:0:0:0:1],在[2021-10-04 10:27:57],访问了[cn.tjgzy.community.service.FollowService.findFolloweeCount].
2021-10-04 10:27:57,250 INFO [http-nio-8080-exec-3] c.t.c.a.ServiceLogAspect [ServiceLogAspect.java:43] 用户[0:0:0:0:0:0:0:1],在[2021-10-04 10:27:57],访问了[cn.tjgzy.community.service.FollowService.findFollowerCount].
2021-10-04 10:27:57,277 INFO [http-nio-8080-exec-3] c.t.c.a.ServiceLogAspect [ServiceLogAspect.java:43] 用户[0:0:0:0:0:0:0:1],在[2021-10-04 10:27:57],访问了[cn.tjgzy.community.service.FollowService.hasFollowed].
2021-10-04 10:27:58,379 INFO [http-nio-8080-exec-9] c.t.c.a.ServiceLogAspect [ServiceLogAspect.java:43] 用户[0:0:0:0:0:0:0:1],在[2021-10-04 10:27:58],访问了[cn.tjgzy.community.service.UserService.findLoginTicket].
2021-10-04 10:27:58,458 INFO [http-nio-8080-exec-9] c.t.c.a.ServiceLogAspect [ServiceLogAspect.java:43] 用户[0:0:0:0:0:0:0:1],在[2021-10-04 10:27:58],访问了[cn.tjgzy.community.service.UserService.findUserById].
2021-10-04 10:27:58,485 INFO [http-nio-8080-exec-9] c.t.c.a.ServiceLogAspect [ServiceLogAspect.java:43] 用户[0:0:0:0:0:0:0:1],在[2021-10-04 10:27:58],访问了[cn.tjgzy.community.service.FollowService.follow].
2021-10-04 10:28:02,369 INFO [http-nio-8080-exec-10] c.t.c.a.ServiceLogAspect [ServiceLogAspect.java:43] 用户[0:0:0:0:0:0:0:1],在[2021-10-04 10:28:02],访问了[cn.tjgzy.community.service.UserService.findLoginTicket].
2021-10-04 10:28:02,417 INFO [http-nio-8080-exec-10] c.t.c.a.ServiceLogAspect [ServiceLogAspect.java:43] 用户[0:0:0:0:0:0:0:1],在[2021-10-04 10:28:02],访问了[cn.tjgzy.community.service.UserService.findUserById].
2021-10-04 10:28:02,443 INFO [http-nio-8080-exec-10] c.t.c.a.ServiceLogAspect [ServiceLogAspect.java:43] 用户[0:0:0:0:0:0:0:1],在[2021-10-04 10:28:02],访问了[cn.tjgzy.community.service.UserService.findUserById].
2021-10-04 10:28:02,470 INFO [http-nio-8080-exec-10] c.t.c.a.ServiceLogAspect [ServiceLogAspect.java:43] 用户[0:0:0:0:0:0:0:1],在[2021-10-04 10:28:02],访问了[cn.tjgzy.community.service.LikeService.findUserLikeCount].
2021-10-04 10:28:02,499 INFO [http-nio-8080-exec-10] c.t.c.a.ServiceLogAspect [ServiceLogAspect.java:43] 用户[0:0:0:0:0:0:0:1],在[2021-10-04 10:28:02],访问了[cn.tjgzy.community.service.FollowService.findFolloweeCount].
2021-10-04 10:28:02,528 INFO [http-nio-8080-exec-10] c.t.c.a.ServiceLogAspect [ServiceLogAspect.java:43] 用户[0:0:0:0:0:0:0:1],在[2021-10-04 10:28:02],访问了[cn.tjgzy.community.service.FollowService.findFollowerCount].
2021-10-04 10:28:02,557 INFO [http-nio-8080-exec-10] c.t.c.a.ServiceLogAspect [ServiceLogAspect.java:43] 用户[0:0:0:0:0:0:0:1],在[2021-10-04 10:28:02],访问了[cn.tjgzy.community.service.FollowService.hasFollowed].
2021-10-04 10:28:03,781 INFO [http-nio-8080-exec-5] c.t.c.a.ServiceLogAspect [ServiceLogAspect.java:43] 用户[0:0:0:0:0:0:0:1],在[2021-10-04 10:28:03],访问了[cn.tjgzy.community.service.UserService.findLoginTicket].
2021-10-04 10:28:03,830 INFO [http-nio-8080-exec-5] c.t.c.a.ServiceLogAspect [ServiceLogAspect.java:43] 用户[0:0:0:0:0:0:0:1],在[2021-10-04 10:28:03],访问了[cn.tjgzy.community.service.UserService.findUserById].
2021-10-04 10:28:03,854 INFO [http-nio-8080-exec-5] c.t.c.a.ServiceLogAspect [ServiceLogAspect.java:43] 用户[0:0:0:0:0:0:0:1],在[2021-10-04 10:28:03],访问了[cn.tjgzy.community.service.UserService.findUserById].
2021-10-04 10:28:03,882 INFO [http-nio-8080-exec-5] c.t.c.a.ServiceLogAspect [ServiceLogAspect.java:43] 用户[0:0:0:0:0:0:0:1],在[2021-10-04 10:28:03],访问了[cn.tjgzy.community.service.LikeService.findUserLikeCount].
2021-10-04 10:28:03,911 INFO [http-nio-8080-exec-5] c.t.c.a.ServiceLogAspect [ServiceLogAspect.java:43] 用户[0:0:0:0:0:0:0:1],在[2021-10-04 10:28:03],访问了[cn.tjgzy.community.service.FollowService.findFolloweeCount].
2021-10-04 10:28:03,939 INFO [http-nio-8080-exec-5] c.t.c.a.ServiceLogAspect [ServiceLogAspect.java:43] 用户[0:0:0:0:0:0:0:1],在[2021-10-04 10:28:03],访问了[cn.tjgzy.community.service.FollowService.findFollowerCount].
2021-10-04 10:28:03,969 INFO [http-nio-8080-exec-5] c.t.c.a.ServiceLogAspect [ServiceLogAspect.java:43] 用户[0:0:0:0:0:0:0:1],在[2021-10-04 10:28:03],访问了[cn.tjgzy.community.service.FollowService.hasFollowed].
2021-10-04 10:28:04,298 INFO [http-nio-8080-exec-8] c.t.c.a.ServiceLogAspect [ServiceLogAspect.java:43] 用户[0:0:0:0:0:0:0:1],在[2021-10-04 10:28:04],访问了[cn.tjgzy.community.service.UserService.findLoginTicket].
2021-10-04 10:28:04,324 INFO [http-nio-8080-exec-8] c.t.c.a.ServiceLogAspect [ServiceLogAspect.java:43] 用户[0:0:0:0:0:0:0:1],在[2021-10-04 10:28:04],访问了[cn.tjgzy.community.service.UserService.findUserById].
2021-10-04 10:28:04,350 INFO [http-nio-8080-exec-8] c.t.c.a.ServiceLogAspect [ServiceLogAspect.java:43] 用户[0:0:0:0:0:0:0:1],在[2021-10-04 10:28:04],访问了[cn.tjgzy.community.service.UserService.findUserById].
2021-10-04 10:28:04,376 INFO [http-nio-8080-exec-8] c.t.c.a.ServiceLogAspect [ServiceLogAspect.java:43] 用户[0:0:0:0:0:0:0:1],在[2021-10-04 10:28:04],访问了[cn.tjgzy.community.service.LikeService.findUserLikeCount].
2021-10-04 10:28:04,402 INFO [http-nio-8080-exec-8] c.t.c.a.ServiceLogAspect [ServiceLogAspect.java:43] 用户[0:0:0:0:0:0:0:1],在[2021-10-04 10:28:04],访问了[cn.tjgzy.community.service.FollowService.findFolloweeCount].
2021-10-04 10:28:04,429 INFO [http-nio-8080-exec-8] c.t.c.a.ServiceLogAspect [ServiceLogAspect.java:43] 用户[0:0:0:0:0:0:0:1],在[2021-10-04 10:28:04],访问了[cn.tjgzy.community.service.FollowService.findFollowerCount].
2021-10-04 10:28:04,455 INFO [http-nio-8080-exec-8] c.t.c.a.ServiceLogAspect [ServiceLogAspect.java:43] 用户[0:0:0:0:0:0:0:1],在[2021-10-04 10:28:04],访问了[cn.tjgzy.community.service.FollowService.hasFollowed].
2021-10-04 10:28:04,903 INFO [http-nio-8080-exec-4] c.t.c.a.ServiceLogAspect [ServiceLogAspect.java:43] 用户[0:0:0:0:0:0:0:1],在[2021-10-04 10:28:04],访问了[cn.tjgzy.community.service.UserService.findLoginTicket].
2021-10-04 10:28:04,951 INFO [http-nio-8080-exec-4] c.t.c.a.ServiceLogAspect [ServiceLogAspect.java:43] 用户[0:0:0:0:0:0:0:1],在[2021-10-04 10:28:04],访问了[cn.tjgzy.community.service.UserService.findUserById].
2021-10-04 10:28:04,975 INFO [http-nio-8080-exec-4] c.t.c.a.ServiceLogAspect [ServiceLogAspect.java:43] 用户[0:0:0:0:0:0:0:1],在[2021-10-04 10:28:04],访问了[cn.tjgzy.community.service.UserService.findUserById].
2021-10-04 10:28:05,000 INFO [http-nio-8080-exec-4] c.t.c.a.ServiceLogAspect [ServiceLogAspect.java:43] 用户[0:0:0:0:0:0:0:1],在[2021-10-04 10:28:05],访问了[cn.tjgzy.community.service.LikeService.findUserLikeCount].
2021-10-04 10:28:05,026 INFO [http-nio-8080-exec-4] c.t.c.a.ServiceLogAspect [ServiceLogAspect.java:43] 用户[0:0:0:0:0:0:0:1],在[2021-10-04 10:28:05],访问了[cn.tjgzy.community.service.FollowService.findFolloweeCount].
2021-10-04 10:28:05,055 INFO [http-nio-8080-exec-4] c.t.c.a.ServiceLogAspect [ServiceLogAspect.java:43] 用户[0:0:0:0:0:0:0:1],在[2021-10-04 10:28:05],访问了[cn.tjgzy.community.service.FollowService.findFollowerCount].
2021-10-04 10:28:05,081 INFO [http-nio-8080-exec-4] c.t.c.a.ServiceLogAspect [ServiceLogAspect.java:43] 用户[0:0:0:0:0:0:0:1],在[2021-10-04 10:28:05],访问了[cn.tjgzy.community.service.FollowService.hasFollowed].
2021-10-04 10:30:35,114 INFO [http-nio-8080-exec-9] c.t.c.a.ServiceLogAspect [ServiceLogAspect.java:43] 用户[0:0:0:0:0:0:0:1],在[2021-10-04 10:30:35],访问了[cn.tjgzy.community.service.UserService.findLoginTicket].
2021-10-04 10:30:35,297 INFO [http-nio-8080-exec-9] c.t.c.a.ServiceLogAspect [ServiceLogAspect.java:43] 用户[0:0:0:0:0:0:0:1],在[2021-10-04 10:30:35],访问了[cn.tjgzy.community.service.UserService.findUserById].
2021-10-04 10:30:35,323 INFO [http-nio-8080-exec-9] c.t.c.a.ServiceLogAspect [ServiceLogAspect.java:43] 用户[0:0:0:0:0:0:0:1],在[2021-10-04 10:30:35],访问了[cn.tjgzy.community.service.UserService.findUserById].
2021-10-04 10:30:35,352 INFO [http-nio-8080-exec-9] c.t.c.a.ServiceLogAspect [ServiceLogAspect.java:43] 用户[0:0:0:0:0:0:0:1],在[2021-10-04 10:30:35],访问了[cn.tjgzy.community.service.LikeService.findUserLikeCount].
2021-10-04 10:30:35,385 INFO [http-nio-8080-exec-9] c.t.c.a.ServiceLogAspect [ServiceLogAspect.java:43] 用户[0:0:0:0:0:0:0:1],在[2021-10-04 10:30:35],访问了[cn.tjgzy.community.service.FollowService.findFolloweeCount].
2021-10-04 10:30:35,411 INFO [http-nio-8080-exec-9] c.t.c.a.ServiceLogAspect [ServiceLogAspect.java:43] 用户[0:0:0:0:0:0:0:1],在[2021-10-04 10:30:35],访问了[cn.tjgzy.community.service.FollowService.findFollowerCount].
2021-10-04 10:30:35,437 INFO [http-nio-8080-exec-9] c.t.c.a.ServiceLogAspect [ServiceLogAspect.java:43] 用户[0:0:0:0:0:0:0:1],在[2021-10-04 10:30:35],访问了[cn.tjgzy.community.service.FollowService.hasFollowed].
2021-10-04 10:30:36,156 INFO [http-nio-8080-exec-2] c.t.c.a.ServiceLogAspect [ServiceLogAspect.java:43] 用户[0:0:0:0:0:0:0:1],在[2021-10-04 10:30:36],访问了[cn.tjgzy.community.service.UserService.findLoginTicket].
2021-10-04 10:30:36,204 INFO [http-nio-8080-exec-2] c.t.c.a.ServiceLogAspect [ServiceLogAspect.java:43] 用户[0:0:0:0:0:0:0:1],在[2021-10-04 10:30:36],访问了[cn.tjgzy.community.service.UserService.findUserById].
2021-10-04 10:30:36,229 INFO [http-nio-8080-exec-2] c.t.c.a.ServiceLogAspect [ServiceLogAspect.java:43] 用户[0:0:0:0:0:0:0:1],在[2021-10-04 10:30:36],访问了[cn.tjgzy.community.service.UserService.findUserById].
2021-10-04 10:30:36,253 INFO [http-nio-8080-exec-2] c.t.c.a.ServiceLogAspect [ServiceLogAspect.java:43] 用户[0:0:0:0:0:0:0:1],在[2021-10-04 10:30:36],访问了[cn.tjgzy.community.service.LikeService.findUserLikeCount].
2021-10-04 10:30:36,279 INFO [http-nio-8080-exec-2] c.t.c.a.ServiceLogAspect [ServiceLogAspect.java:43] 用户[0:0:0:0:0:0:0:1],在[2021-10-04 10:30:36],访问了[cn.tjgzy.community.service.FollowService.findFolloweeCount].
2021-10-04 10:30:36,305 INFO [http-nio-8080-exec-2] c.t.c.a.ServiceLogAspect [ServiceLogAspect.java:43] 用户[0:0:0:0:0:0:0:1],在[2021-10-04 10:30:36],访问了[cn.tjgzy.community.service.FollowService.findFollowerCount].
2021-10-04 10:30:36,333 INFO [http-nio-8080-exec-2] c.t.c.a.ServiceLogAspect [ServiceLogAspect.java:43] 用户[0:0:0:0:0:0:0:1],在[2021-10-04 10:30:36],访问了[cn.tjgzy.community.service.FollowService.hasFollowed].
2021-10-04 10:30:37,377 INFO [http-nio-8080-exec-7] c.t.c.a.ServiceLogAspect [ServiceLogAspect.java:43] 用户[0:0:0:0:0:0:0:1],在[2021-10-04 10:30:37],访问了[cn.tjgzy.community.service.UserService.findLoginTicket].
2021-10-04 10:30:37,425 INFO [http-nio-8080-exec-7] c.t.c.a.ServiceLogAspect [ServiceLogAspect.java:43] 用户[0:0:0:0:0:0:0:1],在[2021-10-04 10:30:37],访问了[cn.tjgzy.community.service.UserService.findUserById].
2021-10-04 10:30:37,453 INFO [http-nio-8080-exec-7] c.t.c.a.ServiceLogAspect [ServiceLogAspect.java:43] 用户[0:0:0:0:0:0:0:1],在[2021-10-04 10:30:37],访问了[cn.tjgzy.community.service.FollowService.unfollow].
2021-10-04 10:30:38,814 INFO [http-nio-8080-exec-8] c.t.c.a.ServiceLogAspect [ServiceLogAspect.java:43] 用户[0:0:0:0:0:0:0:1],在[2021-10-04 10:30:38],访问了[cn.tjgzy.community.service.UserService.findLoginTicket].
2021-10-04 10:30:38,860 INFO [http-nio-8080-exec-8] c.t.c.a.ServiceLogAspect [ServiceLogAspect.java:43] 用户[0:0:0:0:0:0:0:1],在[2021-10-04 10:30:38],访问了[cn.tjgzy.community.service.UserService.findUserById].
2021-10-04 10:30:38,887 INFO [http-nio-8080-exec-8] c.t.c.a.ServiceLogAspect [ServiceLogAspect.java:43] 用户[0:0:0:0:0:0:0:1],在[2021-10-04 10:30:38],访问了[cn.tjgzy.community.service.UserService.findUserById].
2021-10-04 10:30:38,912 INFO [http-nio-8080-exec-8] c.t.c.a.ServiceLogAspect [ServiceLogAspect.java:43] 用户[0:0:0:0:0:0:0:1],在[2021-10-04 10:30:38],访问了[cn.tjgzy.community.service.LikeService.findUserLikeCount].
2021-10-04 10:30:38,938 INFO [http-nio-8080-exec-8] c.t.c.a.ServiceLogAspect [ServiceLogAspect.java:43] 用户[0:0:0:0:0:0:0:1],在[2021-10-04 10:30:38],访问了[cn.tjgzy.community.service.FollowService.findFolloweeCount].
2021-10-04 10:30:38,964 INFO [http-nio-8080-exec-8] c.t.c.a.ServiceLogAspect [ServiceLogAspect.java:43] 用户[0:0:0:0:0:0:0:1],在[2021-10-04 10:30:38],访问了[cn.tjgzy.community.service.FollowService.findFollowerCount].
2021-10-04 10:30:38,991 INFO [http-nio-8080-exec-8] c.t.c.a.ServiceLogAspect [ServiceLogAspect.java:43] 用户[0:0:0:0:0:0:0:1],在[2021-10-04 10:30:38],访问了[cn.tjgzy.community.service.FollowService.hasFollowed].
2021-10-04 10:30:39,808 INFO [http-nio-8080-exec-4] c.t.c.a.ServiceLogAspect [ServiceLogAspect.java:43] 用户[0:0:0:0:0:0:0:1],在[2021-10-04 10:30:39],访问了[cn.tjgzy.community.service.UserService.findLoginTicket].
2021-10-04 10:30:39,854 INFO [http-nio-8080-exec-4] c.t.c.a.ServiceLogAspect [ServiceLogAspect.java:43] 用户[0:0:0:0:0:0:0:1],在[2021-10-04 10:30:39],访问了[cn.tjgzy.community.service.UserService.findUserById].
2021-10-04 10:30:39,879 INFO [http-nio-8080-exec-4] c.t.c.a.ServiceLogAspect [ServiceLogAspect.java:43] 用户[0:0:0:0:0:0:0:1],在[2021-10-04 10:30:39],访问了[cn.tjgzy.community.service.UserService.findUserById].
2021-10-04 10:30:39,904 INFO [http-nio-8080-exec-4] c.t.c.a.ServiceLogAspect [ServiceLogAspect.java:43] 用户[0:0:0:0:0:0:0:1],在[2021-10-04 10:30:39],访问了[cn.tjgzy.community.service.LikeService.findUserLikeCount].
2021-10-04 10:30:39,932 INFO [http-nio-8080-exec-4] c.t.c.a.ServiceLogAspect [ServiceLogAspect.java:43] 用户[0:0:0:0:0:0:0:1],在[2021-10-04 10:30:39],访问了[cn.tjgzy.community.service.FollowService.findFolloweeCount].
2021-10-04 10:30:39,961 INFO [http-nio-8080-exec-4] c.t.c.a.ServiceLogAspect [ServiceLogAspect.java:43] 用户[0:0:0:0:0:0:0:1],在[2021-10-04 10:30:39],访问了[cn.tjgzy.community.service.FollowService.findFollowerCount].
2021-10-04 10:30:39,990 INFO [http-nio-8080-exec-4] c.t.c.a.ServiceLogAspect [ServiceLogAspect.java:43] 用户[0:0:0:0:0:0:0:1],在[2021-10-04 10:30:39],访问了[cn.tjgzy.community.service.FollowService.hasFollowed].
2021-10-04 10:31:06,842 INFO [http-nio-8080-exec-7] c.t.c.a.ServiceLogAspect [ServiceLogAspect.java:43] 用户[0:0:0:0:0:0:0:1],在[2021-10-04 10:31:06],访问了[cn.tjgzy.community.service.UserService.findLoginTicket].
2021-10-04 10:31:06,893 INFO [http-nio-8080-exec-7] c.t.c.a.ServiceLogAspect [ServiceLogAspect.java:43] 用户[0:0:0:0:0:0:0:1],在[2021-10-04 10:31:06],访问了[cn.tjgzy.community.service.UserService.findUserById].
2021-10-04 10:31:06,919 INFO [http-nio-8080-exec-7] c.t.c.a.ServiceLogAspect [ServiceLogAspect.java:43] 用户[0:0:0:0:0:0:0:1],在[2021-10-04 10:31:06],访问了[cn.tjgzy.community.service.FollowService.follow].
2021-10-04 10:31:33,331 INFO [http-nio-8080-exec-8] c.t.c.a.ServiceLogAspect [ServiceLogAspect.java:43] 用户[0:0:0:0:0:0:0:1],在[2021-10-04 10:31:33],访问了[cn.tjgzy.community.service.UserService.findLoginTicket].
2021-10-04 10:31:33,483 INFO [http-nio-8080-exec-8] c.t.c.a.ServiceLogAspect [ServiceLogAspect.java:43] 用户[0:0:0:0:0:0:0:1],在[2021-10-04 10:31:33],访问了[cn.tjgzy.community.service.UserService.findUserById].
2021-10-04 10:31:33,507 INFO [http-nio-8080-exec-8] c.t.c.a.ServiceLogAspect [ServiceLogAspect.java:43] 用户[0:0:0:0:0:0:0:1],在[2021-10-04 10:31:33],访问了[cn.tjgzy.community.service.UserService.findUserById].
2021-10-04 10:31:33,531 INFO [http-nio-8080-exec-8] c.t.c.a.ServiceLogAspect [ServiceLogAspect.java:43] 用户[0:0:0:0:0:0:0:1],在[2021-10-04 10:31:33],访问了[cn.tjgzy.community.service.LikeService.findUserLikeCount].
2021-10-04 10:31:33,561 INFO [http-nio-8080-exec-8] c.t.c.a.ServiceLogAspect [ServiceLogAspect.java:43] 用户[0:0:0:0:0:0:0:1],在[2021-10-04 10:31:33],访问了[cn.tjgzy.community.service.FollowService.findFolloweeCount].
2021-10-04 10:31:33,586 INFO [http-nio-8080-exec-8] c.t.c.a.ServiceLogAspect [ServiceLogAspect.java:43] 用户[0:0:0:0:0:0:0:1],在[2021-10-04 10:31:33],访问了[cn.tjgzy.community.service.FollowService.findFollowerCount].
2021-10-04 10:31:33,612 INFO [http-nio-8080-exec-8] c.t.c.a.ServiceLogAspect [ServiceLogAspect.java:43] 用户[0:0:0:0:0:0:0:1],在[2021-10-04 10:31:33],访问了[cn.tjgzy.community.service.FollowService.hasFollowed].
2021-10-04 10:31:35,940 INFO [http-nio-8080-exec-4] c.t.c.a.ServiceLogAspect [ServiceLogAspect.java:43] 用户[0:0:0:0:0:0:0:1],在[2021-10-04 10:31:35],访问了[cn.tjgzy.community.service.UserService.findLoginTicket].
2021-10-04 10:31:35,989 INFO [http-nio-8080-exec-4] c.t.c.a.ServiceLogAspect [ServiceLogAspect.java:43] 用户[0:0:0:0:0:0:0:1],在[2021-10-04 10:31:35],访问了[cn.tjgzy.community.service.UserService.findUserById].
2021-10-04 10:31:36,013 INFO [http-nio-8080-exec-4] c.t.c.a.ServiceLogAspect [ServiceLogAspect.java:43] 用户[0:0:0:0:0:0:0:1],在[2021-10-04 10:31:36],访问了[cn.tjgzy.community.service.FollowService.unfollow].
2021-10-04 10:31:36,166 INFO [http-nio-8080-exec-2] c.t.c.a.ServiceLogAspect [ServiceLogAspect.java:43] 用户[0:0:0:0:0:0:0:1],在[2021-10-04 10:31:36],访问了[cn.tjgzy.community.service.UserService.findLoginTicket].
2021-10-04 10:31:36,191 INFO [http-nio-8080-exec-2] c.t.c.a.ServiceLogAspect [ServiceLogAspect.java:43] 用户[0:0:0:0:0:0:0:1],在[2021-10-04 10:31:36],访问了[cn.tjgzy.community.service.UserService.findUserById].
2021-10-04 10:31:36,215 INFO [http-nio-8080-exec-2] c.t.c.a.ServiceLogAspect [ServiceLogAspect.java:43] 用户[0:0:0:0:0:0:0:1],在[2021-10-04 10:31:36],访问了[cn.tjgzy.community.service.UserService.findUserById].
2021-10-04 10:31:36,239 INFO [http-nio-8080-exec-2] c.t.c.a.ServiceLogAspect [ServiceLogAspect.java:43] 用户[0:0:0:0:0:0:0:1],在[2021-10-04 10:31:36],访问了[cn.tjgzy.community.service.LikeService.findUserLikeCount].
2021-10-04 10:31:36,266 INFO [http-nio-8080-exec-2] c.t.c.a.ServiceLogAspect [ServiceLogAspect.java:43] 用户[0:0:0:0:0:0:0:1],在[2021-10-04 10:31:36],访问了[cn.tjgzy.community.service.FollowService.findFolloweeCount].
2021-10-04 10:31:36,292 INFO [http-nio-8080-exec-2] c.t.c.a.ServiceLogAspect [ServiceLogAspect.java:43] 用户[0:0:0:0:0:0:0:1],在[2021-10-04 10:31:36],访问了[cn.tjgzy.community.service.FollowService.findFollowerCount].
2021-10-04 10:31:36,319 INFO [http-nio-8080-exec-2] c.t.c.a.ServiceLogAspect [ServiceLogAspect.java:43] 用户[0:0:0:0:0:0:0:1],在[2021-10-04 10:31:36],访问了[cn.tjgzy.community.service.FollowService.hasFollowed].
2021-10-04 10:31:37,867 INFO [http-nio-8080-exec-7] c.t.c.a.ServiceLogAspect [ServiceLogAspect.java:43] 用户[0:0:0:0:0:0:0:1],在[2021-10-04 10:31:37],访问了[cn.tjgzy.community.service.UserService.findLoginTicket].
2021-10-04 10:31:37,918 INFO [http-nio-8080-exec-7] c.t.c.a.ServiceLogAspect [ServiceLogAspect.java:43] 用户[0:0:0:0:0:0:0:1],在[2021-10-04 10:31:37],访问了[cn.tjgzy.community.service.UserService.findUserById].
2021-10-04 10:31:37,943 INFO [http-nio-8080-exec-7] c.t.c.a.ServiceLogAspect [ServiceLogAspect.java:43] 用户[0:0:0:0:0:0:0:1],在[2021-10-04 10:31:37],访问了[cn.tjgzy.community.service.FollowService.follow].
2021-10-04 10:31:38,094 INFO [http-nio-8080-exec-8] c.t.c.a.ServiceLogAspect [ServiceLogAspect.java:43] 用户[0:0:0:0:0:0:0:1],在[2021-10-04 10:31:38],访问了[cn.tjgzy.community.service.UserService.findLoginTicket].
2021-10-04 10:31:38,119 INFO [http-nio-8080-exec-8] c.t.c.a.ServiceLogAspect [ServiceLogAspect.java:43] 用户[0:0:0:0:0:0:0:1],在[2021-10-04 10:31:38],访问了[cn.tjgzy.community.service.UserService.findUserById].
2021-10-04 10:31:38,143 INFO [http-nio-8080-exec-8] c.t.c.a.ServiceLogAspect [ServiceLogAspect.java:43] 用户[0:0:0:0:0:0:0:1],在[2021-10-04 10:31:38],访问了[cn.tjgzy.community.service.UserService.findUserById].
2021-10-04 10:31:38,167 INFO [http-nio-8080-exec-8] c.t.c.a.ServiceLogAspect [ServiceLogAspect.java:43] 用户[0:0:0:0:0:0:0:1],在[2021-10-04 10:31:38],访问了[cn.tjgzy.community.service.LikeService.findUserLikeCount].
2021-10-04 10:31:38,194 INFO [http-nio-8080-exec-8] c.t.c.a.ServiceLogAspect [ServiceLogAspect.java:43] 用户[0:0:0:0:0:0:0:1],在[2021-10-04 10:31:38],访问了[cn.tjgzy.community.service.FollowService.findFolloweeCount].
2021-10-04 10:31:38,219 INFO [http-nio-8080-exec-8] c.t.c.a.ServiceLogAspect [ServiceLogAspect.java:43] 用户[0:0:0:0:0:0:0:1],在[2021-10-04 10:31:38],访问了[cn.tjgzy.community.service.FollowService.findFollowerCount].
2021-10-04 10:31:38,245 INFO [http-nio-8080-exec-8] c.t.c.a.ServiceLogAspect [ServiceLogAspect.java:43] 用户[0:0:0:0:0:0:0:1],在[2021-10-04 10:31:38],访问了[cn.tjgzy.community.service.FollowService.hasFollowed].
2021-10-04 11:45:17,540 INFO [restartedMain] c.t.c.CommunityApplication [StartupInfoLogger.java:55] Starting CommunityApplication using Java 1.8.0_261 on LAPTOP-2EJHU1V2 with PID 46292 (F:\Java\community\target\classes started by 龚哲毅 in F:\Java\community)
2021-10-04 11:45:17,543 INFO [restartedMain] c.t.c.CommunityApplication [SpringApplication.java:659] No active profile set, falling back to default profiles: default
2021-10-04 11:45:17,595 INFO [restartedMain] o.s.b.d.e.DevToolsPropertyDefaultsPostProcessor [DeferredLog.java:255] Devtools property defaults active! Set 'spring.devtools.add-properties' to 'false' to disable
2021-10-04 11:45:17,595 INFO [restartedMain] o.s.b.d.e.DevToolsPropertyDefaultsPostProcessor [DeferredLog.java:255] For additional web related logging consider setting the 'logging.level.web' property to 'DEBUG'
2021-10-04 11:45:18,241 INFO [restartedMain] o.s.d.r.c.RepositoryConfigurationDelegate [RepositoryConfigurationDelegate.java:262] Multiple Spring Data modules found, entering strict repository configuration mode!
2021-10-04 11:45:18,243 INFO [restartedMain] o.s.d.r.c.RepositoryConfigurationDelegate [RepositoryConfigurationDelegate.java:132] Bootstrapping Spring Data Redis repositories in DEFAULT mode.
2021-10-04 11:45:18,263 INFO [restartedMain] o.s.d.r.c.RepositoryConfigurationDelegate [RepositoryConfigurationDelegate.java:201] Finished Spring Data repository scanning in 9 ms. Found 0 Redis repository interfaces.
2021-10-04 11:45:18,840 INFO [restartedMain] o.s.b.w.e.t.TomcatWebServer [TomcatWebServer.java:108] Tomcat initialized with port(s): 8080 (http)
2021-10-04 11:45:18,846 INFO [restartedMain] o.a.c.h.Http11NioProtocol [DirectJDKLog.java:173] Initializing ProtocolHandler ["http-nio-8080"]
2021-10-04 11:45:18,847 INFO [restartedMain] o.a.c.c.StandardService [DirectJDKLog.java:173] Starting service [Tomcat]
2021-10-04 11:45:18,847 INFO [restartedMain] o.a.c.c.StandardEngine [DirectJDKLog.java:173] Starting Servlet engine: [Apache Tomcat/9.0.53]
2021-10-04 11:45:18,929 INFO [restartedMain] o.a.c.c.C.[.[.[/community] [DirectJDKLog.java:173] Initializing Spring embedded WebApplicationContext
2021-10-04 11:45:18,929 INFO [restartedMain] o.s.b.w.s.c.ServletWebServerApplicationContext [ServletWebServerApplicationContext.java:290] Root WebApplicationContext: initialization completed in 1333 ms
2021-10-04 11:45:19,696 INFO [restartedMain] o.s.b.a.w.s.WelcomePageHandlerMapping [WelcomePageHandlerMapping.java:57] Adding welcome page template: index
2021-10-04 11:45:19,943 INFO [restartedMain] o.s.b.d.a.OptionalLiveReloadServer [OptionalLiveReloadServer.java:58] LiveReload server is running on port 35729
2021-10-04 11:45:19,962 INFO [restartedMain] o.a.c.h.Http11NioProtocol [DirectJDKLog.java:173] Starting ProtocolHandler ["http-nio-8080"]
2021-10-04 11:45:19,976 INFO [restartedMain] o.s.b.w.e.t.TomcatWebServer [TomcatWebServer.java:220] Tomcat started on port(s): 8080 (http) with context path '/community'
2021-10-04 11:45:19,986 INFO [restartedMain] c.t.c.CommunityApplication [StartupInfoLogger.java:61] Started CommunityApplication in 2.982 seconds (JVM running for 3.973)
2021-10-04 11:45:48,268 INFO [http-nio-8080-exec-1] o.a.c.c.C.[.[.[/community] [DirectJDKLog.java:173] Initializing Spring DispatcherServlet 'dispatcherServlet'
2021-10-04 11:45:48,268 INFO [http-nio-8080-exec-1] o.s.w.s.DispatcherServlet [FrameworkServlet.java:525] Initializing Servlet 'dispatcherServlet'
2021-10-04 11:45:48,269 INFO [http-nio-8080-exec-1] o.s.w.s.DispatcherServlet [FrameworkServlet.java:547] Completed initialization in 1 ms
2021-10-04 11:45:48,281 INFO [http-nio-8080-exec-1] c.t.c.a.ServiceLogAspect [ServiceLogAspect.java:43] 用户[0:0:0:0:0:0:0:1],在[2021-10-04 11:45:48],访问了[cn.tjgzy.community.service.UserService.findLoginTicket].
2021-10-04 11:45:48,294 INFO [http-nio-8080-exec-1] c.z.h.HikariDataSource [HikariDataSource.java:110] HikariPool-1 - Starting...
2021-10-04 11:45:48,958 INFO [http-nio-8080-exec-1] c.z.h.HikariDataSource [HikariDataSource.java:123] HikariPool-1 - Start completed.
2021-10-04 11:45:49,008 INFO [http-nio-8080-exec-1] c.t.c.a.ServiceLogAspect [ServiceLogAspect.java:43] 用户[0:0:0:0:0:0:0:1],在[2021-10-04 11:45:49],访问了[cn.tjgzy.community.service.UserService.findUserById].
2021-10-04 11:45:49,046 INFO [http-nio-8080-exec-1] c.t.c.a.ServiceLogAspect [ServiceLogAspect.java:43] 用户[0:0:0:0:0:0:0:1],在[2021-10-04 11:45:49],访问了[cn.tjgzy.community.service.DiscussPostService.findDiscussPostRows].
2021-10-04 11:45:49,085 INFO [http-nio-8080-exec-1] c.t.c.a.ServiceLogAspect [ServiceLogAspect.java:43] 用户[0:0:0:0:0:0:0:1],在[2021-10-04 11:45:49],访问了[cn.tjgzy.community.service.DiscussPostService.findDiscussPosts].
2021-10-04 11:45:49,116 INFO [http-nio-8080-exec-1] c.t.c.a.ServiceLogAspect [ServiceLogAspect.java:43] 用户[0:0:0:0:0:0:0:1],在[2021-10-04 11:45:49],访问了[cn.tjgzy.community.service.UserService.findUserById].
2021-10-04 11:45:49,142 INFO [http-nio-8080-exec-1] c.t.c.a.ServiceLogAspect [ServiceLogAspect.java:43] 用户[0:0:0:0:0:0:0:1],在[2021-10-04 11:45:49],访问了[cn.tjgzy.community.service.LikeService.findEntityLikeCount].
2021-10-04 11:45:49,948 INFO [http-nio-8080-exec-1] c.t.c.a.ServiceLogAspect [ServiceLogAspect.java:43] 用户[0:0:0:0:0:0:0:1],在[2021-10-04 11:45:49],访问了[cn.tjgzy.community.service.UserService.findUserById].
2021-10-04 11:45:49,997 INFO [http-nio-8080-exec-1] c.t.c.a.ServiceLogAspect [ServiceLogAspect.java:43] 用户[0:0:0:0:0:0:0:1],在[2021-10-04 11:45:49],访问了[cn.tjgzy.community.service.LikeService.findEntityLikeCount].
2021-10-04 11:45:50,025 INFO [http-nio-8080-exec-1] c.t.c.a.ServiceLogAspect [ServiceLogAspect.java:43] 用户[0:0:0:0:0:0:0:1],在[2021-10-04 11:45:50],访问了[cn.tjgzy.community.service.UserService.findUserById].
2021-10-04 11:45:50,050 INFO [http-nio-8080-exec-1] c.t.c.a.ServiceLogAspect [ServiceLogAspect.java:43] 用户[0:0:0:0:0:0:0:1],在[2021-10-04 11:45:50],访问了[cn.tjgzy.community.service.LikeService.findEntityLikeCount].
2021-10-04 11:45:50,077 INFO [http-nio-8080-exec-1] c.t.c.a.ServiceLogAspect [ServiceLogAspect.java:43] 用户[0:0:0:0:0:0:0:1],在[2021-10-04 11:45:50],访问了[cn.tjgzy.community.service.UserService.findUserById].
2021-10-04 11:45:50,104 INFO [http-nio-8080-exec-1] c.t.c.a.ServiceLogAspect [ServiceLogAspect.java:43] 用户[0:0:0:0:0:0:0:1],在[2021-10-04 11:45:50],访问了[cn.tjgzy.community.service.LikeService.findEntityLikeCount].
2021-10-04 11:45:50,131 INFO [http-nio-8080-exec-1] c.t.c.a.ServiceLogAspect [ServiceLogAspect.java:43] 用户[0:0:0:0:0:0:0:1],在[2021-10-04 11:45:50],访问了[cn.tjgzy.community.service.UserService.findUserById].
2021-10-04 11:45:50,156 INFO [http-nio-8080-exec-1] c.t.c.a.ServiceLogAspect [ServiceLogAspect.java:43] 用户[0:0:0:0:0:0:0:1],在[2021-10-04 11:45:50],访问了[cn.tjgzy.community.service.LikeService.findEntityLikeCount].
2021-10-04 11:45:50,183 INFO [http-nio-8080-exec-1] c.t.c.a.ServiceLogAspect [ServiceLogAspect.java:43] 用户[0:0:0:0:0:0:0:1],在[2021-10-04 11:45:50],访问了[cn.tjgzy.community.service.UserService.findUserById].
2021-10-04 11:45:50,208 INFO [http-nio-8080-exec-1] c.t.c.a.ServiceLogAspect [ServiceLogAspect.java:43] 用户[0:0:0:0:0:0:0:1],在[2021-10-04 11:45:50],访问了[cn.tjgzy.community.service.LikeService.findEntityLikeCount].
2021-10-04 11:45:50,235 INFO [http-nio-8080-exec-1] c.t.c.a.ServiceLogAspect [ServiceLogAspect.java:43] 用户[0:0:0:0:0:0:0:1],在[2021-10-04 11:45:50],访问了[cn.tjgzy.community.service.UserService.findUserById].
2021-10-04 11:45:50,261 INFO [http-nio-8080-exec-1] c.t.c.a.ServiceLogAspect [ServiceLogAspect.java:43] 用户[0:0:0:0:0:0:0:1],在[2021-10-04 11:45:50],访问了[cn.tjgzy.community.service.LikeService.findEntityLikeCount].
2021-10-04 11:45:50,287 INFO [http-nio-8080-exec-1] c.t.c.a.ServiceLogAspect [ServiceLogAspect.java:43] 用户[0:0:0:0:0:0:0:1],在[2021-10-04 11:45:50],访问了[cn.tjgzy.community.service.UserService.findUserById].
2021-10-04 11:45:50,313 INFO [http-nio-8080-exec-1] c.t.c.a.ServiceLogAspect [ServiceLogAspect.java:43] 用户[0:0:0:0:0:0:0:1],在[2021-10-04 11:45:50],访问了[cn.tjgzy.community.service.LikeService.findEntityLikeCount].
2021-10-04 11:45:50,339 INFO [http-nio-8080-exec-1] c.t.c.a.ServiceLogAspect [ServiceLogAspect.java:43] 用户[0:0:0:0:0:0:0:1],在[2021-10-04 11:45:50],访问了[cn.tjgzy.community.service.UserService.findUserById].
2021-10-04 11:45:50,365 INFO [http-nio-8080-exec-1] c.t.c.a.ServiceLogAspect [ServiceLogAspect.java:43] 用户[0:0:0:0:0:0:0:1],在[2021-10-04 11:45:50],访问了[cn.tjgzy.community.service.LikeService.findEntityLikeCount].
2021-10-04 11:45:50,391 INFO [http-nio-8080-exec-1] c.t.c.a.ServiceLogAspect [ServiceLogAspect.java:43] 用户[0:0:0:0:0:0:0:1],在[2021-10-04 11:45:50],访问了[cn.tjgzy.community.service.UserService.findUserById].
2021-10-04 11:45:50,416 INFO [http-nio-8080-exec-1] c.t.c.a.ServiceLogAspect [ServiceLogAspect.java:43] 用户[0:0:0:0:0:0:0:1],在[2021-10-04 11:45:50],访问了[cn.tjgzy.community.service.LikeService.findEntityLikeCount].
2021-10-04 11:45:53,730 INFO [http-nio-8080-exec-8] c.t.c.a.ServiceLogAspect [ServiceLogAspect.java:43] 用户[0:0:0:0:0:0:0:1],在[2021-10-04 11:45:53],访问了[cn.tjgzy.community.service.UserService.findLoginTicket].
2021-10-04 11:45:53,782 INFO [http-nio-8080-exec-8] c.t.c.a.ServiceLogAspect [ServiceLogAspect.java:43] 用户[0:0:0:0:0:0:0:1],在[2021-10-04 11:45:53],访问了[cn.tjgzy.community.service.UserService.findUserById].
2021-10-04 11:45:53,811 INFO [http-nio-8080-exec-8] c.t.c.a.ServiceLogAspect [ServiceLogAspect.java:43] 用户[0:0:0:0:0:0:0:1],在[2021-10-04 11:45:53],访问了[cn.tjgzy.community.service.UserService.findUserById].
2021-10-04 11:45:53,838 INFO [http-nio-8080-exec-8] c.t.c.a.ServiceLogAspect [ServiceLogAspect.java:43] 用户[0:0:0:0:0:0:0:1],在[2021-10-04 11:45:53],访问了[cn.tjgzy.community.service.LikeService.findUserLikeCount].
2021-10-04 11:45:53,870 INFO [http-nio-8080-exec-8] c.t.c.a.ServiceLogAspect [ServiceLogAspect.java:43] 用户[0:0:0:0:0:0:0:1],在[2021-10-04 11:45:53],访问了[cn.tjgzy.community.service.FollowService.findFolloweeCount].
2021-10-04 11:45:53,900 INFO [http-nio-8080-exec-8] c.t.c.a.ServiceLogAspect [ServiceLogAspect.java:43] 用户[0:0:0:0:0:0:0:1],在[2021-10-04 11:45:53],访问了[cn.tjgzy.community.service.FollowService.findFollowerCount].
2021-10-04 11:45:53,927 INFO [http-nio-8080-exec-8] c.t.c.a.ServiceLogAspect [ServiceLogAspect.java:43] 用户[0:0:0:0:0:0:0:1],在[2021-10-04 11:45:53],访问了[cn.tjgzy.community.service.FollowService.hasFollowed].
2021-10-04 11:45:56,542 INFO [http-nio-8080-exec-3] c.t.c.a.ServiceLogAspect [ServiceLogAspect.java:43] 用户[0:0:0:0:0:0:0:1],在[2021-10-04 11:45:56],访问了[cn.tjgzy.community.service.UserService.findLoginTicket].
2021-10-04 11:45:56,591 INFO [http-nio-8080-exec-3] c.t.c.a.ServiceLogAspect [ServiceLogAspect.java:43] 用户[0:0:0:0:0:0:0:1],在[2021-10-04 11:45:56],访问了[cn.tjgzy.community.service.UserService.findUserById].
2021-10-04 11:45:56,618 INFO [http-nio-8080-exec-3] c.t.c.a.ServiceLogAspect [ServiceLogAspect.java:43] 用户[0:0:0:0:0:0:0:1],在[2021-10-04 11:45:56],访问了[cn.tjgzy.community.service.DiscussPostService.findDiscussPostRows].
2021-10-04 11:45:56,643 INFO [http-nio-8080-exec-3] c.t.c.a.ServiceLogAspect [ServiceLogAspect.java:43] 用户[0:0:0:0:0:0:0:1],在[2021-10-04 11:45:56],访问了[cn.tjgzy.community.service.DiscussPostService.findDiscussPosts].
2021-10-04 11:45:56,673 INFO [http-nio-8080-exec-3] c.t.c.a.ServiceLogAspect [ServiceLogAspect.java:43] 用户[0:0:0:0:0:0:0:1],在[2021-10-04 11:45:56],访问了[cn.tjgzy.community.service.UserService.findUserById].
2021-10-04 11:45:56,698 INFO [http-nio-8080-exec-3] c.t.c.a.ServiceLogAspect [ServiceLogAspect.java:43] 用户[0:0:0:0:0:0:0:1],在[2021-10-04 11:45:56],访问了[cn.tjgzy.community.service.LikeService.findEntityLikeCount].
2021-10-04 11:45:56,724 INFO [http-nio-8080-exec-3] c.t.c.a.ServiceLogAspect [ServiceLogAspect.java:43] 用户[0:0:0:0:0:0:0:1],在[2021-10-04 11:45:56],访问了[cn.tjgzy.community.service.UserService.findUserById].
2021-10-04 11:45:56,751 INFO [http-nio-8080-exec-3] c.t.c.a.ServiceLogAspect [ServiceLogAspect.java:43] 用户[0:0:0:0:0:0:0:1],在[2021-10-04 11:45:56],访问了[cn.tjgzy.community.service.LikeService.findEntityLikeCount].
2021-10-04 11:45:56,787 INFO [http-nio-8080-exec-3] c.t.c.a.ServiceLogAspect [ServiceLogAspect.java:43] 用户[0:0:0:0:0:0:0:1],在[2021-10-04 11:45:56],访问了[cn.tjgzy.community.service.UserService.findUserById].
2021-10-04 11:45:56,812 INFO [http-nio-8080-exec-3] c.t.c.a.ServiceLogAspect [ServiceLogAspect.java:43] 用户[0:0:0:0:0:0:0:1],在[2021-10-04 11:45:56],访问了[cn.tjgzy.community.service.LikeService.findEntityLikeCount].
2021-10-04 11:45:56,839 INFO [http-nio-8080-exec-3] c.t.c.a.ServiceLogAspect [ServiceLogAspect.java:43] 用户[0:0:0:0:0:0:0:1],在[2021-10-04 11:45:56],访问了[cn.tjgzy.community.service.UserService.findUserById].
2021-10-04 11:45:56,866 INFO [http-nio-8080-exec-3] c.t.c.a.ServiceLogAspect [ServiceLogAspect.java:43] 用户[0:0:0:0:0:0:0:1],在[2021-10-04 11:45:56],访问了[cn.tjgzy.community.service.LikeService.findEntityLikeCount].
2021-10-04 11:45:56,892 INFO [http-nio-8080-exec-3] c.t.c.a.ServiceLogAspect [ServiceLogAspect.java:43] 用户[0:0:0:0:0:0:0:1],在[2021-10-04 11:45:56],访问了[cn.tjgzy.community.service.UserService.findUserById].
2021-10-04 11:45:56,918 INFO [http-nio-8080-exec-3] c.t.c.a.ServiceLogAspect [ServiceLogAspect.java:43] 用户[0:0:0:0:0:0:0:1],在[2021-10-04 11:45:56],访问了[cn.tjgzy.community.service.LikeService.findEntityLikeCount].
2021-10-04 11:45:56,944 INFO [http-nio-8080-exec-3] c.t.c.a.ServiceLogAspect [ServiceLogAspect.java:43] 用户[0:0:0:0:0:0:0:1],在[2021-10-04 11:45:56],访问了[cn.tjgzy.community.service.UserService.findUserById].
2021-10-04 11:45:56,969 INFO [http-nio-8080-exec-3] c.t.c.a.ServiceLogAspect [ServiceLogAspect.java:43] 用户[0:0:0:0:0:0:0:1],在[2021-10-04 11:45:56],访问了[cn.tjgzy.community.service.LikeService.findEntityLikeCount].
2021-10-04 11:45:56,996 INFO [http-nio-8080-exec-3] c.t.c.a.ServiceLogAspect [ServiceLogAspect.java:43] 用户[0:0:0:0:0:0:0:1],在[2021-10-04 11:45:56],访问了[cn.tjgzy.community.service.UserService.findUserById].
2021-10-04 11:45:57,021 INFO [http-nio-8080-exec-3] c.t.c.a.ServiceLogAspect [ServiceLogAspect.java:43] 用户[0:0:0:0:0:0:0:1],在[2021-10-04 11:45:57],访问了[cn.tjgzy.community.service.LikeService.findEntityLikeCount].
2021-10-04 11:45:57,048 INFO [http-nio-8080-exec-3] c.t.c.a.ServiceLogAspect [ServiceLogAspect.java:43] 用户[0:0:0:0:0:0:0:1],在[2021-10-04 11:45:57],访问了[cn.tjgzy.community.service.UserService.findUserById].
2021-10-04 11:45:57,073 INFO [http-nio-8080-exec-3] c.t.c.a.ServiceLogAspect [ServiceLogAspect.java:43] 用户[0:0:0:0:0:0:0:1],在[2021-10-04 11:45:57],访问了[cn.tjgzy.community.service.LikeService.findEntityLikeCount].
2021-10-04 11:45:57,099 INFO [http-nio-8080-exec-3] c.t.c.a.ServiceLogAspect [ServiceLogAspect.java:43] 用户[0:0:0:0:0:0:0:1],在[2021-10-04 11:45:57],访问了[cn.tjgzy.community.service.UserService.findUserById].
2021-10-04 11:45:57,124 INFO [http-nio-8080-exec-3] c.t.c.a.ServiceLogAspect [ServiceLogAspect.java:43] 用户[0:0:0:0:0:0:0:1],在[2021-10-04 11:45:57],访问了[cn.tjgzy.community.service.LikeService.findEntityLikeCount].
2021-10-04 11:45:57,151 INFO [http-nio-8080-exec-3] c.t.c.a.ServiceLogAspect [ServiceLogAspect.java:43] 用户[0:0:0:0:0:0:0:1],在[2021-10-04 11:45:57],访问了[cn.tjgzy.community.service.UserService.findUserById].
2021-10-04 11:45:57,176 INFO [http-nio-8080-exec-3] c.t.c.a.ServiceLogAspect [ServiceLogAspect.java:43] 用户[0:0:0:0:0:0:0:1],在[2021-10-04 11:45:57],访问了[cn.tjgzy.community.service.LikeService.findEntityLikeCount].
2021-10-04 11:45:58,278 INFO [http-nio-8080-exec-6] c.t.c.a.ServiceLogAspect [ServiceLogAspect.java:43] 用户[0:0:0:0:0:0:0:1],在[2021-10-04 11:45:58],访问了[cn.tjgzy.community.service.UserService.findLoginTicket].
2021-10-04 11:45:58,328 INFO [http-nio-8080-exec-6] c.t.c.a.ServiceLogAspect [ServiceLogAspect.java:43] 用户[0:0:0:0:0:0:0:1],在[2021-10-04 11:45:58],访问了[cn.tjgzy.community.service.UserService.findUserById].
2021-10-04 11:45:58,354 INFO [http-nio-8080-exec-6] c.t.c.a.ServiceLogAspect [ServiceLogAspect.java:43] 用户[0:0:0:0:0:0:0:1],在[2021-10-04 11:45:58],访问了[cn.tjgzy.community.service.UserService.findUserById].
2021-10-04 11:45:58,379 INFO [http-nio-8080-exec-6] c.t.c.a.ServiceLogAspect [ServiceLogAspect.java:43] 用户[0:0:0:0:0:0:0:1],在[2021-10-04 11:45:58],访问了[cn.tjgzy.community.service.LikeService.findUserLikeCount].
2021-10-04 11:45:58,406 INFO [http-nio-8080-exec-6] c.t.c.a.ServiceLogAspect [ServiceLogAspect.java:43] 用户[0:0:0:0:0:0:0:1],在[2021-10-04 11:45:58],访问了[cn.tjgzy.community.service.FollowService.findFolloweeCount].
2021-10-04 11:45:58,432 INFO [http-nio-8080-exec-6] c.t.c.a.ServiceLogAspect [ServiceLogAspect.java:43] 用户[0:0:0:0:0:0:0:1],在[2021-10-04 11:45:58],访问了[cn.tjgzy.community.service.FollowService.findFollowerCount].
2021-10-04 11:45:58,458 INFO [http-nio-8080-exec-6] c.t.c.a.ServiceLogAspect [ServiceLogAspect.java:43] 用户[0:0:0:0:0:0:0:1],在[2021-10-04 11:45:58],访问了[cn.tjgzy.community.service.FollowService.hasFollowed].
2021-10-04 11:46:00,009 INFO [http-nio-8080-exec-10] c.t.c.a.ServiceLogAspect [ServiceLogAspect.java:43] 用户[0:0:0:0:0:0:0:1],在[2021-10-04 11:46:00],访问了[cn.tjgzy.community.service.UserService.findLoginTicket].
2021-10-04 11:46:00,058 INFO [http-nio-8080-exec-10] c.t.c.a.ServiceLogAspect [ServiceLogAspect.java:43] 用户[0:0:0:0:0:0:0:1],在[2021-10-04 11:46:00],访问了[cn.tjgzy.community.service.UserService.findUserById].
2021-10-04 11:46:00,085 INFO [http-nio-8080-exec-10] c.t.c.a.ServiceLogAspect [ServiceLogAspect.java:43] 用户[0:0:0:0:0:0:0:1],在[2021-10-04 11:46:00],访问了[cn.tjgzy.community.service.FollowService.follow].
2021-10-04 11:46:00,410 INFO [http-nio-8080-exec-1] c.t.c.a.ServiceLogAspect [ServiceLogAspect.java:43] 用户[0:0:0:0:0:0:0:1],在[2021-10-04 11:46:00],访问了[cn.tjgzy.community.service.UserService.findLoginTicket].
2021-10-04 11:46:00,435 INFO [http-nio-8080-exec-1] c.t.c.a.ServiceLogAspect [ServiceLogAspect.java:43] 用户[0:0:0:0:0:0:0:1],在[2021-10-04 11:46:00],访问了[cn.tjgzy.community.service.UserService.findUserById].
2021-10-04 11:46:00,461 INFO [http-nio-8080-exec-1] c.t.c.a.ServiceLogAspect [ServiceLogAspect.java:43] 用户[0:0:0:0:0:0:0:1],在[2021-10-04 11:46:00],访问了[cn.tjgzy.community.service.UserService.findUserById].
2021-10-04 11:46:00,486 INFO [http-nio-8080-exec-1] c.t.c.a.ServiceLogAspect [ServiceLogAspect.java:43] 用户[0:0:0:0:0:0:0:1],在[2021-10-04 11:46:00],访问了[cn.tjgzy.community.service.LikeService.findUserLikeCount].
2021-10-04 11:46:00,512 INFO [http-nio-8080-exec-1] c.t.c.a.ServiceLogAspect [ServiceLogAspect.java:43] 用户[0:0:0:0:0:0:0:1],在[2021-10-04 11:46:00],访问了[cn.tjgzy.community.service.FollowService.findFolloweeCount].
2021-10-04 11:46:00,539 INFO [http-nio-8080-exec-1] c.t.c.a.ServiceLogAspect [ServiceLogAspect.java:43] 用户[0:0:0:0:0:0:0:1],在[2021-10-04 11:46:00],访问了[cn.tjgzy.community.service.FollowService.findFollowerCount].
2021-10-04 11:46:00,565 INFO [http-nio-8080-exec-1] c.t.c.a.ServiceLogAspect [ServiceLogAspect.java:43] 用户[0:0:0:0:0:0:0:1],在[2021-10-04 11:46:00],访问了[cn.tjgzy.community.service.FollowService.hasFollowed].
2021-10-04 11:46:02,001 INFO [http-nio-8080-exec-5] c.t.c.a.ServiceLogAspect [ServiceLogAspect.java:43] 用户[0:0:0:0:0:0:0:1],在[2021-10-04 11:46:02],访问了[cn.tjgzy.community.service.UserService.findLoginTicket].
2021-10-04 11:46:02,057 INFO [http-nio-8080-exec-5] c.t.c.a.ServiceLogAspect [ServiceLogAspect.java:43] 用户[0:0:0:0:0:0:0:1],在[2021-10-04 11:46:02],访问了[cn.tjgzy.community.service.UserService.findUserById].
2021-10-04 11:46:02,085 INFO [http-nio-8080-exec-5] c.t.c.a.ServiceLogAspect [ServiceLogAspect.java:43] 用户[0:0:0:0:0:0:0:1],在[2021-10-04 11:46:02],访问了[cn.tjgzy.community.service.UserService.findUserById].
2021-10-04 11:46:02,110 INFO [http-nio-8080-exec-5] c.t.c.a.ServiceLogAspect [ServiceLogAspect.java:43] 用户[0:0:0:0:0:0:0:1],在[2021-10-04 11:46:02],访问了[cn.tjgzy.community.service.FollowService.findFollowerCount].
2021-10-04 11:46:02,137 INFO [http-nio-8080-exec-5] c.t.c.a.ServiceLogAspect [ServiceLogAspect.java:43] 用户[0:0:0:0:0:0:0:1],在[2021-10-04 11:46:02],访问了[cn.tjgzy.community.service.FollowService.findFollowers].
2021-10-04 11:46:02,187 INFO [http-nio-8080-exec-5] c.t.c.a.ServiceLogAspect [ServiceLogAspect.java:43] 用户[0:0:0:0:0:0:0:1],在[2021-10-04 11:46:02],访问了[cn.tjgzy.community.service.UserService.findUserById].
2021-10-04 11:46:02,238 INFO [http-nio-8080-exec-5] c.t.c.a.ServiceLogAspect [ServiceLogAspect.java:43] 用户[0:0:0:0:0:0:0:1],在[2021-10-04 11:46:02],访问了[cn.tjgzy.community.service.FollowService.hasFollowed].
2021-10-04 11:46:04,222 INFO [http-nio-8080-exec-9] c.t.c.a.ServiceLogAspect [ServiceLogAspect.java:43] 用户[0:0:0:0:0:0:0:1],在[2021-10-04 11:46:04],访问了[cn.tjgzy.community.service.UserService.findLoginTicket].
2021-10-04 11:46:04,271 INFO [http-nio-8080-exec-9] c.t.c.a.ServiceLogAspect [ServiceLogAspect.java:43] 用户[0:0:0:0:0:0:0:1],在[2021-10-04 11:46:04],访问了[cn.tjgzy.community.service.UserService.findUserById].
2021-10-04 11:46:04,298 INFO [http-nio-8080-exec-9] c.t.c.a.ServiceLogAspect [ServiceLogAspect.java:43] 用户[0:0:0:0:0:0:0:1],在[2021-10-04 11:46:04],访问了[cn.tjgzy.community.service.UserService.findUserById].
2021-10-04 11:46:04,323 INFO [http-nio-8080-exec-9] c.t.c.a.ServiceLogAspect [ServiceLogAspect.java:43] 用户[0:0:0:0:0:0:0:1],在[2021-10-04 11:46:04],访问了[cn.tjgzy.community.service.FollowService.findFolloweeCount].
2021-10-04 11:46:04,349 INFO [http-nio-8080-exec-9] c.t.c.a.ServiceLogAspect [ServiceLogAspect.java:43] 用户[0:0:0:0:0:0:0:1],在[2021-10-04 11:46:04],访问了[cn.tjgzy.community.service.FollowService.findFollowees].
