2021-10-04 11:47:22,861 ERROR [http-nio-8080-exec-10] c.t.c.c.a.ExceptionAdvice [ExceptionAdvice.java:26] 服务器发生异常Failed to convert value of type 'java.lang.String' to required type 'int'; nested exception is java.lang.NumberFormatException: For input string: "my-post.html"
2021-10-04 11:47:22,863 ERROR [http-nio-8080-exec-10] c.t.c.c.a.ExceptionAdvice [ExceptionAdvice.java:28] org.springframework.web.method.annotation.AbstractNamedValueMethodArgumentResolver.resolveArgument(AbstractNamedValueMethodArgumentResolver.java:133)
2021-10-04 11:47:22,863 ERROR [http-nio-8080-exec-10] c.t.c.c.a.ExceptionAdvice [ExceptionAdvice.java:28] org.springframework.web.method.support.HandlerMethodArgumentResolverComposite.resolveArgument(HandlerMethodArgumentResolverComposite.java:121)
2021-10-04 11:47:22,863 ERROR [http-nio-8080-exec-10] c.t.c.c.a.ExceptionAdvice [ExceptionAdvice.java:28] org.springframework.web.method.support.InvocableHandlerMethod.getMethodArgumentValues(InvocableHandlerMethod.java:179)
2021-10-04 11:47:22,864 ERROR [http-nio-8080-exec-10] c.t.c.c.a.ExceptionAdvice [ExceptionAdvice.java:28] org.springframework.web.method.support.InvocableHandlerMethod.invokeForRequest(InvocableHandlerMethod.java:146)
2021-10-04 11:47:22,864 ERROR [http-nio-8080-exec-10] c.t.c.c.a.ExceptionAdvice [ExceptionAdvice.java:28] org.springframework.web.servlet.mvc.method.annotation.ServletInvocableHandlerMethod.invokeAndHandle(ServletInvocableHandlerMethod.java:117)
2021-10-04 11:47:22,864 ERROR [http-nio-8080-exec-10] c.t.c.c.a.ExceptionAdvice [ExceptionAdvice.java:28] org.springframework.web.servlet.mvc.method.annotation.RequestMappingHandlerAdapter.invokeHandlerMethod(RequestMappingHandlerAdapter.java:895)
2021-10-04 11:47:22,864 ERROR [http-nio-8080-exec-10] c.t.c.c.a.ExceptionAdvice [ExceptionAdvice.java:28] org.springframework.web.servlet.mvc.method.annotation.RequestMappingHandlerAdapter.handleInternal(RequestMappingHandlerAdapter.java:808)
2021-10-04 11:47:22,864 ERROR [http-nio-8080-exec-10] c.t.c.c.a.ExceptionAdvice [ExceptionAdvice.java:28] org.springframework.web.servlet.mvc.method.AbstractHandlerMethodAdapter.handle(AbstractHandlerMethodAdapter.java:87)
2021-10-04 11:47:22,864 ERROR [http-nio-8080-exec-10] c.t.c.c.a.ExceptionAdvice [ExceptionAdvice.java:28] org.springframework.web.servlet.DispatcherServlet.doDispatch(DispatcherServlet.java:1067)
2021-10-04 11:47:22,864 ERROR [http-nio-8080-exec-10] c.t.c.c.a.ExceptionAdvice [ExceptionAdvice.java:28] org.springframework.web.servlet.DispatcherServlet.doService(DispatcherServlet.java:963)
2021-10-04 11:47:22,864 ERROR [http-nio-8080-exec-10] c.t.c.c.a.ExceptionAdvice [ExceptionAdvice.java:28] org.springframework.web.servlet.FrameworkServlet.processRequest(FrameworkServlet.java:1006)
2021-10-04 11:47:22,865 ERROR [http-nio-8080-exec-10] c.t.c.c.a.ExceptionAdvice [ExceptionAdvice.java:28] org.springframework.web.servlet.FrameworkServlet.doGet(FrameworkServlet.java:898)
2021-10-04 11:47:22,865 ERROR [http-nio-8080-exec-10] c.t.c.c.a.ExceptionAdvice [ExceptionAdvice.java:28] javax.servlet.http.HttpServlet.service(HttpServlet.java:645)
2021-10-04 11:47:22,865 ERROR [http-nio-8080-exec-10] c.t.c.c.a.ExceptionAdvice [ExceptionAdvice.java:28] org.springframework.web.servlet.FrameworkServlet.service(FrameworkServlet.java:883)
2021-10-04 11:47:22,865 ERROR [http-nio-8080-exec-10] c.t.c.c.a.ExceptionAdvice [ExceptionAdvice.java:28] javax.servlet.http.HttpServlet.service(HttpServlet.java:750)
2021-10-04 11:47:22,865 ERROR [http-nio-8080-exec-10] c.t.c.c.a.ExceptionAdvice [ExceptionAdvice.java:28] org.apache.catalina.core.ApplicationFilterChain.internalDoFilter(ApplicationFilterChain.java:227)
2021-10-04 11:47:22,865 ERROR [http-nio-8080-exec-10] c.t.c.c.a.ExceptionAdvice [ExceptionAdvice.java:28] org.apache.catalina.core.ApplicationFilterChain.doFilter(ApplicationFilterChain.java:162)
2021-10-04 11:47:22,865 ERROR [http-nio-8080-exec-10] c.t.c.c.a.ExceptionAdvice [ExceptionAdvice.java:28] org.apache.tomcat.websocket.server.WsFilter.doFilter(WsFilter.java:53)
2021-10-04 11:47:22,865 ERROR [http-nio-8080-exec-10] c.t.c.c.a.ExceptionAdvice [ExceptionAdvice.java:28] org.apache.catalina.core.ApplicationFilterChain.internalDoFilter(ApplicationFilterChain.java:189)
2021-10-04 11:47:22,866 ERROR [http-nio-8080-exec-10] c.t.c.c.a.ExceptionAdvice [ExceptionAdvice.java:28] org.apache.catalina.core.ApplicationFilterChain.doFilter(ApplicationFilterChain.java:162)
2021-10-04 11:47:22,866 ERROR [http-nio-8080-exec-10] c.t.c.c.a.ExceptionAdvice [ExceptionAdvice.java:28] org.springframework.web.filter.RequestContextFilter.doFilterInternal(RequestContextFilter.java:100)
2021-10-04 11:47:22,866 ERROR [http-nio-8080-exec-10] c.t.c.c.a.ExceptionAdvice [ExceptionAdvice.java:28] org.springframework.web.filter.OncePerRequestFilter.doFilter(OncePerRequestFilter.java:119)
2021-10-04 11:47:22,866 ERROR [http-nio-8080-exec-10] c.t.c.c.a.ExceptionAdvice [ExceptionAdvice.java:28] org.apache.catalina.core.ApplicationFilterChain.internalDoFilter(ApplicationFilterChain.java:189)
2021-10-04 11:47:22,866 ERROR [http-nio-8080-exec-10] c.t.c.c.a.ExceptionAdvice [ExceptionAdvice.java:28] org.apache.catalina.core.ApplicationFilterChain.doFilter(ApplicationFilterChain.java:162)
2021-10-04 11:47:22,866 ERROR [http-nio-8080-exec-10] c.t.c.c.a.ExceptionAdvice [ExceptionAdvice.java:28] org.springframework.web.filter.FormContentFilter.doFilterInternal(FormContentFilter.java:93)
2021-10-04 11:47:22,866 ERROR [http-nio-8080-exec-10] c.t.c.c.a.ExceptionAdvice [ExceptionAdvice.java:28] org.springframework.web.filter.OncePerRequestFilter.doFilter(OncePerRequestFilter.java:119)
2021-10-04 11:47:22,866 ERROR [http-nio-8080-exec-10] c.t.c.c.a.ExceptionAdvice [ExceptionAdvice.java:28] org.apache.catalina.core.ApplicationFilterChain.internalDoFilter(ApplicationFilterChain.java:189)
2021-10-04 11:47:22,866 ERROR [http-nio-8080-exec-10] c.t.c.c.a.ExceptionAdvice [ExceptionAdvice.java:28] org.apache.catalina.core.ApplicationFilterChain.doFilter(ApplicationFilterChain.java:162)
2021-10-04 11:47:22,866 ERROR [http-nio-8080-exec-10] c.t.c.c.a.ExceptionAdvice [ExceptionAdvice.java:28] org.springframework.web.filter.CharacterEncodingFilter.doFilterInternal(CharacterEncodingFilter.java:201)
2021-10-04 11:47:22,867 ERROR [http-nio-8080-exec-10] c.t.c.c.a.ExceptionAdvice [ExceptionAdvice.java:28] org.springframework.web.filter.OncePerRequestFilter.doFilter(OncePerRequestFilter.java:119)
2021-10-04 11:47:22,867 ERROR [http-nio-8080-exec-10] c.t.c.c.a.ExceptionAdvice [ExceptionAdvice.java:28] org.apache.catalina.core.ApplicationFilterChain.internalDoFilter(ApplicationFilterChain.java:189)
2021-10-04 11:47:22,867 ERROR [http-nio-8080-exec-10] c.t.c.c.a.ExceptionAdvice [ExceptionAdvice.java:28] org.apache.catalina.core.ApplicationFilterChain.doFilter(ApplicationFilterChain.java:162)
2021-10-04 11:47:22,867 ERROR [http-nio-8080-exec-10] c.t.c.c.a.ExceptionAdvice [ExceptionAdvice.java:28] org.apache.catalina.core.StandardWrapperValve.invoke(StandardWrapperValve.java:197)
2021-10-04 11:47:22,867 ERROR [http-nio-8080-exec-10] c.t.c.c.a.ExceptionAdvice [ExceptionAdvice.java:28] org.apache.catalina.core.StandardContextValve.invoke(StandardContextValve.java:97)
2021-10-04 11:47:22,867 ERROR [http-nio-8080-exec-10] c.t.c.c.a.ExceptionAdvice [ExceptionAdvice.java:28] org.apache.catalina.authenticator.AuthenticatorBase.invoke(AuthenticatorBase.java:540)
2021-10-04 11:47:22,867 ERROR [http-nio-8080-exec-10] c.t.c.c.a.ExceptionAdvice [ExceptionAdvice.java:28] org.apache.catalina.core.StandardHostValve.invoke(StandardHostValve.java:135)
2021-10-04 11:47:22,867 ERROR [http-nio-8080-exec-10] c.t.c.c.a.ExceptionAdvice [ExceptionAdvice.java:28] org.apache.catalina.valves.ErrorReportValve.invoke(ErrorReportValve.java:92)
2021-10-04 11:47:22,867 ERROR [http-nio-8080-exec-10] c.t.c.c.a.ExceptionAdvice [ExceptionAdvice.java:28] org.apache.catalina.core.StandardEngineValve.invoke(StandardEngineValve.java:78)
2021-10-04 11:47:22,867 ERROR [http-nio-8080-exec-10] c.t.c.c.a.ExceptionAdvice [ExceptionAdvice.java:28] org.apache.catalina.connector.CoyoteAdapter.service(CoyoteAdapter.java:357)
2021-10-04 11:47:22,868 ERROR [http-nio-8080-exec-10] c.t.c.c.a.ExceptionAdvice [ExceptionAdvice.java:28] org.apache.coyote.http11.Http11Processor.service(Http11Processor.java:382)
2021-10-04 11:47:22,868 ERROR [http-nio-8080-exec-10] c.t.c.c.a.ExceptionAdvice [ExceptionAdvice.java:28] org.apache.coyote.AbstractProcessorLight.process(AbstractProcessorLight.java:65)
2021-10-04 11:47:22,868 ERROR [http-nio-8080-exec-10] c.t.c.c.a.ExceptionAdvice [ExceptionAdvice.java:28] org.apache.coyote.AbstractProtocol$ConnectionHandler.process(AbstractProtocol.java:893)
2021-10-04 11:47:22,868 ERROR [http-nio-8080-exec-10] c.t.c.c.a.ExceptionAdvice [ExceptionAdvice.java:28] org.apache.tomcat.util.net.NioEndpoint$SocketProcessor.doRun(NioEndpoint.java:1726)
2021-10-04 11:47:22,868 ERROR [http-nio-8080-exec-10] c.t.c.c.a.ExceptionAdvice [ExceptionAdvice.java:28] org.apache.tomcat.util.net.SocketProcessorBase.run(SocketProcessorBase.java:49)
2021-10-04 11:47:22,868 ERROR [http-nio-8080-exec-10] c.t.c.c.a.ExceptionAdvice [ExceptionAdvice.java:28] org.apache.tomcat.util.threads.ThreadPoolExecutor.runWorker(ThreadPoolExecutor.java:1191)
2021-10-04 11:47:22,868 ERROR [http-nio-8080-exec-10] c.t.c.c.a.ExceptionAdvice [ExceptionAdvice.java:28] org.apache.tomcat.util.threads.ThreadPoolExecutor$Worker.run(ThreadPoolExecutor.java:659)
2021-10-04 11:47:22,868 ERROR [http-nio-8080-exec-10] c.t.c.c.a.ExceptionAdvice [ExceptionAdvice.java:28] org.apache.tomcat.util.threads.TaskThread$WrappingRunnable.run(TaskThread.java:61)
2021-10-04 11:47:22,869 ERROR [http-nio-8080-exec-10] c.t.c.c.a.ExceptionAdvice [ExceptionAdvice.java:28] java.lang.Thread.run(Thread.java:748)
2021-10-04 11:47:24,745 ERROR [http-nio-8080-exec-7] c.t.c.c.a.ExceptionAdvice [ExceptionAdvice.java:26] 服务器发生异常Failed to convert value of type 'java.lang.String' to required type 'int'; nested exception is java.lang.NumberFormatException: For input string: "my-reply.html"
2021-10-04 11:47:24,745 ERROR [http-nio-8080-exec-7] c.t.c.c.a.ExceptionAdvice [ExceptionAdvice.java:28] org.springframework.web.method.annotation.AbstractNamedValueMethodArgumentResolver.resolveArgument(AbstractNamedValueMethodArgumentResolver.java:133)
2021-10-04 11:47:24,745 ERROR [http-nio-8080-exec-7] c.t.c.c.a.ExceptionAdvice [ExceptionAdvice.java:28] org.springframework.web.method.support.HandlerMethodArgumentResolverComposite.resolveArgument(HandlerMethodArgumentResolverComposite.java:121)
2021-10-04 11:47:24,745 ERROR [http-nio-8080-exec-7] c.t.c.c.a.ExceptionAdvice [ExceptionAdvice.java:28] org.springframework.web.method.support.InvocableHandlerMethod.getMethodArgumentValues(InvocableHandlerMethod.java:179)
2021-10-04 11:47:24,745 ERROR [http-nio-8080-exec-7] c.t.c.c.a.ExceptionAdvice [ExceptionAdvice.java:28] org.springframework.web.method.support.InvocableHandlerMethod.invokeForRequest(InvocableHandlerMethod.java:146)
2021-10-04 11:47:24,745 ERROR [http-nio-8080-exec-7] c.t.c.c.a.ExceptionAdvice [ExceptionAdvice.java:28] org.springframework.web.servlet.mvc.method.annotation.ServletInvocableHandlerMethod.invokeAndHandle(ServletInvocableHandlerMethod.java:117)
2021-10-04 11:47:24,745 ERROR [http-nio-8080-exec-7] c.t.c.c.a.ExceptionAdvice [ExceptionAdvice.java:28] org.springframework.web.servlet.mvc.method.annotation.RequestMappingHandlerAdapter.invokeHandlerMethod(RequestMappingHandlerAdapter.java:895)
2021-10-04 11:47:24,746 ERROR [http-nio-8080-exec-7] c.t.c.c.a.ExceptionAdvice [ExceptionAdvice.java:28] org.springframework.web.servlet.mvc.method.annotation.RequestMappingHandlerAdapter.handleInternal(RequestMappingHandlerAdapter.java:808)
2021-10-04 11:47:24,746 ERROR [http-nio-8080-exec-7] c.t.c.c.a.ExceptionAdvice [ExceptionAdvice.java:28] org.springframework.web.servlet.mvc.method.AbstractHandlerMethodAdapter.handle(AbstractHandlerMethodAdapter.java:87)
2021-10-04 11:47:24,746 ERROR [http-nio-8080-exec-7] c.t.c.c.a.ExceptionAdvice [ExceptionAdvice.java:28] org.springframework.web.servlet.DispatcherServlet.doDispatch(DispatcherServlet.java:1067)
2021-10-04 11:47:24,746 ERROR [http-nio-8080-exec-7] c.t.c.c.a.ExceptionAdvice [ExceptionAdvice.java:28] org.springframework.web.servlet.DispatcherServlet.doService(DispatcherServlet.java:963)
2021-10-04 11:47:24,746 ERROR [http-nio-8080-exec-7] c.t.c.c.a.ExceptionAdvice [ExceptionAdvice.java:28] org.springframework.web.servlet.FrameworkServlet.processRequest(FrameworkServlet.java:1006)
2021-10-04 11:47:24,746 ERROR [http-nio-8080-exec-7] c.t.c.c.a.ExceptionAdvice [ExceptionAdvice.java:28] org.springframework.web.servlet.FrameworkServlet.doGet(FrameworkServlet.java:898)
2021-10-04 11:47:24,746 ERROR [http-nio-8080-exec-7] c.t.c.c.a.ExceptionAdvice [ExceptionAdvice.java:28] javax.servlet.http.HttpServlet.service(HttpServlet.java:645)
2021-10-04 11:47:24,746 ERROR [http-nio-8080-exec-7] c.t.c.c.a.ExceptionAdvice [ExceptionAdvice.java:28] org.springframework.web.servlet.FrameworkServlet.service(FrameworkServlet.java:883)
2021-10-04 11:47:24,746 ERROR [http-nio-8080-exec-7] c.t.c.c.a.ExceptionAdvice [ExceptionAdvice.java:28] javax.servlet.http.HttpServlet.service(HttpServlet.java:750)
2021-10-04 11:47:24,746 ERROR [http-nio-8080-exec-7] c.t.c.c.a.ExceptionAdvice [ExceptionAdvice.java:28] org.apache.catalina.core.ApplicationFilterChain.internalDoFilter(ApplicationFilterChain.java:227)
2021-10-04 11:47:24,747 ERROR [http-nio-8080-exec-7] c.t.c.c.a.ExceptionAdvice [ExceptionAdvice.java:28] org.apache.catalina.core.ApplicationFilterChain.doFilter(ApplicationFilterChain.java:162)
2021-10-04 11:47:24,747 ERROR [http-nio-8080-exec-7] c.t.c.c.a.ExceptionAdvice [ExceptionAdvice.java:28] org.apache.tomcat.websocket.server.WsFilter.doFilter(WsFilter.java:53)
2021-10-04 11:47:24,747 ERROR [http-nio-8080-exec-7] c.t.c.c.a.ExceptionAdvice [ExceptionAdvice.java:28] org.apache.catalina.core.ApplicationFilterChain.internalDoFilter(ApplicationFilterChain.java:189)
2021-10-04 11:47:24,747 ERROR [http-nio-8080-exec-7] c.t.c.c.a.ExceptionAdvice [ExceptionAdvice.java:28] org.apache.catalina.core.ApplicationFilterChain.doFilter(ApplicationFilterChain.java:162)
2021-10-04 11:47:24,747 ERROR [http-nio-8080-exec-7] c.t.c.c.a.ExceptionAdvice [ExceptionAdvice.java:28] org.springframework.web.filter.RequestContextFilter.doFilterInternal(RequestContextFilter.java:100)
2021-10-04 11:47:24,747 ERROR [http-nio-8080-exec-7] c.t.c.c.a.ExceptionAdvice [ExceptionAdvice.java:28] org.springframework.web.filter.OncePerRequestFilter.doFilter(OncePerRequestFilter.java:119)
2021-10-04 11:47:24,747 ERROR [http-nio-8080-exec-7] c.t.c.c.a.ExceptionAdvice [ExceptionAdvice.java:28] org.apache.catalina.core.ApplicationFilterChain.internalDoFilter(ApplicationFilterChain.java:189)
2021-10-04 11:47:24,747 ERROR [http-nio-8080-exec-7] c.t.c.c.a.ExceptionAdvice [ExceptionAdvice.java:28] org.apache.catalina.core.ApplicationFilterChain.doFilter(ApplicationFilterChain.java:162)
2021-10-04 11:47:24,748 ERROR [http-nio-8080-exec-7] c.t.c.c.a.ExceptionAdvice [ExceptionAdvice.java:28] org.springframework.web.filter.FormContentFilter.doFilterInternal(FormContentFilter.java:93)
2021-10-04 11:47:24,748 ERROR [http-nio-8080-exec-7] c.t.c.c.a.ExceptionAdvice [ExceptionAdvice.java:28] org.springframework.web.filter.OncePerRequestFilter.doFilter(OncePerRequestFilter.java:119)
2021-10-04 11:47:24,748 ERROR [http-nio-8080-exec-7] c.t.c.c.a.ExceptionAdvice [ExceptionAdvice.java:28] org.apache.catalina.core.ApplicationFilterChain.internalDoFilter(ApplicationFilterChain.java:189)
2021-10-04 11:47:24,748 ERROR [http-nio-8080-exec-7] c.t.c.c.a.ExceptionAdvice [ExceptionAdvice.java:28] org.apache.catalina.core.ApplicationFilterChain.doFilter(ApplicationFilterChain.java:162)
2021-10-04 11:47:24,748 ERROR [http-nio-8080-exec-7] c.t.c.c.a.ExceptionAdvice [ExceptionAdvice.java:28] org.springframework.web.filter.CharacterEncodingFilter.doFilterInternal(CharacterEncodingFilter.java:201)
2021-10-04 11:47:24,748 ERROR [http-nio-8080-exec-7] c.t.c.c.a.ExceptionAdvice [ExceptionAdvice.java:28] org.springframework.web.filter.OncePerRequestFilter.doFilter(OncePerRequestFilter.java:119)
2021-10-04 11:47:24,748 ERROR [http-nio-8080-exec-7] c.t.c.c.a.ExceptionAdvice [ExceptionAdvice.java:28] org.apache.catalina.core.ApplicationFilterChain.internalDoFilter(ApplicationFilterChain.java:189)
2021-10-04 11:47:24,748 ERROR [http-nio-8080-exec-7] c.t.c.c.a.ExceptionAdvice [ExceptionAdvice.java:28] org.apache.catalina.core.ApplicationFilterChain.doFilter(ApplicationFilterChain.java:162)
2021-10-04 11:47:24,748 ERROR [http-nio-8080-exec-7] c.t.c.c.a.ExceptionAdvice [ExceptionAdvice.java:28] org.apache.catalina.core.StandardWrapperValve.invoke(StandardWrapperValve.java:197)
2021-10-04 11:47:24,748 ERROR [http-nio-8080-exec-7] c.t.c.c.a.ExceptionAdvice [ExceptionAdvice.java:28] org.apache.catalina.core.StandardContextValve.invoke(StandardContextValve.java:97)
2021-10-04 11:47:24,749 ERROR [http-nio-8080-exec-7] c.t.c.c.a.ExceptionAdvice [ExceptionAdvice.java:28] org.apache.catalina.authenticator.AuthenticatorBase.invoke(AuthenticatorBase.java:540)
2021-10-04 11:47:24,749 ERROR [http-nio-8080-exec-7] c.t.c.c.a.ExceptionAdvice [ExceptionAdvice.java:28] org.apache.catalina.core.StandardHostValve.invoke(StandardHostValve.java:135)
2021-10-04 11:47:24,749 ERROR [http-nio-8080-exec-7] c.t.c.c.a.ExceptionAdvice [ExceptionAdvice.java:28] org.apache.catalina.valves.ErrorReportValve.invoke(ErrorReportValve.java:92)
2021-10-04 11:47:24,749 ERROR [http-nio-8080-exec-7] c.t.c.c.a.ExceptionAdvice [ExceptionAdvice.java:28] org.apache.catalina.core.StandardEngineValve.invoke(StandardEngineValve.java:78)
2021-10-04 11:47:24,749 ERROR [http-nio-8080-exec-7] c.t.c.c.a.ExceptionAdvice [ExceptionAdvice.java:28] org.apache.catalina.connector.CoyoteAdapter.service(CoyoteAdapter.java:357)
2021-10-04 11:47:24,749 ERROR [http-nio-8080-exec-7] c.t.c.c.a.ExceptionAdvice [ExceptionAdvice.java:28] org.apache.coyote.http11.Http11Processor.service(Http11Processor.java:382)
2021-10-04 11:47:24,749 ERROR [http-nio-8080-exec-7] c.t.c.c.a.ExceptionAdvice [ExceptionAdvice.java:28] org.apache.coyote.AbstractProcessorLight.process(AbstractProcessorLight.java:65)
2021-10-04 11:47:24,749 ERROR [http-nio-8080-exec-7] c.t.c.c.a.ExceptionAdvice [ExceptionAdvice.java:28] org.apache.coyote.AbstractProtocol$ConnectionHandler.process(AbstractProtocol.java:893)
2021-10-04 11:47:24,749 ERROR [http-nio-8080-exec-7] c.t.c.c.a.ExceptionAdvice [ExceptionAdvice.java:28] org.apache.tomcat.util.net.NioEndpoint$SocketProcessor.doRun(NioEndpoint.java:1726)
2021-10-04 11:47:24,749 ERROR [http-nio-8080-exec-7] c.t.c.c.a.ExceptionAdvice [ExceptionAdvice.java:28] org.apache.tomcat.util.net.SocketProcessorBase.run(SocketProcessorBase.java:49)
2021-10-04 11:47:24,749 ERROR [http-nio-8080-exec-7] c.t.c.c.a.ExceptionAdvice [ExceptionAdvice.java:28] org.apache.tomcat.util.threads.ThreadPoolExecutor.runWorker(ThreadPoolExecutor.java:1191)
2021-10-04 11:47:24,750 ERROR [http-nio-8080-exec-7] c.t.c.c.a.ExceptionAdvice [ExceptionAdvice.java:28] org.apache.tomcat.util.threads.ThreadPoolExecutor$Worker.run(ThreadPoolExecutor.java:659)
2021-10-04 11:47:24,750 ERROR [http-nio-8080-exec-7] c.t.c.c.a.ExceptionAdvice [ExceptionAdvice.java:28] org.apache.tomcat.util.threads.TaskThread$WrappingRunnable.run(TaskThread.java:61)
2021-10-04 11:47:24,750 ERROR [http-nio-8080-exec-7] c.t.c.c.a.ExceptionAdvice [ExceptionAdvice.java:28] java.lang.Thread.run(Thread.java:748)
2021-10-04 11:47:33,326 ERROR [http-nio-8080-exec-6] c.t.c.c.a.ExceptionAdvice [ExceptionAdvice.java:26] 服务器发生异常Failed to convert value of type 'java.lang.String' to required type 'int'; nested exception is java.lang.NumberFormatException: For input string: "my-post.html"
2021-10-04 11:47:33,326 ERROR [http-nio-8080-exec-6] c.t.c.c.a.ExceptionAdvice [ExceptionAdvice.java:28] org.springframework.web.method.annotation.AbstractNamedValueMethodArgumentResolver.resolveArgument(AbstractNamedValueMethodArgumentResolver.java:133)
2021-10-04 11:47:33,327 ERROR [http-nio-8080-exec-6] c.t.c.c.a.ExceptionAdvice [ExceptionAdvice.java:28] org.springframework.web.method.support.HandlerMethodArgumentResolverComposite.resolveArgument(HandlerMethodArgumentResolverComposite.java:121)
2021-10-04 11:47:33,327 ERROR [http-nio-8080-exec-6] c.t.c.c.a.ExceptionAdvice [ExceptionAdvice.java:28] org.springframework.web.method.support.InvocableHandlerMethod.getMethodArgumentValues(InvocableHandlerMethod.java:179)
2021-10-04 11:47:33,327 ERROR [http-nio-8080-exec-6] c.t.c.c.a.ExceptionAdvice [ExceptionAdvice.java:28] org.springframework.web.method.support.InvocableHandlerMethod.invokeForRequest(InvocableHandlerMethod.java:146)
2021-10-04 11:47:33,327 ERROR [http-nio-8080-exec-6] c.t.c.c.a.ExceptionAdvice [ExceptionAdvice.java:28] org.springframework.web.servlet.mvc.method.annotation.ServletInvocableHandlerMethod.invokeAndHandle(ServletInvocableHandlerMethod.java:117)
2021-10-04 11:47:33,327 ERROR [http-nio-8080-exec-6] c.t.c.c.a.ExceptionAdvice [ExceptionAdvice.java:28] org.springframework.web.servlet.mvc.method.annotation.RequestMappingHandlerAdapter.invokeHandlerMethod(RequestMappingHandlerAdapter.java:895)
2021-10-04 11:47:33,327 ERROR [http-nio-8080-exec-6] c.t.c.c.a.ExceptionAdvice [ExceptionAdvice.java:28] org.springframework.web.servlet.mvc.method.annotation.RequestMappingHandlerAdapter.handleInternal(RequestMappingHandlerAdapter.java:808)
2021-10-04 11:47:33,327 ERROR [http-nio-8080-exec-6] c.t.c.c.a.ExceptionAdvice [ExceptionAdvice.java:28] org.springframework.web.servlet.mvc.method.AbstractHandlerMethodAdapter.handle(AbstractHandlerMethodAdapter.java:87)
2021-10-04 11:47:33,327 ERROR [http-nio-8080-exec-6] c.t.c.c.a.ExceptionAdvice [ExceptionAdvice.java:28] org.springframework.web.servlet.DispatcherServlet.doDispatch(DispatcherServlet.java:1067)
2021-10-04 11:47:33,327 ERROR [http-nio-8080-exec-6] c.t.c.c.a.ExceptionAdvice [ExceptionAdvice.java:28] org.springframework.web.servlet.DispatcherServlet.doService(DispatcherServlet.java:963)
2021-10-04 11:47:33,328 ERROR [http-nio-8080-exec-6] c.t.c.c.a.ExceptionAdvice [ExceptionAdvice.java:28] org.springframework.web.servlet.FrameworkServlet.processRequest(FrameworkServlet.java:1006)
2021-10-04 11:47:33,328 ERROR [http-nio-8080-exec-6] c.t.c.c.a.ExceptionAdvice [ExceptionAdvice.java:28] org.springframework.web.servlet.FrameworkServlet.doGet(FrameworkServlet.java:898)
2021-10-04 11:47:33,328 ERROR [http-nio-8080-exec-6] c.t.c.c.a.ExceptionAdvice [ExceptionAdvice.java:28] javax.servlet.http.HttpServlet.service(HttpServlet.java:645)
2021-10-04 11:47:33,328 ERROR [http-nio-8080-exec-6] c.t.c.c.a.ExceptionAdvice [ExceptionAdvice.java:28] org.springframework.web.servlet.FrameworkServlet.service(FrameworkServlet.java:883)
2021-10-04 11:47:33,328 ERROR [http-nio-8080-exec-6] c.t.c.c.a.ExceptionAdvice [ExceptionAdvice.java:28] javax.servlet.http.HttpServlet.service(HttpServlet.java:750)
2021-10-04 11:47:33,328 ERROR [http-nio-8080-exec-6] c.t.c.c.a.ExceptionAdvice [ExceptionAdvice.java:28] org.apache.catalina.core.ApplicationFilterChain.internalDoFilter(ApplicationFilterChain.java:227)
2021-10-04 11:47:33,328 ERROR [http-nio-8080-exec-6] c.t.c.c.a.ExceptionAdvice [ExceptionAdvice.java:28] org.apache.catalina.core.ApplicationFilterChain.doFilter(ApplicationFilterChain.java:162)
2021-10-04 11:47:33,328 ERROR [http-nio-8080-exec-6] c.t.c.c.a.ExceptionAdvice [ExceptionAdvice.java:28] org.apache.tomcat.websocket.server.WsFilter.doFilter(WsFilter.java:53)
2021-10-04 11:47:33,328 ERROR [http-nio-8080-exec-6] c.t.c.c.a.ExceptionAdvice [ExceptionAdvice.java:28] org.apache.catalina.core.ApplicationFilterChain.internalDoFilter(ApplicationFilterChain.java:189)
2021-10-04 11:47:33,328 ERROR [http-nio-8080-exec-6] c.t.c.c.a.ExceptionAdvice [ExceptionAdvice.java:28] org.apache.catalina.core.ApplicationFilterChain.doFilter(ApplicationFilterChain.java:162)
2021-10-04 11:47:33,329 ERROR [http-nio-8080-exec-6] c.t.c.c.a.ExceptionAdvice [ExceptionAdvice.java:28] org.springframework.web.filter.RequestContextFilter.doFilterInternal(RequestContextFilter.java:100)
2021-10-04 11:47:33,329 ERROR [http-nio-8080-exec-6] c.t.c.c.a.ExceptionAdvice [ExceptionAdvice.java:28] org.springframework.web.filter.OncePerRequestFilter.doFilter(OncePerRequestFilter.java:119)
2021-10-04 11:47:33,329 ERROR [http-nio-8080-exec-6] c.t.c.c.a.ExceptionAdvice [ExceptionAdvice.java:28] org.apache.catalina.core.ApplicationFilterChain.internalDoFilter(ApplicationFilterChain.java:189)
2021-10-04 11:47:33,329 ERROR [http-nio-8080-exec-6] c.t.c.c.a.ExceptionAdvice [ExceptionAdvice.java:28] org.apache.catalina.core.ApplicationFilterChain.doFilter(ApplicationFilterChain.java:162)
2021-10-04 11:47:33,329 ERROR [http-nio-8080-exec-6] c.t.c.c.a.ExceptionAdvice [ExceptionAdvice.java:28] org.springframework.web.filter.FormContentFilter.doFilterInternal(FormContentFilter.java:93)
2021-10-04 11:47:33,329 ERROR [http-nio-8080-exec-6] c.t.c.c.a.ExceptionAdvice [ExceptionAdvice.java:28] org.springframework.web.filter.OncePerRequestFilter.doFilter(OncePerRequestFilter.java:119)
2021-10-04 11:47:33,329 ERROR [http-nio-8080-exec-6] c.t.c.c.a.ExceptionAdvice [ExceptionAdvice.java:28] org.apache.catalina.core.ApplicationFilterChain.internalDoFilter(ApplicationFilterChain.java:189)
2021-10-04 11:47:33,329 ERROR [http-nio-8080-exec-6] c.t.c.c.a.ExceptionAdvice [ExceptionAdvice.java:28] org.apache.catalina.core.ApplicationFilterChain.doFilter(ApplicationFilterChain.java:162)
2021-10-04 11:47:33,329 ERROR [http-nio-8080-exec-6] c.t.c.c.a.ExceptionAdvice [ExceptionAdvice.java:28] org.springframework.web.filter.CharacterEncodingFilter.doFilterInternal(CharacterEncodingFilter.java:201)
2021-10-04 11:47:33,329 ERROR [http-nio-8080-exec-6] c.t.c.c.a.ExceptionAdvice [ExceptionAdvice.java:28] org.springframework.web.filter.OncePerRequestFilter.doFilter(OncePerRequestFilter.java:119)
2021-10-04 11:47:33,329 ERROR [http-nio-8080-exec-6] c.t.c.c.a.ExceptionAdvice [ExceptionAdvice.java:28] org.apache.catalina.core.ApplicationFilterChain.internalDoFilter(ApplicationFilterChain.java:189)
2021-10-04 11:47:33,330 ERROR [http-nio-8080-exec-6] c.t.c.c.a.ExceptionAdvice [ExceptionAdvice.java:28] org.apache.catalina.core.ApplicationFilterChain.doFilter(ApplicationFilterChain.java:162)
2021-10-04 11:47:33,330 ERROR [http-nio-8080-exec-6] c.t.c.c.a.ExceptionAdvice [ExceptionAdvice.java:28] org.apache.catalina.core.StandardWrapperValve.invoke(StandardWrapperValve.java:197)
2021-10-04 11:47:33,330 ERROR [http-nio-8080-exec-6] c.t.c.c.a.ExceptionAdvice [ExceptionAdvice.java:28] org.apache.catalina.core.StandardContextValve.invoke(StandardContextValve.java:97)
2021-10-04 11:47:33,330 ERROR [http-nio-8080-exec-6] c.t.c.c.a.ExceptionAdvice [ExceptionAdvice.java:28] org.apache.catalina.authenticator.AuthenticatorBase.invoke(AuthenticatorBase.java:540)
2021-10-04 11:47:33,330 ERROR [http-nio-8080-exec-6] c.t.c.c.a.ExceptionAdvice [ExceptionAdvice.java:28] org.apache.catalina.core.StandardHostValve.invoke(StandardHostValve.java:135)
2021-10-04 11:47:33,330 ERROR [http-nio-8080-exec-6] c.t.c.c.a.ExceptionAdvice [ExceptionAdvice.java:28] org.apache.catalina.valves.ErrorReportValve.invoke(ErrorReportValve.java:92)
2021-10-04 11:47:33,330 ERROR [http-nio-8080-exec-6] c.t.c.c.a.ExceptionAdvice [ExceptionAdvice.java:28] org.apache.catalina.core.StandardEngineValve.invoke(StandardEngineValve.java:78)
2021-10-04 11:47:33,330 ERROR [http-nio-8080-exec-6] c.t.c.c.a.ExceptionAdvice [ExceptionAdvice.java:28] org.apache.catalina.connector.CoyoteAdapter.service(CoyoteAdapter.java:357)
2021-10-04 11:47:33,330 ERROR [http-nio-8080-exec-6] c.t.c.c.a.ExceptionAdvice [ExceptionAdvice.java:28] org.apache.coyote.http11.Http11Processor.service(Http11Processor.java:382)
2021-10-04 11:47:33,330 ERROR [http-nio-8080-exec-6] c.t.c.c.a.ExceptionAdvice [ExceptionAdvice.java:28] org.apache.coyote.AbstractProcessorLight.process(AbstractProcessorLight.java:65)
2021-10-04 11:47:33,331 ERROR [http-nio-8080-exec-6] c.t.c.c.a.ExceptionAdvice [ExceptionAdvice.java:28] org.apache.coyote.AbstractProtocol$ConnectionHandler.process(AbstractProtocol.java:893)
2021-10-04 11:47:33,331 ERROR [http-nio-8080-exec-6] c.t.c.c.a.ExceptionAdvice [ExceptionAdvice.java:28] org.apache.tomcat.util.net.NioEndpoint$SocketProcessor.doRun(NioEndpoint.java:1726)
2021-10-04 11:47:33,331 ERROR [http-nio-8080-exec-6] c.t.c.c.a.ExceptionAdvice [ExceptionAdvice.java:28] org.apache.tomcat.util.net.SocketProcessorBase.run(SocketProcessorBase.java:49)
2021-10-04 11:47:33,331 ERROR [http-nio-8080-exec-6] c.t.c.c.a.ExceptionAdvice [ExceptionAdvice.java:28] org.apache.tomcat.util.threads.ThreadPoolExecutor.runWorker(ThreadPoolExecutor.java:1191)
2021-10-04 11:47:33,331 ERROR [http-nio-8080-exec-6] c.t.c.c.a.ExceptionAdvice [ExceptionAdvice.java:28] org.apache.tomcat.util.threads.ThreadPoolExecutor$Worker.run(ThreadPoolExecutor.java:659)
2021-10-04 11:47:33,331 ERROR [http-nio-8080-exec-6] c.t.c.c.a.ExceptionAdvice [ExceptionAdvice.java:28] org.apache.tomcat.util.threads.TaskThread$WrappingRunnable.run(TaskThread.java:61)
2021-10-04 11:47:33,331 ERROR [http-nio-8080-exec-6] c.t.c.c.a.ExceptionAdvice [ExceptionAdvice.java:28] java.lang.Thread.run(Thread.java:748)
2021-10-04 12:16:04,745 ERROR [http-nio-8080-exec-3] c.t.c.c.a.ExceptionAdvice [ExceptionAdvice.java:26] 服务器发生异常Required cookie 'kaptchaOwner' for method parameter type String is not present
2021-10-04 12:16:04,745 ERROR [http-nio-8080-exec-3] c.t.c.c.a.ExceptionAdvice [ExceptionAdvice.java:28] org.springframework.web.method.annotation.AbstractCookieValueMethodArgumentResolver.handleMissingValue(AbstractCookieValueMethodArgumentResolver.java:71)
2021-10-04 12:16:04,745 ERROR [http-nio-8080-exec-3] c.t.c.c.a.ExceptionAdvice [ExceptionAdvice.java:28] org.springframework.web.method.annotation.AbstractNamedValueMethodArgumentResolver.handleMissingValue(AbstractNamedValueMethodArgumentResolver.java:226)
2021-10-04 12:16:04,745 ERROR [http-nio-8080-exec-3] c.t.c.c.a.ExceptionAdvice [ExceptionAdvice.java:28] org.springframework.web.method.annotation.AbstractNamedValueMethodArgumentResolver.resolveArgument(AbstractNamedValueMethodArgumentResolver.java:114)
2021-10-04 12:16:04,746 ERROR [http-nio-8080-exec-3] c.t.c.c.a.ExceptionAdvice [ExceptionAdvice.java:28] org.springframework.web.method.support.HandlerMethodArgumentResolverComposite.resolveArgument(HandlerMethodArgumentResolverComposite.java:121)
2021-10-04 12:16:04,746 ERROR [http-nio-8080-exec-3] c.t.c.c.a.ExceptionAdvice [ExceptionAdvice.java:28] org.springframework.web.method.support.InvocableHandlerMethod.getMethodArgumentValues(InvocableHandlerMethod.java:179)
2021-10-04 12:16:04,746 ERROR [http-nio-8080-exec-3] c.t.c.c.a.ExceptionAdvice [ExceptionAdvice.java:28] org.springframework.web.method.support.InvocableHandlerMethod.invokeForRequest(InvocableHandlerMethod.java:146)
2021-10-04 12:16:04,746 ERROR [http-nio-8080-exec-3] c.t.c.c.a.ExceptionAdvice [ExceptionAdvice.java:28] org.springframework.web.servlet.mvc.method.annotation.ServletInvocableHandlerMethod.invokeAndHandle(ServletInvocableHandlerMethod.java:117)
2021-10-04 12:16:04,746 ERROR [http-nio-8080-exec-3] c.t.c.c.a.ExceptionAdvice [ExceptionAdvice.java:28] org.springframework.web.servlet.mvc.method.annotation.RequestMappingHandlerAdapter.invokeHandlerMethod(RequestMappingHandlerAdapter.java:895)
2021-10-04 12:16:04,746 ERROR [http-nio-8080-exec-3] c.t.c.c.a.ExceptionAdvice [ExceptionAdvice.java:28] org.springframework.web.servlet.mvc.method.annotation.RequestMappingHandlerAdapter.handleInternal(RequestMappingHandlerAdapter.java:808)
2021-10-04 12:16:04,746 ERROR [http-nio-8080-exec-3] c.t.c.c.a.ExceptionAdvice [ExceptionAdvice.java:28] org.springframework.web.servlet.mvc.method.AbstractHandlerMethodAdapter.handle(AbstractHandlerMethodAdapter.java:87)
2021-10-04 12:16:04,746 ERROR [http-nio-8080-exec-3] c.t.c.c.a.ExceptionAdvice [ExceptionAdvice.java:28] org.springframework.web.servlet.DispatcherServlet.doDispatch(DispatcherServlet.java:1067)
2021-10-04 12:16:04,747 ERROR [http-nio-8080-exec-3] c.t.c.c.a.ExceptionAdvice [ExceptionAdvice.java:28] org.springframework.web.servlet.DispatcherServlet.doService(DispatcherServlet.java:963)
2021-10-04 12:16:04,747 ERROR [http-nio-8080-exec-3] c.t.c.c.a.ExceptionAdvice [ExceptionAdvice.java:28] org.springframework.web.servlet.FrameworkServlet.processRequest(FrameworkServlet.java:1006)
2021-10-04 12:16:04,747 ERROR [http-nio-8080-exec-3] c.t.c.c.a.ExceptionAdvice [ExceptionAdvice.java:28] org.springframework.web.servlet.FrameworkServlet.doPost(FrameworkServlet.java:909)
2021-10-04 12:16:04,747 ERROR [http-nio-8080-exec-3] c.t.c.c.a.ExceptionAdvice [ExceptionAdvice.java:28] javax.servlet.http.HttpServlet.service(HttpServlet.java:665)
2021-10-04 12:16:04,747 ERROR [http-nio-8080-exec-3] c.t.c.c.a.ExceptionAdvice [ExceptionAdvice.java:28] org.springframework.web.servlet.FrameworkServlet.service(FrameworkServlet.java:883)
2021-10-04 12:16:04,747 ERROR [http-nio-8080-exec-3] c.t.c.c.a.ExceptionAdvice [ExceptionAdvice.java:28] javax.servlet.http.HttpServlet.service(HttpServlet.java:750)
2021-10-04 12:16:04,747 ERROR [http-nio-8080-exec-3] c.t.c.c.a.ExceptionAdvice [ExceptionAdvice.java:28] org.apache.catalina.core.ApplicationFilterChain.internalDoFilter(ApplicationFilterChain.java:227)
2021-10-04 12:16:04,748 ERROR [http-nio-8080-exec-3] c.t.c.c.a.ExceptionAdvice [ExceptionAdvice.java:28] org.apache.catalina.core.ApplicationFilterChain.doFilter(ApplicationFilterChain.java:162)
2021-10-04 12:16:04,748 ERROR [http-nio-8080-exec-3] c.t.c.c.a.ExceptionAdvice [ExceptionAdvice.java:28] org.apache.tomcat.websocket.server.WsFilter.doFilter(WsFilter.java:53)
2021-10-04 12:16:04,748 ERROR [http-nio-8080-exec-3] c.t.c.c.a.ExceptionAdvice [ExceptionAdvice.java:28] org.apache.catalina.core.ApplicationFilterChain.internalDoFilter(ApplicationFilterChain.java:189)
2021-10-04 12:16:04,748 ERROR [http-nio-8080-exec-3] c.t.c.c.a.ExceptionAdvice [ExceptionAdvice.java:28] org.apache.catalina.core.ApplicationFilterChain.doFilter(ApplicationFilterChain.java:162)
2021-10-04 12:16:04,748 ERROR [http-nio-8080-exec-3] c.t.c.c.a.ExceptionAdvice [ExceptionAdvice.java:28] org.springframework.web.filter.RequestContextFilter.doFilterInternal(RequestContextFilter.java:100)
2021-10-04 12:16:04,748 ERROR [http-nio-8080-exec-3] c.t.c.c.a.ExceptionAdvice [ExceptionAdvice.java:28] org.springframework.web.filter.OncePerRequestFilter.doFilter(OncePerRequestFilter.java:119)
2021-10-04 12:16:04,748 ERROR [http-nio-8080-exec-3] c.t.c.c.a.ExceptionAdvice [ExceptionAdvice.java:28] org.apache.catalina.core.ApplicationFilterChain.internalDoFilter(ApplicationFilterChain.java:189)
2021-10-04 12:16:04,749 ERROR [http-nio-8080-exec-3] c.t.c.c.a.ExceptionAdvice [ExceptionAdvice.java:28] org.apache.catalina.core.ApplicationFilterChain.doFilter(ApplicationFilterChain.java:162)
2021-10-04 12:16:04,749 ERROR [http-nio-8080-exec-3] c.t.c.c.a.ExceptionAdvice [ExceptionAdvice.java:28] org.springframework.web.filter.FormContentFilter.doFilterInternal(FormContentFilter.java:93)
2021-10-04 12:16:04,749 ERROR [http-nio-8080-exec-3] c.t.c.c.a.ExceptionAdvice [ExceptionAdvice.java:28] org.springframework.web.filter.OncePerRequestFilter.doFilter(OncePerRequestFilter.java:119)
2021-10-04 12:16:04,749 ERROR [http-nio-8080-exec-3] c.t.c.c.a.ExceptionAdvice [ExceptionAdvice.java:28] org.apache.catalina.core.ApplicationFilterChain.internalDoFilter(ApplicationFilterChain.java:189)
2021-10-04 12:16:04,749 ERROR [http-nio-8080-exec-3] c.t.c.c.a.ExceptionAdvice [ExceptionAdvice.java:28] org.apache.catalina.core.ApplicationFilterChain.doFilter(ApplicationFilterChain.java:162)
2021-10-04 12:16:04,750 ERROR [http-nio-8080-exec-3] c.t.c.c.a.ExceptionAdvice [ExceptionAdvice.java:28] org.springframework.web.filter.CharacterEncodingFilter.doFilterInternal(CharacterEncodingFilter.java:201)
2021-10-04 12:16:04,750 ERROR [http-nio-8080-exec-3] c.t.c.c.a.ExceptionAdvice [ExceptionAdvice.java:28] org.springframework.web.filter.OncePerRequestFilter.doFilter(OncePerRequestFilter.java:119)
2021-10-04 12:16:04,750 ERROR [http-nio-8080-exec-3] c.t.c.c.a.ExceptionAdvice [ExceptionAdvice.java:28] org.apache.catalina.core.ApplicationFilterChain.internalDoFilter(ApplicationFilterChain.java:189)
2021-10-04 12:16:04,750 ERROR [http-nio-8080-exec-3] c.t.c.c.a.ExceptionAdvice [ExceptionAdvice.java:28] org.apache.catalina.core.ApplicationFilterChain.doFilter(ApplicationFilterChain.java:162)
2021-10-04 12:16:04,750 ERROR [http-nio-8080-exec-3] c.t.c.c.a.ExceptionAdvice [ExceptionAdvice.java:28] org.apache.catalina.core.StandardWrapperValve.invoke(StandardWrapperValve.java:197)
2021-10-04 12:16:04,750 ERROR [http-nio-8080-exec-3] c.t.c.c.a.ExceptionAdvice [ExceptionAdvice.java:28] org.apache.catalina.core.StandardContextValve.invoke(StandardContextValve.java:97)
2021-10-04 12:16:04,751 ERROR [http-nio-8080-exec-3] c.t.c.c.a.ExceptionAdvice [ExceptionAdvice.java:28] org.apache.catalina.authenticator.AuthenticatorBase.invoke(AuthenticatorBase.java:540)
2021-10-04 12:16:04,751 ERROR [http-nio-8080-exec-3] c.t.c.c.a.ExceptionAdvice [ExceptionAdvice.java:28] org.apache.catalina.core.StandardHostValve.invoke(StandardHostValve.java:135)
2021-10-04 12:16:04,751 ERROR [http-nio-8080-exec-3] c.t.c.c.a.ExceptionAdvice [ExceptionAdvice.java:28] org.apache.catalina.valves.ErrorReportValve.invoke(ErrorReportValve.java:92)
2021-10-04 12:16:04,751 ERROR [http-nio-8080-exec-3] c.t.c.c.a.ExceptionAdvice [ExceptionAdvice.java:28] org.apache.catalina.core.StandardEngineValve.invoke(StandardEngineValve.java:78)
2021-10-04 12:16:04,751 ERROR [http-nio-8080-exec-3] c.t.c.c.a.ExceptionAdvice [ExceptionAdvice.java:28] org.apache.catalina.connector.CoyoteAdapter.service(CoyoteAdapter.java:357)
2021-10-04 12:16:04,751 ERROR [http-nio-8080-exec-3] c.t.c.c.a.ExceptionAdvice [ExceptionAdvice.java:28] org.apache.coyote.http11.Http11Processor.service(Http11Processor.java:382)
2021-10-04 12:16:04,751 ERROR [http-nio-8080-exec-3] c.t.c.c.a.ExceptionAdvice [ExceptionAdvice.java:28] org.apache.coyote.AbstractProcessorLight.process(AbstractProcessorLight.java:65)
2021-10-04 12:16:04,751 ERROR [http-nio-8080-exec-3] c.t.c.c.a.ExceptionAdvice [ExceptionAdvice.java:28] org.apache.coyote.AbstractProtocol$ConnectionHandler.process(AbstractProtocol.java:893)
2021-10-04 12:16:04,752 ERROR [http-nio-8080-exec-3] c.t.c.c.a.ExceptionAdvice [ExceptionAdvice.java:28] org.apache.tomcat.util.net.NioEndpoint$SocketProcessor.doRun(NioEndpoint.java:1726)
2021-10-04 12:16:04,752 ERROR [http-nio-8080-exec-3] c.t.c.c.a.ExceptionAdvice [ExceptionAdvice.java:28] org.apache.tomcat.util.net.SocketProcessorBase.run(SocketProcessorBase.java:49)
2021-10-04 12:16:04,752 ERROR [http-nio-8080-exec-3] c.t.c.c.a.ExceptionAdvice [ExceptionAdvice.java:28] org.apache.tomcat.util.threads.ThreadPoolExecutor.runWorker(ThreadPoolExecutor.java:1191)
2021-10-04 12:16:04,752 ERROR [http-nio-8080-exec-3] c.t.c.c.a.ExceptionAdvice [ExceptionAdvice.java:28] org.apache.tomcat.util.threads.ThreadPoolExecutor$Worker.run(ThreadPoolExecutor.java:659)
2021-10-04 12:16:04,752 ERROR [http-nio-8080-exec-3] c.t.c.c.a.ExceptionAdvice [ExceptionAdvice.java:28] org.apache.tomcat.util.threads.TaskThread$WrappingRunnable.run(TaskThread.java:61)
2021-10-04 12:16:04,752 ERROR [http-nio-8080-exec-3] c.t.c.c.a.ExceptionAdvice [ExceptionAdvice.java:28] java.lang.Thread.run(Thread.java:748)
