2021-10-03 19:09:26,263 ERROR [http-nio-8080-exec-3] c.t.c.c.a.ExceptionAdvice [ExceptionAdvice.java:26] 服务器发生异常Failed to convert value of type 'java.lang.String' to required type 'int'; nested exception is java.lang.NumberFormatException: For input string: "login"
2021-10-03 19:09:26,266 ERROR [http-nio-8080-exec-3] c.t.c.c.a.ExceptionAdvice [ExceptionAdvice.java:28] org.springframework.web.method.annotation.AbstractNamedValueMethodArgumentResolver.resolveArgument(AbstractNamedValueMethodArgumentResolver.java:133)
2021-10-03 19:09:26,266 ERROR [http-nio-8080-exec-3] c.t.c.c.a.ExceptionAdvice [ExceptionAdvice.java:28] org.springframework.web.method.support.HandlerMethodArgumentResolverComposite.resolveArgument(HandlerMethodArgumentResolverComposite.java:121)
2021-10-03 19:09:26,266 ERROR [http-nio-8080-exec-3] c.t.c.c.a.ExceptionAdvice [ExceptionAdvice.java:28] org.springframework.web.method.support.InvocableHandlerMethod.getMethodArgumentValues(InvocableHandlerMethod.java:179)
2021-10-03 19:09:26,266 ERROR [http-nio-8080-exec-3] c.t.c.c.a.ExceptionAdvice [ExceptionAdvice.java:28] org.springframework.web.method.support.InvocableHandlerMethod.invokeForRequest(InvocableHandlerMethod.java:146)
2021-10-03 19:09:26,266 ERROR [http-nio-8080-exec-3] c.t.c.c.a.ExceptionAdvice [ExceptionAdvice.java:28] org.springframework.web.servlet.mvc.method.annotation.ServletInvocableHandlerMethod.invokeAndHandle(ServletInvocableHandlerMethod.java:117)
2021-10-03 19:09:26,266 ERROR [http-nio-8080-exec-3] c.t.c.c.a.ExceptionAdvice [ExceptionAdvice.java:28] org.springframework.web.servlet.mvc.method.annotation.RequestMappingHandlerAdapter.invokeHandlerMethod(RequestMappingHandlerAdapter.java:895)
2021-10-03 19:09:26,267 ERROR [http-nio-8080-exec-3] c.t.c.c.a.ExceptionAdvice [ExceptionAdvice.java:28] org.springframework.web.servlet.mvc.method.annotation.RequestMappingHandlerAdapter.handleInternal(RequestMappingHandlerAdapter.java:808)
2021-10-03 19:09:26,267 ERROR [http-nio-8080-exec-3] c.t.c.c.a.ExceptionAdvice [ExceptionAdvice.java:28] org.springframework.web.servlet.mvc.method.AbstractHandlerMethodAdapter.handle(AbstractHandlerMethodAdapter.java:87)
2021-10-03 19:09:26,267 ERROR [http-nio-8080-exec-3] c.t.c.c.a.ExceptionAdvice [ExceptionAdvice.java:28] org.springframework.web.servlet.DispatcherServlet.doDispatch(DispatcherServlet.java:1067)
2021-10-03 19:09:26,267 ERROR [http-nio-8080-exec-3] c.t.c.c.a.ExceptionAdvice [ExceptionAdvice.java:28] org.springframework.web.servlet.DispatcherServlet.doService(DispatcherServlet.java:963)
2021-10-03 19:09:26,267 ERROR [http-nio-8080-exec-3] c.t.c.c.a.ExceptionAdvice [ExceptionAdvice.java:28] org.springframework.web.servlet.FrameworkServlet.processRequest(FrameworkServlet.java:1006)
2021-10-03 19:09:26,267 ERROR [http-nio-8080-exec-3] c.t.c.c.a.ExceptionAdvice [ExceptionAdvice.java:28] org.springframework.web.servlet.FrameworkServlet.doGet(FrameworkServlet.java:898)
2021-10-03 19:09:26,267 ERROR [http-nio-8080-exec-3] c.t.c.c.a.ExceptionAdvice [ExceptionAdvice.java:28] javax.servlet.http.HttpServlet.service(HttpServlet.java:645)
2021-10-03 19:09:26,267 ERROR [http-nio-8080-exec-3] c.t.c.c.a.ExceptionAdvice [ExceptionAdvice.java:28] org.springframework.web.servlet.FrameworkServlet.service(FrameworkServlet.java:883)
2021-10-03 19:09:26,268 ERROR [http-nio-8080-exec-3] c.t.c.c.a.ExceptionAdvice [ExceptionAdvice.java:28] javax.servlet.http.HttpServlet.service(HttpServlet.java:750)
2021-10-03 19:09:26,268 ERROR [http-nio-8080-exec-3] c.t.c.c.a.ExceptionAdvice [ExceptionAdvice.java:28] org.apache.catalina.core.ApplicationFilterChain.internalDoFilter(ApplicationFilterChain.java:227)
2021-10-03 19:09:26,268 ERROR [http-nio-8080-exec-3] c.t.c.c.a.ExceptionAdvice [ExceptionAdvice.java:28] org.apache.catalina.core.ApplicationFilterChain.doFilter(ApplicationFilterChain.java:162)
2021-10-03 19:09:26,268 ERROR [http-nio-8080-exec-3] c.t.c.c.a.ExceptionAdvice [ExceptionAdvice.java:28] org.apache.tomcat.websocket.server.WsFilter.doFilter(WsFilter.java:53)
2021-10-03 19:09:26,268 ERROR [http-nio-8080-exec-3] c.t.c.c.a.ExceptionAdvice [ExceptionAdvice.java:28] org.apache.catalina.core.ApplicationFilterChain.internalDoFilter(ApplicationFilterChain.java:189)
2021-10-03 19:09:26,269 ERROR [http-nio-8080-exec-3] c.t.c.c.a.ExceptionAdvice [ExceptionAdvice.java:28] org.apache.catalina.core.ApplicationFilterChain.doFilter(ApplicationFilterChain.java:162)
2021-10-03 19:09:26,269 ERROR [http-nio-8080-exec-3] c.t.c.c.a.ExceptionAdvice [ExceptionAdvice.java:28] org.springframework.web.filter.RequestContextFilter.doFilterInternal(RequestContextFilter.java:100)
2021-10-03 19:09:26,269 ERROR [http-nio-8080-exec-3] c.t.c.c.a.ExceptionAdvice [ExceptionAdvice.java:28] org.springframework.web.filter.OncePerRequestFilter.doFilter(OncePerRequestFilter.java:119)
2021-10-03 19:09:26,269 ERROR [http-nio-8080-exec-3] c.t.c.c.a.ExceptionAdvice [ExceptionAdvice.java:28] org.apache.catalina.core.ApplicationFilterChain.internalDoFilter(ApplicationFilterChain.java:189)
2021-10-03 19:09:26,269 ERROR [http-nio-8080-exec-3] c.t.c.c.a.ExceptionAdvice [ExceptionAdvice.java:28] org.apache.catalina.core.ApplicationFilterChain.doFilter(ApplicationFilterChain.java:162)
2021-10-03 19:09:26,269 ERROR [http-nio-8080-exec-3] c.t.c.c.a.ExceptionAdvice [ExceptionAdvice.java:28] org.springframework.web.filter.FormContentFilter.doFilterInternal(FormContentFilter.java:93)
2021-10-03 19:09:26,269 ERROR [http-nio-8080-exec-3] c.t.c.c.a.ExceptionAdvice [ExceptionAdvice.java:28] org.springframework.web.filter.OncePerRequestFilter.doFilter(OncePerRequestFilter.java:119)
2021-10-03 19:09:26,269 ERROR [http-nio-8080-exec-3] c.t.c.c.a.ExceptionAdvice [ExceptionAdvice.java:28] org.apache.catalina.core.ApplicationFilterChain.internalDoFilter(ApplicationFilterChain.java:189)
2021-10-03 19:09:26,269 ERROR [http-nio-8080-exec-3] c.t.c.c.a.ExceptionAdvice [ExceptionAdvice.java:28] org.apache.catalina.core.ApplicationFilterChain.doFilter(ApplicationFilterChain.java:162)
2021-10-03 19:09:26,270 ERROR [http-nio-8080-exec-3] c.t.c.c.a.ExceptionAdvice [ExceptionAdvice.java:28] org.springframework.web.filter.CharacterEncodingFilter.doFilterInternal(CharacterEncodingFilter.java:201)
2021-10-03 19:09:26,270 ERROR [http-nio-8080-exec-3] c.t.c.c.a.ExceptionAdvice [ExceptionAdvice.java:28] org.springframework.web.filter.OncePerRequestFilter.doFilter(OncePerRequestFilter.java:119)
2021-10-03 19:09:26,270 ERROR [http-nio-8080-exec-3] c.t.c.c.a.ExceptionAdvice [ExceptionAdvice.java:28] org.apache.catalina.core.ApplicationFilterChain.internalDoFilter(ApplicationFilterChain.java:189)
2021-10-03 19:09:26,270 ERROR [http-nio-8080-exec-3] c.t.c.c.a.ExceptionAdvice [ExceptionAdvice.java:28] org.apache.catalina.core.ApplicationFilterChain.doFilter(ApplicationFilterChain.java:162)
2021-10-03 19:09:26,270 ERROR [http-nio-8080-exec-3] c.t.c.c.a.ExceptionAdvice [ExceptionAdvice.java:28] org.apache.catalina.core.StandardWrapperValve.invoke(StandardWrapperValve.java:197)
2021-10-03 19:09:26,270 ERROR [http-nio-8080-exec-3] c.t.c.c.a.ExceptionAdvice [ExceptionAdvice.java:28] org.apache.catalina.core.StandardContextValve.invoke(StandardContextValve.java:97)
2021-10-03 19:09:26,270 ERROR [http-nio-8080-exec-3] c.t.c.c.a.ExceptionAdvice [ExceptionAdvice.java:28] org.apache.catalina.authenticator.AuthenticatorBase.invoke(AuthenticatorBase.java:540)
2021-10-03 19:09:26,270 ERROR [http-nio-8080-exec-3] c.t.c.c.a.ExceptionAdvice [ExceptionAdvice.java:28] org.apache.catalina.core.StandardHostValve.invoke(StandardHostValve.java:135)
2021-10-03 19:09:26,270 ERROR [http-nio-8080-exec-3] c.t.c.c.a.ExceptionAdvice [ExceptionAdvice.java:28] org.apache.catalina.valves.ErrorReportValve.invoke(ErrorReportValve.java:92)
2021-10-03 19:09:26,271 ERROR [http-nio-8080-exec-3] c.t.c.c.a.ExceptionAdvice [ExceptionAdvice.java:28] org.apache.catalina.core.StandardEngineValve.invoke(StandardEngineValve.java:78)
2021-10-03 19:09:26,271 ERROR [http-nio-8080-exec-3] c.t.c.c.a.ExceptionAdvice [ExceptionAdvice.java:28] org.apache.catalina.connector.CoyoteAdapter.service(CoyoteAdapter.java:357)
2021-10-03 19:09:26,271 ERROR [http-nio-8080-exec-3] c.t.c.c.a.ExceptionAdvice [ExceptionAdvice.java:28] org.apache.coyote.http11.Http11Processor.service(Http11Processor.java:382)
2021-10-03 19:09:26,271 ERROR [http-nio-8080-exec-3] c.t.c.c.a.ExceptionAdvice [ExceptionAdvice.java:28] org.apache.coyote.AbstractProcessorLight.process(AbstractProcessorLight.java:65)
2021-10-03 19:09:26,271 ERROR [http-nio-8080-exec-3] c.t.c.c.a.ExceptionAdvice [ExceptionAdvice.java:28] org.apache.coyote.AbstractProtocol$ConnectionHandler.process(AbstractProtocol.java:893)
2021-10-03 19:09:26,271 ERROR [http-nio-8080-exec-3] c.t.c.c.a.ExceptionAdvice [ExceptionAdvice.java:28] org.apache.tomcat.util.net.NioEndpoint$SocketProcessor.doRun(NioEndpoint.java:1726)
2021-10-03 19:09:26,271 ERROR [http-nio-8080-exec-3] c.t.c.c.a.ExceptionAdvice [ExceptionAdvice.java:28] org.apache.tomcat.util.net.SocketProcessorBase.run(SocketProcessorBase.java:49)
2021-10-03 19:09:26,271 ERROR [http-nio-8080-exec-3] c.t.c.c.a.ExceptionAdvice [ExceptionAdvice.java:28] org.apache.tomcat.util.threads.ThreadPoolExecutor.runWorker(ThreadPoolExecutor.java:1191)
2021-10-03 19:09:26,272 ERROR [http-nio-8080-exec-3] c.t.c.c.a.ExceptionAdvice [ExceptionAdvice.java:28] org.apache.tomcat.util.threads.ThreadPoolExecutor$Worker.run(ThreadPoolExecutor.java:659)
2021-10-03 19:09:26,272 ERROR [http-nio-8080-exec-3] c.t.c.c.a.ExceptionAdvice [ExceptionAdvice.java:28] org.apache.tomcat.util.threads.TaskThread$WrappingRunnable.run(TaskThread.java:61)
2021-10-03 19:09:26,272 ERROR [http-nio-8080-exec-3] c.t.c.c.a.ExceptionAdvice [ExceptionAdvice.java:28] java.lang.Thread.run(Thread.java:748)
2021-10-03 19:29:33,870 ERROR [http-nio-8080-exec-6] c.t.c.c.a.ExceptionAdvice [ExceptionAdvice.java:26] 服务器发生异常null
2021-10-03 19:29:33,870 ERROR [http-nio-8080-exec-6] c.t.c.c.a.ExceptionAdvice [ExceptionAdvice.java:28] cn.tjgzy.community.controller.DiscussPostController.getDiscussPost(DiscussPostController.java:75)
2021-10-03 19:29:33,870 ERROR [http-nio-8080-exec-6] c.t.c.c.a.ExceptionAdvice [ExceptionAdvice.java:28] sun.reflect.NativeMethodAccessorImpl.invoke0(Native Method)
2021-10-03 19:29:33,870 ERROR [http-nio-8080-exec-6] c.t.c.c.a.ExceptionAdvice [ExceptionAdvice.java:28] sun.reflect.NativeMethodAccessorImpl.invoke(NativeMethodAccessorImpl.java:62)
2021-10-03 19:29:33,871 ERROR [http-nio-8080-exec-6] c.t.c.c.a.ExceptionAdvice [ExceptionAdvice.java:28] sun.reflect.DelegatingMethodAccessorImpl.invoke(DelegatingMethodAccessorImpl.java:43)
2021-10-03 19:29:33,871 ERROR [http-nio-8080-exec-6] c.t.c.c.a.ExceptionAdvice [ExceptionAdvice.java:28] java.lang.reflect.Method.invoke(Method.java:498)
2021-10-03 19:29:33,871 ERROR [http-nio-8080-exec-6] c.t.c.c.a.ExceptionAdvice [ExceptionAdvice.java:28] org.springframework.web.method.support.InvocableHandlerMethod.doInvoke(InvocableHandlerMethod.java:205)
2021-10-03 19:29:33,871 ERROR [http-nio-8080-exec-6] c.t.c.c.a.ExceptionAdvice [ExceptionAdvice.java:28] org.springframework.web.method.support.InvocableHandlerMethod.invokeForRequest(InvocableHandlerMethod.java:150)
2021-10-03 19:29:33,871 ERROR [http-nio-8080-exec-6] c.t.c.c.a.ExceptionAdvice [ExceptionAdvice.java:28] org.springframework.web.servlet.mvc.method.annotation.ServletInvocableHandlerMethod.invokeAndHandle(ServletInvocableHandlerMethod.java:117)
2021-10-03 19:29:33,871 ERROR [http-nio-8080-exec-6] c.t.c.c.a.ExceptionAdvice [ExceptionAdvice.java:28] org.springframework.web.servlet.mvc.method.annotation.RequestMappingHandlerAdapter.invokeHandlerMethod(RequestMappingHandlerAdapter.java:895)
2021-10-03 19:29:33,871 ERROR [http-nio-8080-exec-6] c.t.c.c.a.ExceptionAdvice [ExceptionAdvice.java:28] org.springframework.web.servlet.mvc.method.annotation.RequestMappingHandlerAdapter.handleInternal(RequestMappingHandlerAdapter.java:808)
2021-10-03 19:29:33,871 ERROR [http-nio-8080-exec-6] c.t.c.c.a.ExceptionAdvice [ExceptionAdvice.java:28] org.springframework.web.servlet.mvc.method.AbstractHandlerMethodAdapter.handle(AbstractHandlerMethodAdapter.java:87)
2021-10-03 19:29:33,872 ERROR [http-nio-8080-exec-6] c.t.c.c.a.ExceptionAdvice [ExceptionAdvice.java:28] org.springframework.web.servlet.DispatcherServlet.doDispatch(DispatcherServlet.java:1067)
2021-10-03 19:29:33,872 ERROR [http-nio-8080-exec-6] c.t.c.c.a.ExceptionAdvice [ExceptionAdvice.java:28] org.springframework.web.servlet.DispatcherServlet.doService(DispatcherServlet.java:963)
2021-10-03 19:29:33,872 ERROR [http-nio-8080-exec-6] c.t.c.c.a.ExceptionAdvice [ExceptionAdvice.java:28] org.springframework.web.servlet.FrameworkServlet.processRequest(FrameworkServlet.java:1006)
2021-10-03 19:29:33,872 ERROR [http-nio-8080-exec-6] c.t.c.c.a.ExceptionAdvice [ExceptionAdvice.java:28] org.springframework.web.servlet.FrameworkServlet.doGet(FrameworkServlet.java:898)
2021-10-03 19:29:33,872 ERROR [http-nio-8080-exec-6] c.t.c.c.a.ExceptionAdvice [ExceptionAdvice.java:28] javax.servlet.http.HttpServlet.service(HttpServlet.java:645)
2021-10-03 19:29:33,872 ERROR [http-nio-8080-exec-6] c.t.c.c.a.ExceptionAdvice [ExceptionAdvice.java:28] org.springframework.web.servlet.FrameworkServlet.service(FrameworkServlet.java:883)
2021-10-03 19:29:33,872 ERROR [http-nio-8080-exec-6] c.t.c.c.a.ExceptionAdvice [ExceptionAdvice.java:28] javax.servlet.http.HttpServlet.service(HttpServlet.java:750)
2021-10-03 19:29:33,872 ERROR [http-nio-8080-exec-6] c.t.c.c.a.ExceptionAdvice [ExceptionAdvice.java:28] org.apache.catalina.core.ApplicationFilterChain.internalDoFilter(ApplicationFilterChain.java:227)
2021-10-03 19:29:33,872 ERROR [http-nio-8080-exec-6] c.t.c.c.a.ExceptionAdvice [ExceptionAdvice.java:28] org.apache.catalina.core.ApplicationFilterChain.doFilter(ApplicationFilterChain.java:162)
2021-10-03 19:29:33,873 ERROR [http-nio-8080-exec-6] c.t.c.c.a.ExceptionAdvice [ExceptionAdvice.java:28] org.apache.tomcat.websocket.server.WsFilter.doFilter(WsFilter.java:53)
2021-10-03 19:29:33,873 ERROR [http-nio-8080-exec-6] c.t.c.c.a.ExceptionAdvice [ExceptionAdvice.java:28] org.apache.catalina.core.ApplicationFilterChain.internalDoFilter(ApplicationFilterChain.java:189)
2021-10-03 19:29:33,873 ERROR [http-nio-8080-exec-6] c.t.c.c.a.ExceptionAdvice [ExceptionAdvice.java:28] org.apache.catalina.core.ApplicationFilterChain.doFilter(ApplicationFilterChain.java:162)
2021-10-03 19:29:33,873 ERROR [http-nio-8080-exec-6] c.t.c.c.a.ExceptionAdvice [ExceptionAdvice.java:28] org.springframework.web.filter.RequestContextFilter.doFilterInternal(RequestContextFilter.java:100)
2021-10-03 19:29:33,873 ERROR [http-nio-8080-exec-6] c.t.c.c.a.ExceptionAdvice [ExceptionAdvice.java:28] org.springframework.web.filter.OncePerRequestFilter.doFilter(OncePerRequestFilter.java:119)
2021-10-03 19:29:33,873 ERROR [http-nio-8080-exec-6] c.t.c.c.a.ExceptionAdvice [ExceptionAdvice.java:28] org.apache.catalina.core.ApplicationFilterChain.internalDoFilter(ApplicationFilterChain.java:189)
2021-10-03 19:29:33,873 ERROR [http-nio-8080-exec-6] c.t.c.c.a.ExceptionAdvice [ExceptionAdvice.java:28] org.apache.catalina.core.ApplicationFilterChain.doFilter(ApplicationFilterChain.java:162)
2021-10-03 19:29:33,873 ERROR [http-nio-8080-exec-6] c.t.c.c.a.ExceptionAdvice [ExceptionAdvice.java:28] org.springframework.web.filter.FormContentFilter.doFilterInternal(FormContentFilter.java:93)
2021-10-03 19:29:33,873 ERROR [http-nio-8080-exec-6] c.t.c.c.a.ExceptionAdvice [ExceptionAdvice.java:28] org.springframework.web.filter.OncePerRequestFilter.doFilter(OncePerRequestFilter.java:119)
2021-10-03 19:29:33,873 ERROR [http-nio-8080-exec-6] c.t.c.c.a.ExceptionAdvice [ExceptionAdvice.java:28] org.apache.catalina.core.ApplicationFilterChain.internalDoFilter(ApplicationFilterChain.java:189)
2021-10-03 19:29:33,874 ERROR [http-nio-8080-exec-6] c.t.c.c.a.ExceptionAdvice [ExceptionAdvice.java:28] org.apache.catalina.core.ApplicationFilterChain.doFilter(ApplicationFilterChain.java:162)
2021-10-03 19:29:33,874 ERROR [http-nio-8080-exec-6] c.t.c.c.a.ExceptionAdvice [ExceptionAdvice.java:28] org.springframework.web.filter.CharacterEncodingFilter.doFilterInternal(CharacterEncodingFilter.java:201)
2021-10-03 19:29:33,874 ERROR [http-nio-8080-exec-6] c.t.c.c.a.ExceptionAdvice [ExceptionAdvice.java:28] org.springframework.web.filter.OncePerRequestFilter.doFilter(OncePerRequestFilter.java:119)
2021-10-03 19:29:33,874 ERROR [http-nio-8080-exec-6] c.t.c.c.a.ExceptionAdvice [ExceptionAdvice.java:28] org.apache.catalina.core.ApplicationFilterChain.internalDoFilter(ApplicationFilterChain.java:189)
2021-10-03 19:29:33,874 ERROR [http-nio-8080-exec-6] c.t.c.c.a.ExceptionAdvice [ExceptionAdvice.java:28] org.apache.catalina.core.ApplicationFilterChain.doFilter(ApplicationFilterChain.java:162)
2021-10-03 19:29:33,874 ERROR [http-nio-8080-exec-6] c.t.c.c.a.ExceptionAdvice [ExceptionAdvice.java:28] org.apache.catalina.core.StandardWrapperValve.invoke(StandardWrapperValve.java:197)
2021-10-03 19:29:33,874 ERROR [http-nio-8080-exec-6] c.t.c.c.a.ExceptionAdvice [ExceptionAdvice.java:28] org.apache.catalina.core.StandardContextValve.invoke(StandardContextValve.java:97)
2021-10-03 19:29:33,874 ERROR [http-nio-8080-exec-6] c.t.c.c.a.ExceptionAdvice [ExceptionAdvice.java:28] org.apache.catalina.authenticator.AuthenticatorBase.invoke(AuthenticatorBase.java:540)
2021-10-03 19:29:33,874 ERROR [http-nio-8080-exec-6] c.t.c.c.a.ExceptionAdvice [ExceptionAdvice.java:28] org.apache.catalina.core.StandardHostValve.invoke(StandardHostValve.java:135)
2021-10-03 19:29:33,875 ERROR [http-nio-8080-exec-6] c.t.c.c.a.ExceptionAdvice [ExceptionAdvice.java:28] org.apache.catalina.valves.ErrorReportValve.invoke(ErrorReportValve.java:92)
2021-10-03 19:29:33,875 ERROR [http-nio-8080-exec-6] c.t.c.c.a.ExceptionAdvice [ExceptionAdvice.java:28] org.apache.catalina.core.StandardEngineValve.invoke(StandardEngineValve.java:78)
2021-10-03 19:29:33,875 ERROR [http-nio-8080-exec-6] c.t.c.c.a.ExceptionAdvice [ExceptionAdvice.java:28] org.apache.catalina.connector.CoyoteAdapter.service(CoyoteAdapter.java:357)
2021-10-03 19:29:33,875 ERROR [http-nio-8080-exec-6] c.t.c.c.a.ExceptionAdvice [ExceptionAdvice.java:28] org.apache.coyote.http11.Http11Processor.service(Http11Processor.java:382)
2021-10-03 19:29:33,875 ERROR [http-nio-8080-exec-6] c.t.c.c.a.ExceptionAdvice [ExceptionAdvice.java:28] org.apache.coyote.AbstractProcessorLight.process(AbstractProcessorLight.java:65)
2021-10-03 19:29:33,875 ERROR [http-nio-8080-exec-6] c.t.c.c.a.ExceptionAdvice [ExceptionAdvice.java:28] org.apache.coyote.AbstractProtocol$ConnectionHandler.process(AbstractProtocol.java:893)
2021-10-03 19:29:33,875 ERROR [http-nio-8080-exec-6] c.t.c.c.a.ExceptionAdvice [ExceptionAdvice.java:28] org.apache.tomcat.util.net.NioEndpoint$SocketProcessor.doRun(NioEndpoint.java:1726)
2021-10-03 19:29:33,875 ERROR [http-nio-8080-exec-6] c.t.c.c.a.ExceptionAdvice [ExceptionAdvice.java:28] org.apache.tomcat.util.net.SocketProcessorBase.run(SocketProcessorBase.java:49)
2021-10-03 19:29:33,875 ERROR [http-nio-8080-exec-6] c.t.c.c.a.ExceptionAdvice [ExceptionAdvice.java:28] org.apache.tomcat.util.threads.ThreadPoolExecutor.runWorker(ThreadPoolExecutor.java:1191)
2021-10-03 19:29:33,875 ERROR [http-nio-8080-exec-6] c.t.c.c.a.ExceptionAdvice [ExceptionAdvice.java:28] org.apache.tomcat.util.threads.ThreadPoolExecutor$Worker.run(ThreadPoolExecutor.java:659)
2021-10-03 19:29:33,876 ERROR [http-nio-8080-exec-6] c.t.c.c.a.ExceptionAdvice [ExceptionAdvice.java:28] org.apache.tomcat.util.threads.TaskThread$WrappingRunnable.run(TaskThread.java:61)
2021-10-03 19:29:33,876 ERROR [http-nio-8080-exec-6] c.t.c.c.a.ExceptionAdvice [ExceptionAdvice.java:28] java.lang.Thread.run(Thread.java:748)
2021-10-03 19:32:11,878 ERROR [http-nio-8080-exec-10] c.t.c.c.a.ExceptionAdvice [ExceptionAdvice.java:26] 服务器发生异常Failed to convert value of type 'java.lang.String' to required type 'int'; nested exception is java.lang.NumberFormatException: For input string: "login"
2021-10-03 19:32:11,879 ERROR [http-nio-8080-exec-10] c.t.c.c.a.ExceptionAdvice [ExceptionAdvice.java:28] org.springframework.web.method.annotation.AbstractNamedValueMethodArgumentResolver.resolveArgument(AbstractNamedValueMethodArgumentResolver.java:133)
2021-10-03 19:32:11,879 ERROR [http-nio-8080-exec-10] c.t.c.c.a.ExceptionAdvice [ExceptionAdvice.java:28] org.springframework.web.method.support.HandlerMethodArgumentResolverComposite.resolveArgument(HandlerMethodArgumentResolverComposite.java:121)
2021-10-03 19:32:11,879 ERROR [http-nio-8080-exec-10] c.t.c.c.a.ExceptionAdvice [ExceptionAdvice.java:28] org.springframework.web.method.support.InvocableHandlerMethod.getMethodArgumentValues(InvocableHandlerMethod.java:179)
2021-10-03 19:32:11,879 ERROR [http-nio-8080-exec-10] c.t.c.c.a.ExceptionAdvice [ExceptionAdvice.java:28] org.springframework.web.method.support.InvocableHandlerMethod.invokeForRequest(InvocableHandlerMethod.java:146)
2021-10-03 19:32:11,879 ERROR [http-nio-8080-exec-10] c.t.c.c.a.ExceptionAdvice [ExceptionAdvice.java:28] org.springframework.web.servlet.mvc.method.annotation.ServletInvocableHandlerMethod.invokeAndHandle(ServletInvocableHandlerMethod.java:117)
2021-10-03 19:32:11,879 ERROR [http-nio-8080-exec-10] c.t.c.c.a.ExceptionAdvice [ExceptionAdvice.java:28] org.springframework.web.servlet.mvc.method.annotation.RequestMappingHandlerAdapter.invokeHandlerMethod(RequestMappingHandlerAdapter.java:895)
2021-10-03 19:32:11,880 ERROR [http-nio-8080-exec-10] c.t.c.c.a.ExceptionAdvice [ExceptionAdvice.java:28] org.springframework.web.servlet.mvc.method.annotation.RequestMappingHandlerAdapter.handleInternal(RequestMappingHandlerAdapter.java:808)
2021-10-03 19:32:11,880 ERROR [http-nio-8080-exec-10] c.t.c.c.a.ExceptionAdvice [ExceptionAdvice.java:28] org.springframework.web.servlet.mvc.method.AbstractHandlerMethodAdapter.handle(AbstractHandlerMethodAdapter.java:87)
2021-10-03 19:32:11,880 ERROR [http-nio-8080-exec-10] c.t.c.c.a.ExceptionAdvice [ExceptionAdvice.java:28] org.springframework.web.servlet.DispatcherServlet.doDispatch(DispatcherServlet.java:1067)
2021-10-03 19:32:11,880 ERROR [http-nio-8080-exec-10] c.t.c.c.a.ExceptionAdvice [ExceptionAdvice.java:28] org.springframework.web.servlet.DispatcherServlet.doService(DispatcherServlet.java:963)
2021-10-03 19:32:11,880 ERROR [http-nio-8080-exec-10] c.t.c.c.a.ExceptionAdvice [ExceptionAdvice.java:28] org.springframework.web.servlet.FrameworkServlet.processRequest(FrameworkServlet.java:1006)
2021-10-03 19:32:11,880 ERROR [http-nio-8080-exec-10] c.t.c.c.a.ExceptionAdvice [ExceptionAdvice.java:28] org.springframework.web.servlet.FrameworkServlet.doGet(FrameworkServlet.java:898)
2021-10-03 19:32:11,880 ERROR [http-nio-8080-exec-10] c.t.c.c.a.ExceptionAdvice [ExceptionAdvice.java:28] javax.servlet.http.HttpServlet.service(HttpServlet.java:645)
2021-10-03 19:32:11,880 ERROR [http-nio-8080-exec-10] c.t.c.c.a.ExceptionAdvice [ExceptionAdvice.java:28] org.springframework.web.servlet.FrameworkServlet.service(FrameworkServlet.java:883)
2021-10-03 19:32:11,880 ERROR [http-nio-8080-exec-10] c.t.c.c.a.ExceptionAdvice [ExceptionAdvice.java:28] javax.servlet.http.HttpServlet.service(HttpServlet.java:750)
2021-10-03 19:32:11,881 ERROR [http-nio-8080-exec-10] c.t.c.c.a.ExceptionAdvice [ExceptionAdvice.java:28] org.apache.catalina.core.ApplicationFilterChain.internalDoFilter(ApplicationFilterChain.java:227)
2021-10-03 19:32:11,881 ERROR [http-nio-8080-exec-10] c.t.c.c.a.ExceptionAdvice [ExceptionAdvice.java:28] org.apache.catalina.core.ApplicationFilterChain.doFilter(ApplicationFilterChain.java:162)
2021-10-03 19:32:11,881 ERROR [http-nio-8080-exec-10] c.t.c.c.a.ExceptionAdvice [ExceptionAdvice.java:28] org.apache.tomcat.websocket.server.WsFilter.doFilter(WsFilter.java:53)
2021-10-03 19:32:11,881 ERROR [http-nio-8080-exec-10] c.t.c.c.a.ExceptionAdvice [ExceptionAdvice.java:28] org.apache.catalina.core.ApplicationFilterChain.internalDoFilter(ApplicationFilterChain.java:189)
2021-10-03 19:32:11,881 ERROR [http-nio-8080-exec-10] c.t.c.c.a.ExceptionAdvice [ExceptionAdvice.java:28] org.apache.catalina.core.ApplicationFilterChain.doFilter(ApplicationFilterChain.java:162)
2021-10-03 19:32:11,881 ERROR [http-nio-8080-exec-10] c.t.c.c.a.ExceptionAdvice [ExceptionAdvice.java:28] org.springframework.web.filter.RequestContextFilter.doFilterInternal(RequestContextFilter.java:100)
2021-10-03 19:32:11,881 ERROR [http-nio-8080-exec-10] c.t.c.c.a.ExceptionAdvice [ExceptionAdvice.java:28] org.springframework.web.filter.OncePerRequestFilter.doFilter(OncePerRequestFilter.java:119)
2021-10-03 19:32:11,881 ERROR [http-nio-8080-exec-10] c.t.c.c.a.ExceptionAdvice [ExceptionAdvice.java:28] org.apache.catalina.core.ApplicationFilterChain.internalDoFilter(ApplicationFilterChain.java:189)
2021-10-03 19:32:11,882 ERROR [http-nio-8080-exec-10] c.t.c.c.a.ExceptionAdvice [ExceptionAdvice.java:28] org.apache.catalina.core.ApplicationFilterChain.doFilter(ApplicationFilterChain.java:162)
2021-10-03 19:32:11,882 ERROR [http-nio-8080-exec-10] c.t.c.c.a.ExceptionAdvice [ExceptionAdvice.java:28] org.springframework.web.filter.FormContentFilter.doFilterInternal(FormContentFilter.java:93)
2021-10-03 19:32:11,882 ERROR [http-nio-8080-exec-10] c.t.c.c.a.ExceptionAdvice [ExceptionAdvice.java:28] org.springframework.web.filter.OncePerRequestFilter.doFilter(OncePerRequestFilter.java:119)
2021-10-03 19:32:11,882 ERROR [http-nio-8080-exec-10] c.t.c.c.a.ExceptionAdvice [ExceptionAdvice.java:28] org.apache.catalina.core.ApplicationFilterChain.internalDoFilter(ApplicationFilterChain.java:189)
2021-10-03 19:32:11,882 ERROR [http-nio-8080-exec-10] c.t.c.c.a.ExceptionAdvice [ExceptionAdvice.java:28] org.apache.catalina.core.ApplicationFilterChain.doFilter(ApplicationFilterChain.java:162)
2021-10-03 19:32:11,882 ERROR [http-nio-8080-exec-10] c.t.c.c.a.ExceptionAdvice [ExceptionAdvice.java:28] org.springframework.web.filter.CharacterEncodingFilter.doFilterInternal(CharacterEncodingFilter.java:201)
2021-10-03 19:32:11,882 ERROR [http-nio-8080-exec-10] c.t.c.c.a.ExceptionAdvice [ExceptionAdvice.java:28] org.springframework.web.filter.OncePerRequestFilter.doFilter(OncePerRequestFilter.java:119)
2021-10-03 19:32:11,882 ERROR [http-nio-8080-exec-10] c.t.c.c.a.ExceptionAdvice [ExceptionAdvice.java:28] org.apache.catalina.core.ApplicationFilterChain.internalDoFilter(ApplicationFilterChain.java:189)
2021-10-03 19:32:11,882 ERROR [http-nio-8080-exec-10] c.t.c.c.a.ExceptionAdvice [ExceptionAdvice.java:28] org.apache.catalina.core.ApplicationFilterChain.doFilter(ApplicationFilterChain.java:162)
2021-10-03 19:32:11,883 ERROR [http-nio-8080-exec-10] c.t.c.c.a.ExceptionAdvice [ExceptionAdvice.java:28] org.apache.catalina.core.StandardWrapperValve.invoke(StandardWrapperValve.java:197)
2021-10-03 19:32:11,883 ERROR [http-nio-8080-exec-10] c.t.c.c.a.ExceptionAdvice [ExceptionAdvice.java:28] org.apache.catalina.core.StandardContextValve.invoke(StandardContextValve.java:97)
2021-10-03 19:32:11,883 ERROR [http-nio-8080-exec-10] c.t.c.c.a.ExceptionAdvice [ExceptionAdvice.java:28] org.apache.catalina.authenticator.AuthenticatorBase.invoke(AuthenticatorBase.java:540)
2021-10-03 19:32:11,883 ERROR [http-nio-8080-exec-10] c.t.c.c.a.ExceptionAdvice [ExceptionAdvice.java:28] org.apache.catalina.core.StandardHostValve.invoke(StandardHostValve.java:135)
2021-10-03 19:32:11,883 ERROR [http-nio-8080-exec-10] c.t.c.c.a.ExceptionAdvice [ExceptionAdvice.java:28] org.apache.catalina.valves.ErrorReportValve.invoke(ErrorReportValve.java:92)
2021-10-03 19:32:11,883 ERROR [http-nio-8080-exec-10] c.t.c.c.a.ExceptionAdvice [ExceptionAdvice.java:28] org.apache.catalina.core.StandardEngineValve.invoke(StandardEngineValve.java:78)
2021-10-03 19:32:11,883 ERROR [http-nio-8080-exec-10] c.t.c.c.a.ExceptionAdvice [ExceptionAdvice.java:28] org.apache.catalina.connector.CoyoteAdapter.service(CoyoteAdapter.java:357)
2021-10-03 19:32:11,883 ERROR [http-nio-8080-exec-10] c.t.c.c.a.ExceptionAdvice [ExceptionAdvice.java:28] org.apache.coyote.http11.Http11Processor.service(Http11Processor.java:382)
2021-10-03 19:32:11,883 ERROR [http-nio-8080-exec-10] c.t.c.c.a.ExceptionAdvice [ExceptionAdvice.java:28] org.apache.coyote.AbstractProcessorLight.process(AbstractProcessorLight.java:65)
2021-10-03 19:32:11,883 ERROR [http-nio-8080-exec-10] c.t.c.c.a.ExceptionAdvice [ExceptionAdvice.java:28] org.apache.coyote.AbstractProtocol$ConnectionHandler.process(AbstractProtocol.java:893)
2021-10-03 19:32:11,884 ERROR [http-nio-8080-exec-10] c.t.c.c.a.ExceptionAdvice [ExceptionAdvice.java:28] org.apache.tomcat.util.net.NioEndpoint$SocketProcessor.doRun(NioEndpoint.java:1726)
2021-10-03 19:32:11,884 ERROR [http-nio-8080-exec-10] c.t.c.c.a.ExceptionAdvice [ExceptionAdvice.java:28] org.apache.tomcat.util.net.SocketProcessorBase.run(SocketProcessorBase.java:49)
2021-10-03 19:32:11,884 ERROR [http-nio-8080-exec-10] c.t.c.c.a.ExceptionAdvice [ExceptionAdvice.java:28] org.apache.tomcat.util.threads.ThreadPoolExecutor.runWorker(ThreadPoolExecutor.java:1191)
2021-10-03 19:32:11,884 ERROR [http-nio-8080-exec-10] c.t.c.c.a.ExceptionAdvice [ExceptionAdvice.java:28] org.apache.tomcat.util.threads.ThreadPoolExecutor$Worker.run(ThreadPoolExecutor.java:659)
2021-10-03 19:32:11,884 ERROR [http-nio-8080-exec-10] c.t.c.c.a.ExceptionAdvice [ExceptionAdvice.java:28] org.apache.tomcat.util.threads.TaskThread$WrappingRunnable.run(TaskThread.java:61)
2021-10-03 19:32:11,884 ERROR [http-nio-8080-exec-10] c.t.c.c.a.ExceptionAdvice [ExceptionAdvice.java:28] java.lang.Thread.run(Thread.java:748)
2021-10-03 19:41:19,135 ERROR [http-nio-8080-exec-1] c.t.c.c.a.ExceptionAdvice [ExceptionAdvice.java:26] 服务器发生异常Failed to convert value of type 'java.lang.String' to required type 'int'; nested exception is java.lang.NumberFormatException: For input string: "login"
2021-10-03 19:41:19,136 ERROR [http-nio-8080-exec-1] c.t.c.c.a.ExceptionAdvice [ExceptionAdvice.java:28] org.springframework.web.method.annotation.AbstractNamedValueMethodArgumentResolver.resolveArgument(AbstractNamedValueMethodArgumentResolver.java:133)
2021-10-03 19:41:19,136 ERROR [http-nio-8080-exec-1] c.t.c.c.a.ExceptionAdvice [ExceptionAdvice.java:28] org.springframework.web.method.support.HandlerMethodArgumentResolverComposite.resolveArgument(HandlerMethodArgumentResolverComposite.java:121)
2021-10-03 19:41:19,136 ERROR [http-nio-8080-exec-1] c.t.c.c.a.ExceptionAdvice [ExceptionAdvice.java:28] org.springframework.web.method.support.InvocableHandlerMethod.getMethodArgumentValues(InvocableHandlerMethod.java:179)
2021-10-03 19:41:19,136 ERROR [http-nio-8080-exec-1] c.t.c.c.a.ExceptionAdvice [ExceptionAdvice.java:28] org.springframework.web.method.support.InvocableHandlerMethod.invokeForRequest(InvocableHandlerMethod.java:146)
2021-10-03 19:41:19,137 ERROR [http-nio-8080-exec-1] c.t.c.c.a.ExceptionAdvice [ExceptionAdvice.java:28] org.springframework.web.servlet.mvc.method.annotation.ServletInvocableHandlerMethod.invokeAndHandle(ServletInvocableHandlerMethod.java:117)
2021-10-03 19:41:19,137 ERROR [http-nio-8080-exec-1] c.t.c.c.a.ExceptionAdvice [ExceptionAdvice.java:28] org.springframework.web.servlet.mvc.method.annotation.RequestMappingHandlerAdapter.invokeHandlerMethod(RequestMappingHandlerAdapter.java:895)
2021-10-03 19:41:19,137 ERROR [http-nio-8080-exec-1] c.t.c.c.a.ExceptionAdvice [ExceptionAdvice.java:28] org.springframework.web.servlet.mvc.method.annotation.RequestMappingHandlerAdapter.handleInternal(RequestMappingHandlerAdapter.java:808)
2021-10-03 19:41:19,137 ERROR [http-nio-8080-exec-1] c.t.c.c.a.ExceptionAdvice [ExceptionAdvice.java:28] org.springframework.web.servlet.mvc.method.AbstractHandlerMethodAdapter.handle(AbstractHandlerMethodAdapter.java:87)
2021-10-03 19:41:19,137 ERROR [http-nio-8080-exec-1] c.t.c.c.a.ExceptionAdvice [ExceptionAdvice.java:28] org.springframework.web.servlet.DispatcherServlet.doDispatch(DispatcherServlet.java:1067)
2021-10-03 19:41:19,137 ERROR [http-nio-8080-exec-1] c.t.c.c.a.ExceptionAdvice [ExceptionAdvice.java:28] org.springframework.web.servlet.DispatcherServlet.doService(DispatcherServlet.java:963)
2021-10-03 19:41:19,137 ERROR [http-nio-8080-exec-1] c.t.c.c.a.ExceptionAdvice [ExceptionAdvice.java:28] org.springframework.web.servlet.FrameworkServlet.processRequest(FrameworkServlet.java:1006)
2021-10-03 19:41:19,137 ERROR [http-nio-8080-exec-1] c.t.c.c.a.ExceptionAdvice [ExceptionAdvice.java:28] org.springframework.web.servlet.FrameworkServlet.doGet(FrameworkServlet.java:898)
2021-10-03 19:41:19,137 ERROR [http-nio-8080-exec-1] c.t.c.c.a.ExceptionAdvice [ExceptionAdvice.java:28] javax.servlet.http.HttpServlet.service(HttpServlet.java:645)
2021-10-03 19:41:19,138 ERROR [http-nio-8080-exec-1] c.t.c.c.a.ExceptionAdvice [ExceptionAdvice.java:28] org.springframework.web.servlet.FrameworkServlet.service(FrameworkServlet.java:883)
2021-10-03 19:41:19,138 ERROR [http-nio-8080-exec-1] c.t.c.c.a.ExceptionAdvice [ExceptionAdvice.java:28] javax.servlet.http.HttpServlet.service(HttpServlet.java:750)
2021-10-03 19:41:19,138 ERROR [http-nio-8080-exec-1] c.t.c.c.a.ExceptionAdvice [ExceptionAdvice.java:28] org.apache.catalina.core.ApplicationFilterChain.internalDoFilter(ApplicationFilterChain.java:227)
2021-10-03 19:41:19,138 ERROR [http-nio-8080-exec-1] c.t.c.c.a.ExceptionAdvice [ExceptionAdvice.java:28] org.apache.catalina.core.ApplicationFilterChain.doFilter(ApplicationFilterChain.java:162)
2021-10-03 19:41:19,138 ERROR [http-nio-8080-exec-1] c.t.c.c.a.ExceptionAdvice [ExceptionAdvice.java:28] org.apache.tomcat.websocket.server.WsFilter.doFilter(WsFilter.java:53)
2021-10-03 19:41:19,138 ERROR [http-nio-8080-exec-1] c.t.c.c.a.ExceptionAdvice [ExceptionAdvice.java:28] org.apache.catalina.core.ApplicationFilterChain.internalDoFilter(ApplicationFilterChain.java:189)
2021-10-03 19:41:19,138 ERROR [http-nio-8080-exec-1] c.t.c.c.a.ExceptionAdvice [ExceptionAdvice.java:28] org.apache.catalina.core.ApplicationFilterChain.doFilter(ApplicationFilterChain.java:162)
2021-10-03 19:41:19,138 ERROR [http-nio-8080-exec-1] c.t.c.c.a.ExceptionAdvice [ExceptionAdvice.java:28] org.springframework.web.filter.RequestContextFilter.doFilterInternal(RequestContextFilter.java:100)
2021-10-03 19:41:19,138 ERROR [http-nio-8080-exec-1] c.t.c.c.a.ExceptionAdvice [ExceptionAdvice.java:28] org.springframework.web.filter.OncePerRequestFilter.doFilter(OncePerRequestFilter.java:119)
2021-10-03 19:41:19,138 ERROR [http-nio-8080-exec-1] c.t.c.c.a.ExceptionAdvice [ExceptionAdvice.java:28] org.apache.catalina.core.ApplicationFilterChain.internalDoFilter(ApplicationFilterChain.java:189)
2021-10-03 19:41:19,138 ERROR [http-nio-8080-exec-1] c.t.c.c.a.ExceptionAdvice [ExceptionAdvice.java:28] org.apache.catalina.core.ApplicationFilterChain.doFilter(ApplicationFilterChain.java:162)
2021-10-03 19:41:19,139 ERROR [http-nio-8080-exec-1] c.t.c.c.a.ExceptionAdvice [ExceptionAdvice.java:28] org.springframework.web.filter.FormContentFilter.doFilterInternal(FormContentFilter.java:93)
2021-10-03 19:41:19,139 ERROR [http-nio-8080-exec-1] c.t.c.c.a.ExceptionAdvice [ExceptionAdvice.java:28] org.springframework.web.filter.OncePerRequestFilter.doFilter(OncePerRequestFilter.java:119)
2021-10-03 19:41:19,139 ERROR [http-nio-8080-exec-1] c.t.c.c.a.ExceptionAdvice [ExceptionAdvice.java:28] org.apache.catalina.core.ApplicationFilterChain.internalDoFilter(ApplicationFilterChain.java:189)
2021-10-03 19:41:19,139 ERROR [http-nio-8080-exec-1] c.t.c.c.a.ExceptionAdvice [ExceptionAdvice.java:28] org.apache.catalina.core.ApplicationFilterChain.doFilter(ApplicationFilterChain.java:162)
2021-10-03 19:41:19,139 ERROR [http-nio-8080-exec-1] c.t.c.c.a.ExceptionAdvice [ExceptionAdvice.java:28] org.springframework.web.filter.CharacterEncodingFilter.doFilterInternal(CharacterEncodingFilter.java:201)
2021-10-03 19:41:19,139 ERROR [http-nio-8080-exec-1] c.t.c.c.a.ExceptionAdvice [ExceptionAdvice.java:28] org.springframework.web.filter.OncePerRequestFilter.doFilter(OncePerRequestFilter.java:119)
2021-10-03 19:41:19,139 ERROR [http-nio-8080-exec-1] c.t.c.c.a.ExceptionAdvice [ExceptionAdvice.java:28] org.apache.catalina.core.ApplicationFilterChain.internalDoFilter(ApplicationFilterChain.java:189)
2021-10-03 19:41:19,139 ERROR [http-nio-8080-exec-1] c.t.c.c.a.ExceptionAdvice [ExceptionAdvice.java:28] org.apache.catalina.core.ApplicationFilterChain.doFilter(ApplicationFilterChain.java:162)
2021-10-03 19:41:19,139 ERROR [http-nio-8080-exec-1] c.t.c.c.a.ExceptionAdvice [ExceptionAdvice.java:28] org.apache.catalina.core.StandardWrapperValve.invoke(StandardWrapperValve.java:197)
2021-10-03 19:41:19,139 ERROR [http-nio-8080-exec-1] c.t.c.c.a.ExceptionAdvice [ExceptionAdvice.java:28] org.apache.catalina.core.StandardContextValve.invoke(StandardContextValve.java:97)
2021-10-03 19:41:19,140 ERROR [http-nio-8080-exec-1] c.t.c.c.a.ExceptionAdvice [ExceptionAdvice.java:28] org.apache.catalina.authenticator.AuthenticatorBase.invoke(AuthenticatorBase.java:540)
2021-10-03 19:41:19,140 ERROR [http-nio-8080-exec-1] c.t.c.c.a.ExceptionAdvice [ExceptionAdvice.java:28] org.apache.catalina.core.StandardHostValve.invoke(StandardHostValve.java:135)
2021-10-03 19:41:19,140 ERROR [http-nio-8080-exec-1] c.t.c.c.a.ExceptionAdvice [ExceptionAdvice.java:28] org.apache.catalina.valves.ErrorReportValve.invoke(ErrorReportValve.java:92)
2021-10-03 19:41:19,140 ERROR [http-nio-8080-exec-1] c.t.c.c.a.ExceptionAdvice [ExceptionAdvice.java:28] org.apache.catalina.core.StandardEngineValve.invoke(StandardEngineValve.java:78)
2021-10-03 19:41:19,140 ERROR [http-nio-8080-exec-1] c.t.c.c.a.ExceptionAdvice [ExceptionAdvice.java:28] org.apache.catalina.connector.CoyoteAdapter.service(CoyoteAdapter.java:357)
2021-10-03 19:41:19,140 ERROR [http-nio-8080-exec-1] c.t.c.c.a.ExceptionAdvice [ExceptionAdvice.java:28] org.apache.coyote.http11.Http11Processor.service(Http11Processor.java:382)
2021-10-03 19:41:19,140 ERROR [http-nio-8080-exec-1] c.t.c.c.a.ExceptionAdvice [ExceptionAdvice.java:28] org.apache.coyote.AbstractProcessorLight.process(AbstractProcessorLight.java:65)
2021-10-03 19:41:19,140 ERROR [http-nio-8080-exec-1] c.t.c.c.a.ExceptionAdvice [ExceptionAdvice.java:28] org.apache.coyote.AbstractProtocol$ConnectionHandler.process(AbstractProtocol.java:893)
2021-10-03 19:41:19,140 ERROR [http-nio-8080-exec-1] c.t.c.c.a.ExceptionAdvice [ExceptionAdvice.java:28] org.apache.tomcat.util.net.NioEndpoint$SocketProcessor.doRun(NioEndpoint.java:1726)
2021-10-03 19:41:19,140 ERROR [http-nio-8080-exec-1] c.t.c.c.a.ExceptionAdvice [ExceptionAdvice.java:28] org.apache.tomcat.util.net.SocketProcessorBase.run(SocketProcessorBase.java:49)
2021-10-03 19:41:19,140 ERROR [http-nio-8080-exec-1] c.t.c.c.a.ExceptionAdvice [ExceptionAdvice.java:28] org.apache.tomcat.util.threads.ThreadPoolExecutor.runWorker(ThreadPoolExecutor.java:1191)
2021-10-03 19:41:19,141 ERROR [http-nio-8080-exec-1] c.t.c.c.a.ExceptionAdvice [ExceptionAdvice.java:28] org.apache.tomcat.util.threads.ThreadPoolExecutor$Worker.run(ThreadPoolExecutor.java:659)
2021-10-03 19:41:19,141 ERROR [http-nio-8080-exec-1] c.t.c.c.a.ExceptionAdvice [ExceptionAdvice.java:28] org.apache.tomcat.util.threads.TaskThread$WrappingRunnable.run(TaskThread.java:61)
2021-10-03 19:41:19,141 ERROR [http-nio-8080-exec-1] c.t.c.c.a.ExceptionAdvice [ExceptionAdvice.java:28] java.lang.Thread.run(Thread.java:748)
2021-10-03 19:46:01,533 ERROR [http-nio-8080-exec-5] c.t.c.c.a.ExceptionAdvice [ExceptionAdvice.java:26] 服务器发生异常Failed to convert value of type 'java.lang.String' to required type 'int'; nested exception is java.lang.NumberFormatException: For input string: "login"
2021-10-03 19:46:01,533 ERROR [http-nio-8080-exec-5] c.t.c.c.a.ExceptionAdvice [ExceptionAdvice.java:28] org.springframework.web.method.annotation.AbstractNamedValueMethodArgumentResolver.resolveArgument(AbstractNamedValueMethodArgumentResolver.java:133)
2021-10-03 19:46:01,533 ERROR [http-nio-8080-exec-5] c.t.c.c.a.ExceptionAdvice [ExceptionAdvice.java:28] org.springframework.web.method.support.HandlerMethodArgumentResolverComposite.resolveArgument(HandlerMethodArgumentResolverComposite.java:121)
2021-10-03 19:46:01,533 ERROR [http-nio-8080-exec-5] c.t.c.c.a.ExceptionAdvice [ExceptionAdvice.java:28] org.springframework.web.method.support.InvocableHandlerMethod.getMethodArgumentValues(InvocableHandlerMethod.java:179)
2021-10-03 19:46:01,534 ERROR [http-nio-8080-exec-5] c.t.c.c.a.ExceptionAdvice [ExceptionAdvice.java:28] org.springframework.web.method.support.InvocableHandlerMethod.invokeForRequest(InvocableHandlerMethod.java:146)
2021-10-03 19:46:01,534 ERROR [http-nio-8080-exec-5] c.t.c.c.a.ExceptionAdvice [ExceptionAdvice.java:28] org.springframework.web.servlet.mvc.method.annotation.ServletInvocableHandlerMethod.invokeAndHandle(ServletInvocableHandlerMethod.java:117)
2021-10-03 19:46:01,534 ERROR [http-nio-8080-exec-5] c.t.c.c.a.ExceptionAdvice [ExceptionAdvice.java:28] org.springframework.web.servlet.mvc.method.annotation.RequestMappingHandlerAdapter.invokeHandlerMethod(RequestMappingHandlerAdapter.java:895)
2021-10-03 19:46:01,534 ERROR [http-nio-8080-exec-5] c.t.c.c.a.ExceptionAdvice [ExceptionAdvice.java:28] org.springframework.web.servlet.mvc.method.annotation.RequestMappingHandlerAdapter.handleInternal(RequestMappingHandlerAdapter.java:808)
2021-10-03 19:46:01,534 ERROR [http-nio-8080-exec-5] c.t.c.c.a.ExceptionAdvice [ExceptionAdvice.java:28] org.springframework.web.servlet.mvc.method.AbstractHandlerMethodAdapter.handle(AbstractHandlerMethodAdapter.java:87)
2021-10-03 19:46:01,534 ERROR [http-nio-8080-exec-5] c.t.c.c.a.ExceptionAdvice [ExceptionAdvice.java:28] org.springframework.web.servlet.DispatcherServlet.doDispatch(DispatcherServlet.java:1067)
2021-10-03 19:46:01,534 ERROR [http-nio-8080-exec-5] c.t.c.c.a.ExceptionAdvice [ExceptionAdvice.java:28] org.springframework.web.servlet.DispatcherServlet.doService(DispatcherServlet.java:963)
2021-10-03 19:46:01,535 ERROR [http-nio-8080-exec-5] c.t.c.c.a.ExceptionAdvice [ExceptionAdvice.java:28] org.springframework.web.servlet.FrameworkServlet.processRequest(FrameworkServlet.java:1006)
2021-10-03 19:46:01,535 ERROR [http-nio-8080-exec-5] c.t.c.c.a.ExceptionAdvice [ExceptionAdvice.java:28] org.springframework.web.servlet.FrameworkServlet.doGet(FrameworkServlet.java:898)
2021-10-03 19:46:01,535 ERROR [http-nio-8080-exec-5] c.t.c.c.a.ExceptionAdvice [ExceptionAdvice.java:28] javax.servlet.http.HttpServlet.service(HttpServlet.java:645)
2021-10-03 19:46:01,535 ERROR [http-nio-8080-exec-5] c.t.c.c.a.ExceptionAdvice [ExceptionAdvice.java:28] org.springframework.web.servlet.FrameworkServlet.service(FrameworkServlet.java:883)
2021-10-03 19:46:01,535 ERROR [http-nio-8080-exec-5] c.t.c.c.a.ExceptionAdvice [ExceptionAdvice.java:28] javax.servlet.http.HttpServlet.service(HttpServlet.java:750)
2021-10-03 19:46:01,535 ERROR [http-nio-8080-exec-5] c.t.c.c.a.ExceptionAdvice [ExceptionAdvice.java:28] org.apache.catalina.core.ApplicationFilterChain.internalDoFilter(ApplicationFilterChain.java:227)
2021-10-03 19:46:01,535 ERROR [http-nio-8080-exec-5] c.t.c.c.a.ExceptionAdvice [ExceptionAdvice.java:28] org.apache.catalina.core.ApplicationFilterChain.doFilter(ApplicationFilterChain.java:162)
2021-10-03 19:46:01,535 ERROR [http-nio-8080-exec-5] c.t.c.c.a.ExceptionAdvice [ExceptionAdvice.java:28] org.apache.tomcat.websocket.server.WsFilter.doFilter(WsFilter.java:53)
2021-10-03 19:46:01,536 ERROR [http-nio-8080-exec-5] c.t.c.c.a.ExceptionAdvice [ExceptionAdvice.java:28] org.apache.catalina.core.ApplicationFilterChain.internalDoFilter(ApplicationFilterChain.java:189)
2021-10-03 19:46:01,536 ERROR [http-nio-8080-exec-5] c.t.c.c.a.ExceptionAdvice [ExceptionAdvice.java:28] org.apache.catalina.core.ApplicationFilterChain.doFilter(ApplicationFilterChain.java:162)
2021-10-03 19:46:01,536 ERROR [http-nio-8080-exec-5] c.t.c.c.a.ExceptionAdvice [ExceptionAdvice.java:28] org.springframework.web.filter.RequestContextFilter.doFilterInternal(RequestContextFilter.java:100)
2021-10-03 19:46:01,536 ERROR [http-nio-8080-exec-5] c.t.c.c.a.ExceptionAdvice [ExceptionAdvice.java:28] org.springframework.web.filter.OncePerRequestFilter.doFilter(OncePerRequestFilter.java:119)
2021-10-03 19:46:01,536 ERROR [http-nio-8080-exec-5] c.t.c.c.a.ExceptionAdvice [ExceptionAdvice.java:28] org.apache.catalina.core.ApplicationFilterChain.internalDoFilter(ApplicationFilterChain.java:189)
2021-10-03 19:46:01,536 ERROR [http-nio-8080-exec-5] c.t.c.c.a.ExceptionAdvice [ExceptionAdvice.java:28] org.apache.catalina.core.ApplicationFilterChain.doFilter(ApplicationFilterChain.java:162)
2021-10-03 19:46:01,536 ERROR [http-nio-8080-exec-5] c.t.c.c.a.ExceptionAdvice [ExceptionAdvice.java:28] org.springframework.web.filter.FormContentFilter.doFilterInternal(FormContentFilter.java:93)
2021-10-03 19:46:01,536 ERROR [http-nio-8080-exec-5] c.t.c.c.a.ExceptionAdvice [ExceptionAdvice.java:28] org.springframework.web.filter.OncePerRequestFilter.doFilter(OncePerRequestFilter.java:119)
2021-10-03 19:46:01,536 ERROR [http-nio-8080-exec-5] c.t.c.c.a.ExceptionAdvice [ExceptionAdvice.java:28] org.apache.catalina.core.ApplicationFilterChain.internalDoFilter(ApplicationFilterChain.java:189)
2021-10-03 19:46:01,537 ERROR [http-nio-8080-exec-5] c.t.c.c.a.ExceptionAdvice [ExceptionAdvice.java:28] org.apache.catalina.core.ApplicationFilterChain.doFilter(ApplicationFilterChain.java:162)
2021-10-03 19:46:01,537 ERROR [http-nio-8080-exec-5] c.t.c.c.a.ExceptionAdvice [ExceptionAdvice.java:28] org.springframework.web.filter.CharacterEncodingFilter.doFilterInternal(CharacterEncodingFilter.java:201)
2021-10-03 19:46:01,537 ERROR [http-nio-8080-exec-5] c.t.c.c.a.ExceptionAdvice [ExceptionAdvice.java:28] org.springframework.web.filter.OncePerRequestFilter.doFilter(OncePerRequestFilter.java:119)
2021-10-03 19:46:01,537 ERROR [http-nio-8080-exec-5] c.t.c.c.a.ExceptionAdvice [ExceptionAdvice.java:28] org.apache.catalina.core.ApplicationFilterChain.internalDoFilter(ApplicationFilterChain.java:189)
2021-10-03 19:46:01,537 ERROR [http-nio-8080-exec-5] c.t.c.c.a.ExceptionAdvice [ExceptionAdvice.java:28] org.apache.catalina.core.ApplicationFilterChain.doFilter(ApplicationFilterChain.java:162)
2021-10-03 19:46:01,537 ERROR [http-nio-8080-exec-5] c.t.c.c.a.ExceptionAdvice [ExceptionAdvice.java:28] org.apache.catalina.core.StandardWrapperValve.invoke(StandardWrapperValve.java:197)
2021-10-03 19:46:01,537 ERROR [http-nio-8080-exec-5] c.t.c.c.a.ExceptionAdvice [ExceptionAdvice.java:28] org.apache.catalina.core.StandardContextValve.invoke(StandardContextValve.java:97)
2021-10-03 19:46:01,537 ERROR [http-nio-8080-exec-5] c.t.c.c.a.ExceptionAdvice [ExceptionAdvice.java:28] org.apache.catalina.authenticator.AuthenticatorBase.invoke(AuthenticatorBase.java:540)
2021-10-03 19:46:01,538 ERROR [http-nio-8080-exec-5] c.t.c.c.a.ExceptionAdvice [ExceptionAdvice.java:28] org.apache.catalina.core.StandardHostValve.invoke(StandardHostValve.java:135)
2021-10-03 19:46:01,538 ERROR [http-nio-8080-exec-5] c.t.c.c.a.ExceptionAdvice [ExceptionAdvice.java:28] org.apache.catalina.valves.ErrorReportValve.invoke(ErrorReportValve.java:92)
2021-10-03 19:46:01,538 ERROR [http-nio-8080-exec-5] c.t.c.c.a.ExceptionAdvice [ExceptionAdvice.java:28] org.apache.catalina.core.StandardEngineValve.invoke(StandardEngineValve.java:78)
2021-10-03 19:46:01,538 ERROR [http-nio-8080-exec-5] c.t.c.c.a.ExceptionAdvice [ExceptionAdvice.java:28] org.apache.catalina.connector.CoyoteAdapter.service(CoyoteAdapter.java:357)
2021-10-03 19:46:01,538 ERROR [http-nio-8080-exec-5] c.t.c.c.a.ExceptionAdvice [ExceptionAdvice.java:28] org.apache.coyote.http11.Http11Processor.service(Http11Processor.java:382)
2021-10-03 19:46:01,538 ERROR [http-nio-8080-exec-5] c.t.c.c.a.ExceptionAdvice [ExceptionAdvice.java:28] org.apache.coyote.AbstractProcessorLight.process(AbstractProcessorLight.java:65)
2021-10-03 19:46:01,538 ERROR [http-nio-8080-exec-5] c.t.c.c.a.ExceptionAdvice [ExceptionAdvice.java:28] org.apache.coyote.AbstractProtocol$ConnectionHandler.process(AbstractProtocol.java:893)
2021-10-03 19:46:01,538 ERROR [http-nio-8080-exec-5] c.t.c.c.a.ExceptionAdvice [ExceptionAdvice.java:28] org.apache.tomcat.util.net.NioEndpoint$SocketProcessor.doRun(NioEndpoint.java:1726)
2021-10-03 19:46:01,539 ERROR [http-nio-8080-exec-5] c.t.c.c.a.ExceptionAdvice [ExceptionAdvice.java:28] org.apache.tomcat.util.net.SocketProcessorBase.run(SocketProcessorBase.java:49)
2021-10-03 19:46:01,539 ERROR [http-nio-8080-exec-5] c.t.c.c.a.ExceptionAdvice [ExceptionAdvice.java:28] org.apache.tomcat.util.threads.ThreadPoolExecutor.runWorker(ThreadPoolExecutor.java:1191)
2021-10-03 19:46:01,539 ERROR [http-nio-8080-exec-5] c.t.c.c.a.ExceptionAdvice [ExceptionAdvice.java:28] org.apache.tomcat.util.threads.ThreadPoolExecutor$Worker.run(ThreadPoolExecutor.java:659)
2021-10-03 19:46:01,539 ERROR [http-nio-8080-exec-5] c.t.c.c.a.ExceptionAdvice [ExceptionAdvice.java:28] org.apache.tomcat.util.threads.TaskThread$WrappingRunnable.run(TaskThread.java:61)
2021-10-03 19:46:01,539 ERROR [http-nio-8080-exec-5] c.t.c.c.a.ExceptionAdvice [ExceptionAdvice.java:28] java.lang.Thread.run(Thread.java:748)
2021-10-03 20:48:43,040 ERROR [http-nio-8080-exec-2] c.t.c.c.a.ExceptionAdvice [ExceptionAdvice.java:26] 服务器发生异常Failed to convert value of type 'java.lang.String' to required type 'int'; nested exception is java.lang.NumberFormatException: For input string: "profile.html"
2021-10-03 20:48:43,040 ERROR [http-nio-8080-exec-2] c.t.c.c.a.ExceptionAdvice [ExceptionAdvice.java:28] org.springframework.web.method.annotation.AbstractNamedValueMethodArgumentResolver.resolveArgument(AbstractNamedValueMethodArgumentResolver.java:133)
2021-10-03 20:48:43,040 ERROR [http-nio-8080-exec-2] c.t.c.c.a.ExceptionAdvice [ExceptionAdvice.java:28] org.springframework.web.method.support.HandlerMethodArgumentResolverComposite.resolveArgument(HandlerMethodArgumentResolverComposite.java:121)
2021-10-03 20:48:43,040 ERROR [http-nio-8080-exec-2] c.t.c.c.a.ExceptionAdvice [ExceptionAdvice.java:28] org.springframework.web.method.support.InvocableHandlerMethod.getMethodArgumentValues(InvocableHandlerMethod.java:179)
2021-10-03 20:48:43,040 ERROR [http-nio-8080-exec-2] c.t.c.c.a.ExceptionAdvice [ExceptionAdvice.java:28] org.springframework.web.method.support.InvocableHandlerMethod.invokeForRequest(InvocableHandlerMethod.java:146)
2021-10-03 20:48:43,041 ERROR [http-nio-8080-exec-2] c.t.c.c.a.ExceptionAdvice [ExceptionAdvice.java:28] org.springframework.web.servlet.mvc.method.annotation.ServletInvocableHandlerMethod.invokeAndHandle(ServletInvocableHandlerMethod.java:117)
2021-10-03 20:48:43,041 ERROR [http-nio-8080-exec-2] c.t.c.c.a.ExceptionAdvice [ExceptionAdvice.java:28] org.springframework.web.servlet.mvc.method.annotation.RequestMappingHandlerAdapter.invokeHandlerMethod(RequestMappingHandlerAdapter.java:895)
2021-10-03 20:48:43,041 ERROR [http-nio-8080-exec-2] c.t.c.c.a.ExceptionAdvice [ExceptionAdvice.java:28] org.springframework.web.servlet.mvc.method.annotation.RequestMappingHandlerAdapter.handleInternal(RequestMappingHandlerAdapter.java:808)
2021-10-03 20:48:43,041 ERROR [http-nio-8080-exec-2] c.t.c.c.a.ExceptionAdvice [ExceptionAdvice.java:28] org.springframework.web.servlet.mvc.method.AbstractHandlerMethodAdapter.handle(AbstractHandlerMethodAdapter.java:87)
2021-10-03 20:48:43,041 ERROR [http-nio-8080-exec-2] c.t.c.c.a.ExceptionAdvice [ExceptionAdvice.java:28] org.springframework.web.servlet.DispatcherServlet.doDispatch(DispatcherServlet.java:1067)
2021-10-03 20:48:43,041 ERROR [http-nio-8080-exec-2] c.t.c.c.a.ExceptionAdvice [ExceptionAdvice.java:28] org.springframework.web.servlet.DispatcherServlet.doService(DispatcherServlet.java:963)
2021-10-03 20:48:43,041 ERROR [http-nio-8080-exec-2] c.t.c.c.a.ExceptionAdvice [ExceptionAdvice.java:28] org.springframework.web.servlet.FrameworkServlet.processRequest(FrameworkServlet.java:1006)
2021-10-03 20:48:43,041 ERROR [http-nio-8080-exec-2] c.t.c.c.a.ExceptionAdvice [ExceptionAdvice.java:28] org.springframework.web.servlet.FrameworkServlet.doGet(FrameworkServlet.java:898)
2021-10-03 20:48:43,041 ERROR [http-nio-8080-exec-2] c.t.c.c.a.ExceptionAdvice [ExceptionAdvice.java:28] javax.servlet.http.HttpServlet.service(HttpServlet.java:645)
2021-10-03 20:48:43,042 ERROR [http-nio-8080-exec-2] c.t.c.c.a.ExceptionAdvice [ExceptionAdvice.java:28] org.springframework.web.servlet.FrameworkServlet.service(FrameworkServlet.java:883)
2021-10-03 20:48:43,042 ERROR [http-nio-8080-exec-2] c.t.c.c.a.ExceptionAdvice [ExceptionAdvice.java:28] javax.servlet.http.HttpServlet.service(HttpServlet.java:750)
2021-10-03 20:48:43,042 ERROR [http-nio-8080-exec-2] c.t.c.c.a.ExceptionAdvice [ExceptionAdvice.java:28] org.apache.catalina.core.ApplicationFilterChain.internalDoFilter(ApplicationFilterChain.java:227)
2021-10-03 20:48:43,042 ERROR [http-nio-8080-exec-2] c.t.c.c.a.ExceptionAdvice [ExceptionAdvice.java:28] org.apache.catalina.core.ApplicationFilterChain.doFilter(ApplicationFilterChain.java:162)
2021-10-03 20:48:43,042 ERROR [http-nio-8080-exec-2] c.t.c.c.a.ExceptionAdvice [ExceptionAdvice.java:28] org.apache.tomcat.websocket.server.WsFilter.doFilter(WsFilter.java:53)
2021-10-03 20:48:43,042 ERROR [http-nio-8080-exec-2] c.t.c.c.a.ExceptionAdvice [ExceptionAdvice.java:28] org.apache.catalina.core.ApplicationFilterChain.internalDoFilter(ApplicationFilterChain.java:189)
2021-10-03 20:48:43,042 ERROR [http-nio-8080-exec-2] c.t.c.c.a.ExceptionAdvice [ExceptionAdvice.java:28] org.apache.catalina.core.ApplicationFilterChain.doFilter(ApplicationFilterChain.java:162)
2021-10-03 20:48:43,042 ERROR [http-nio-8080-exec-2] c.t.c.c.a.ExceptionAdvice [ExceptionAdvice.java:28] org.springframework.web.filter.RequestContextFilter.doFilterInternal(RequestContextFilter.java:100)
2021-10-03 20:48:43,042 ERROR [http-nio-8080-exec-2] c.t.c.c.a.ExceptionAdvice [ExceptionAdvice.java:28] org.springframework.web.filter.OncePerRequestFilter.doFilter(OncePerRequestFilter.java:119)
2021-10-03 20:48:43,043 ERROR [http-nio-8080-exec-2] c.t.c.c.a.ExceptionAdvice [ExceptionAdvice.java:28] org.apache.catalina.core.ApplicationFilterChain.internalDoFilter(ApplicationFilterChain.java:189)
2021-10-03 20:48:43,043 ERROR [http-nio-8080-exec-2] c.t.c.c.a.ExceptionAdvice [ExceptionAdvice.java:28] org.apache.catalina.core.ApplicationFilterChain.doFilter(ApplicationFilterChain.java:162)
2021-10-03 20:48:43,043 ERROR [http-nio-8080-exec-2] c.t.c.c.a.ExceptionAdvice [ExceptionAdvice.java:28] org.springframework.web.filter.FormContentFilter.doFilterInternal(FormContentFilter.java:93)
2021-10-03 20:48:43,043 ERROR [http-nio-8080-exec-2] c.t.c.c.a.ExceptionAdvice [ExceptionAdvice.java:28] org.springframework.web.filter.OncePerRequestFilter.doFilter(OncePerRequestFilter.java:119)
2021-10-03 20:48:43,043 ERROR [http-nio-8080-exec-2] c.t.c.c.a.ExceptionAdvice [ExceptionAdvice.java:28] org.apache.catalina.core.ApplicationFilterChain.internalDoFilter(ApplicationFilterChain.java:189)
2021-10-03 20:48:43,043 ERROR [http-nio-8080-exec-2] c.t.c.c.a.ExceptionAdvice [ExceptionAdvice.java:28] org.apache.catalina.core.ApplicationFilterChain.doFilter(ApplicationFilterChain.java:162)
2021-10-03 20:48:43,043 ERROR [http-nio-8080-exec-2] c.t.c.c.a.ExceptionAdvice [ExceptionAdvice.java:28] org.springframework.web.filter.CharacterEncodingFilter.doFilterInternal(CharacterEncodingFilter.java:201)
2021-10-03 20:48:43,043 ERROR [http-nio-8080-exec-2] c.t.c.c.a.ExceptionAdvice [ExceptionAdvice.java:28] org.springframework.web.filter.OncePerRequestFilter.doFilter(OncePerRequestFilter.java:119)
2021-10-03 20:48:43,043 ERROR [http-nio-8080-exec-2] c.t.c.c.a.ExceptionAdvice [ExceptionAdvice.java:28] org.apache.catalina.core.ApplicationFilterChain.internalDoFilter(ApplicationFilterChain.java:189)
2021-10-03 20:48:43,043 ERROR [http-nio-8080-exec-2] c.t.c.c.a.ExceptionAdvice [ExceptionAdvice.java:28] org.apache.catalina.core.ApplicationFilterChain.doFilter(ApplicationFilterChain.java:162)
2021-10-03 20:48:43,044 ERROR [http-nio-8080-exec-2] c.t.c.c.a.ExceptionAdvice [ExceptionAdvice.java:28] org.apache.catalina.core.StandardWrapperValve.invoke(StandardWrapperValve.java:197)
2021-10-03 20:48:43,044 ERROR [http-nio-8080-exec-2] c.t.c.c.a.ExceptionAdvice [ExceptionAdvice.java:28] org.apache.catalina.core.StandardContextValve.invoke(StandardContextValve.java:97)
2021-10-03 20:48:43,044 ERROR [http-nio-8080-exec-2] c.t.c.c.a.ExceptionAdvice [ExceptionAdvice.java:28] org.apache.catalina.authenticator.AuthenticatorBase.invoke(AuthenticatorBase.java:540)
2021-10-03 20:48:43,044 ERROR [http-nio-8080-exec-2] c.t.c.c.a.ExceptionAdvice [ExceptionAdvice.java:28] org.apache.catalina.core.StandardHostValve.invoke(StandardHostValve.java:135)
2021-10-03 20:48:43,044 ERROR [http-nio-8080-exec-2] c.t.c.c.a.ExceptionAdvice [ExceptionAdvice.java:28] org.apache.catalina.valves.ErrorReportValve.invoke(ErrorReportValve.java:92)
2021-10-03 20:48:43,044 ERROR [http-nio-8080-exec-2] c.t.c.c.a.ExceptionAdvice [ExceptionAdvice.java:28] org.apache.catalina.core.StandardEngineValve.invoke(StandardEngineValve.java:78)
2021-10-03 20:48:43,044 ERROR [http-nio-8080-exec-2] c.t.c.c.a.ExceptionAdvice [ExceptionAdvice.java:28] org.apache.catalina.connector.CoyoteAdapter.service(CoyoteAdapter.java:357)
2021-10-03 20:48:43,044 ERROR [http-nio-8080-exec-2] c.t.c.c.a.ExceptionAdvice [ExceptionAdvice.java:28] org.apache.coyote.http11.Http11Processor.service(Http11Processor.java:382)
2021-10-03 20:48:43,044 ERROR [http-nio-8080-exec-2] c.t.c.c.a.ExceptionAdvice [ExceptionAdvice.java:28] org.apache.coyote.AbstractProcessorLight.process(AbstractProcessorLight.java:65)
2021-10-03 20:48:43,044 ERROR [http-nio-8080-exec-2] c.t.c.c.a.ExceptionAdvice [ExceptionAdvice.java:28] org.apache.coyote.AbstractProtocol$ConnectionHandler.process(AbstractProtocol.java:893)
2021-10-03 20:48:43,045 ERROR [http-nio-8080-exec-2] c.t.c.c.a.ExceptionAdvice [ExceptionAdvice.java:28] org.apache.tomcat.util.net.NioEndpoint$SocketProcessor.doRun(NioEndpoint.java:1726)
2021-10-03 20:48:43,045 ERROR [http-nio-8080-exec-2] c.t.c.c.a.ExceptionAdvice [ExceptionAdvice.java:28] org.apache.tomcat.util.net.SocketProcessorBase.run(SocketProcessorBase.java:49)
2021-10-03 20:48:43,045 ERROR [http-nio-8080-exec-2] c.t.c.c.a.ExceptionAdvice [ExceptionAdvice.java:28] org.apache.tomcat.util.threads.ThreadPoolExecutor.runWorker(ThreadPoolExecutor.java:1191)
2021-10-03 20:48:43,045 ERROR [http-nio-8080-exec-2] c.t.c.c.a.ExceptionAdvice [ExceptionAdvice.java:28] org.apache.tomcat.util.threads.ThreadPoolExecutor$Worker.run(ThreadPoolExecutor.java:659)
2021-10-03 20:48:43,045 ERROR [http-nio-8080-exec-2] c.t.c.c.a.ExceptionAdvice [ExceptionAdvice.java:28] org.apache.tomcat.util.threads.TaskThread$WrappingRunnable.run(TaskThread.java:61)
2021-10-03 20:48:43,045 ERROR [http-nio-8080-exec-2] c.t.c.c.a.ExceptionAdvice [ExceptionAdvice.java:28] java.lang.Thread.run(Thread.java:748)
2021-10-03 20:48:45,931 ERROR [http-nio-8080-exec-6] c.t.c.c.a.ExceptionAdvice [ExceptionAdvice.java:26] 服务器发生异常Failed to convert value of type 'java.lang.String' to required type 'int'; nested exception is java.lang.NumberFormatException: For input string: "user.headerUrl"
2021-10-03 20:48:45,932 ERROR [http-nio-8080-exec-6] c.t.c.c.a.ExceptionAdvice [ExceptionAdvice.java:28] org.springframework.web.method.annotation.AbstractNamedValueMethodArgumentResolver.resolveArgument(AbstractNamedValueMethodArgumentResolver.java:133)
2021-10-03 20:48:45,932 ERROR [http-nio-8080-exec-6] c.t.c.c.a.ExceptionAdvice [ExceptionAdvice.java:28] org.springframework.web.method.support.HandlerMethodArgumentResolverComposite.resolveArgument(HandlerMethodArgumentResolverComposite.java:121)
2021-10-03 20:48:45,932 ERROR [http-nio-8080-exec-6] c.t.c.c.a.ExceptionAdvice [ExceptionAdvice.java:28] org.springframework.web.method.support.InvocableHandlerMethod.getMethodArgumentValues(InvocableHandlerMethod.java:179)
2021-10-03 20:48:45,932 ERROR [http-nio-8080-exec-6] c.t.c.c.a.ExceptionAdvice [ExceptionAdvice.java:28] org.springframework.web.method.support.InvocableHandlerMethod.invokeForRequest(InvocableHandlerMethod.java:146)
2021-10-03 20:48:45,932 ERROR [http-nio-8080-exec-6] c.t.c.c.a.ExceptionAdvice [ExceptionAdvice.java:28] org.springframework.web.servlet.mvc.method.annotation.ServletInvocableHandlerMethod.invokeAndHandle(ServletInvocableHandlerMethod.java:117)
2021-10-03 20:48:45,932 ERROR [http-nio-8080-exec-6] c.t.c.c.a.ExceptionAdvice [ExceptionAdvice.java:28] org.springframework.web.servlet.mvc.method.annotation.RequestMappingHandlerAdapter.invokeHandlerMethod(RequestMappingHandlerAdapter.java:895)
2021-10-03 20:48:45,932 ERROR [http-nio-8080-exec-6] c.t.c.c.a.ExceptionAdvice [ExceptionAdvice.java:28] org.springframework.web.servlet.mvc.method.annotation.RequestMappingHandlerAdapter.handleInternal(RequestMappingHandlerAdapter.java:808)
2021-10-03 20:48:45,932 ERROR [http-nio-8080-exec-6] c.t.c.c.a.ExceptionAdvice [ExceptionAdvice.java:28] org.springframework.web.servlet.mvc.method.AbstractHandlerMethodAdapter.handle(AbstractHandlerMethodAdapter.java:87)
2021-10-03 20:48:45,932 ERROR [http-nio-8080-exec-6] c.t.c.c.a.ExceptionAdvice [ExceptionAdvice.java:28] org.springframework.web.servlet.DispatcherServlet.doDispatch(DispatcherServlet.java:1067)
2021-10-03 20:48:45,932 ERROR [http-nio-8080-exec-6] c.t.c.c.a.ExceptionAdvice [ExceptionAdvice.java:28] org.springframework.web.servlet.DispatcherServlet.doService(DispatcherServlet.java:963)
2021-10-03 20:48:45,933 ERROR [http-nio-8080-exec-6] c.t.c.c.a.ExceptionAdvice [ExceptionAdvice.java:28] org.springframework.web.servlet.FrameworkServlet.processRequest(FrameworkServlet.java:1006)
2021-10-03 20:48:45,933 ERROR [http-nio-8080-exec-6] c.t.c.c.a.ExceptionAdvice [ExceptionAdvice.java:28] org.springframework.web.servlet.FrameworkServlet.doGet(FrameworkServlet.java:898)
2021-10-03 20:48:45,933 ERROR [http-nio-8080-exec-6] c.t.c.c.a.ExceptionAdvice [ExceptionAdvice.java:28] javax.servlet.http.HttpServlet.service(HttpServlet.java:645)
2021-10-03 20:48:45,933 ERROR [http-nio-8080-exec-6] c.t.c.c.a.ExceptionAdvice [ExceptionAdvice.java:28] org.springframework.web.servlet.FrameworkServlet.service(FrameworkServlet.java:883)
2021-10-03 20:48:45,933 ERROR [http-nio-8080-exec-6] c.t.c.c.a.ExceptionAdvice [ExceptionAdvice.java:28] javax.servlet.http.HttpServlet.service(HttpServlet.java:750)
2021-10-03 20:48:45,933 ERROR [http-nio-8080-exec-6] c.t.c.c.a.ExceptionAdvice [ExceptionAdvice.java:28] org.apache.catalina.core.ApplicationFilterChain.internalDoFilter(ApplicationFilterChain.java:227)
2021-10-03 20:48:45,933 ERROR [http-nio-8080-exec-6] c.t.c.c.a.ExceptionAdvice [ExceptionAdvice.java:28] org.apache.catalina.core.ApplicationFilterChain.doFilter(ApplicationFilterChain.java:162)
2021-10-03 20:48:45,933 ERROR [http-nio-8080-exec-6] c.t.c.c.a.ExceptionAdvice [ExceptionAdvice.java:28] org.apache.tomcat.websocket.server.WsFilter.doFilter(WsFilter.java:53)
2021-10-03 20:48:45,933 ERROR [http-nio-8080-exec-6] c.t.c.c.a.ExceptionAdvice [ExceptionAdvice.java:28] org.apache.catalina.core.ApplicationFilterChain.internalDoFilter(ApplicationFilterChain.java:189)
2021-10-03 20:48:45,933 ERROR [http-nio-8080-exec-6] c.t.c.c.a.ExceptionAdvice [ExceptionAdvice.java:28] org.apache.catalina.core.ApplicationFilterChain.doFilter(ApplicationFilterChain.java:162)
2021-10-03 20:48:45,934 ERROR [http-nio-8080-exec-6] c.t.c.c.a.ExceptionAdvice [ExceptionAdvice.java:28] org.springframework.web.filter.RequestContextFilter.doFilterInternal(RequestContextFilter.java:100)
2021-10-03 20:48:45,934 ERROR [http-nio-8080-exec-6] c.t.c.c.a.ExceptionAdvice [ExceptionAdvice.java:28] org.springframework.web.filter.OncePerRequestFilter.doFilter(OncePerRequestFilter.java:119)
2021-10-03 20:48:45,934 ERROR [http-nio-8080-exec-6] c.t.c.c.a.ExceptionAdvice [ExceptionAdvice.java:28] org.apache.catalina.core.ApplicationFilterChain.internalDoFilter(ApplicationFilterChain.java:189)
2021-10-03 20:48:45,934 ERROR [http-nio-8080-exec-6] c.t.c.c.a.ExceptionAdvice [ExceptionAdvice.java:28] org.apache.catalina.core.ApplicationFilterChain.doFilter(ApplicationFilterChain.java:162)
2021-10-03 20:48:45,934 ERROR [http-nio-8080-exec-6] c.t.c.c.a.ExceptionAdvice [ExceptionAdvice.java:28] org.springframework.web.filter.FormContentFilter.doFilterInternal(FormContentFilter.java:93)
2021-10-03 20:48:45,934 ERROR [http-nio-8080-exec-6] c.t.c.c.a.ExceptionAdvice [ExceptionAdvice.java:28] org.springframework.web.filter.OncePerRequestFilter.doFilter(OncePerRequestFilter.java:119)
2021-10-03 20:48:45,934 ERROR [http-nio-8080-exec-6] c.t.c.c.a.ExceptionAdvice [ExceptionAdvice.java:28] org.apache.catalina.core.ApplicationFilterChain.internalDoFilter(ApplicationFilterChain.java:189)
2021-10-03 20:48:45,934 ERROR [http-nio-8080-exec-6] c.t.c.c.a.ExceptionAdvice [ExceptionAdvice.java:28] org.apache.catalina.core.ApplicationFilterChain.doFilter(ApplicationFilterChain.java:162)
2021-10-03 20:48:45,934 ERROR [http-nio-8080-exec-6] c.t.c.c.a.ExceptionAdvice [ExceptionAdvice.java:28] org.springframework.web.filter.CharacterEncodingFilter.doFilterInternal(CharacterEncodingFilter.java:201)
2021-10-03 20:48:45,934 ERROR [http-nio-8080-exec-6] c.t.c.c.a.ExceptionAdvice [ExceptionAdvice.java:28] org.springframework.web.filter.OncePerRequestFilter.doFilter(OncePerRequestFilter.java:119)
2021-10-03 20:48:45,934 ERROR [http-nio-8080-exec-6] c.t.c.c.a.ExceptionAdvice [ExceptionAdvice.java:28] org.apache.catalina.core.ApplicationFilterChain.internalDoFilter(ApplicationFilterChain.java:189)
2021-10-03 20:48:45,935 ERROR [http-nio-8080-exec-6] c.t.c.c.a.ExceptionAdvice [ExceptionAdvice.java:28] org.apache.catalina.core.ApplicationFilterChain.doFilter(ApplicationFilterChain.java:162)
2021-10-03 20:48:45,935 ERROR [http-nio-8080-exec-6] c.t.c.c.a.ExceptionAdvice [ExceptionAdvice.java:28] org.apache.catalina.core.StandardWrapperValve.invoke(StandardWrapperValve.java:197)
2021-10-03 20:48:45,935 ERROR [http-nio-8080-exec-6] c.t.c.c.a.ExceptionAdvice [ExceptionAdvice.java:28] org.apache.catalina.core.StandardContextValve.invoke(StandardContextValve.java:97)
2021-10-03 20:48:45,935 ERROR [http-nio-8080-exec-6] c.t.c.c.a.ExceptionAdvice [ExceptionAdvice.java:28] org.apache.catalina.authenticator.AuthenticatorBase.invoke(AuthenticatorBase.java:540)
2021-10-03 20:48:45,935 ERROR [http-nio-8080-exec-6] c.t.c.c.a.ExceptionAdvice [ExceptionAdvice.java:28] org.apache.catalina.core.StandardHostValve.invoke(StandardHostValve.java:135)
2021-10-03 20:48:45,935 ERROR [http-nio-8080-exec-6] c.t.c.c.a.ExceptionAdvice [ExceptionAdvice.java:28] org.apache.catalina.valves.ErrorReportValve.invoke(ErrorReportValve.java:92)
2021-10-03 20:48:45,935 ERROR [http-nio-8080-exec-6] c.t.c.c.a.ExceptionAdvice [ExceptionAdvice.java:28] org.apache.catalina.core.StandardEngineValve.invoke(StandardEngineValve.java:78)
2021-10-03 20:48:45,935 ERROR [http-nio-8080-exec-6] c.t.c.c.a.ExceptionAdvice [ExceptionAdvice.java:28] org.apache.catalina.connector.CoyoteAdapter.service(CoyoteAdapter.java:357)
2021-10-03 20:48:45,935 ERROR [http-nio-8080-exec-6] c.t.c.c.a.ExceptionAdvice [ExceptionAdvice.java:28] org.apache.coyote.http11.Http11Processor.service(Http11Processor.java:382)
2021-10-03 20:48:45,935 ERROR [http-nio-8080-exec-6] c.t.c.c.a.ExceptionAdvice [ExceptionAdvice.java:28] org.apache.coyote.AbstractProcessorLight.process(AbstractProcessorLight.java:65)
2021-10-03 20:48:45,936 ERROR [http-nio-8080-exec-6] c.t.c.c.a.ExceptionAdvice [ExceptionAdvice.java:28] org.apache.coyote.AbstractProtocol$ConnectionHandler.process(AbstractProtocol.java:893)
2021-10-03 20:48:45,936 ERROR [http-nio-8080-exec-6] c.t.c.c.a.ExceptionAdvice [ExceptionAdvice.java:28] org.apache.tomcat.util.net.NioEndpoint$SocketProcessor.doRun(NioEndpoint.java:1726)
2021-10-03 20:48:45,936 ERROR [http-nio-8080-exec-6] c.t.c.c.a.ExceptionAdvice [ExceptionAdvice.java:28] org.apache.tomcat.util.net.SocketProcessorBase.run(SocketProcessorBase.java:49)
2021-10-03 20:48:45,936 ERROR [http-nio-8080-exec-6] c.t.c.c.a.ExceptionAdvice [ExceptionAdvice.java:28] org.apache.tomcat.util.threads.ThreadPoolExecutor.runWorker(ThreadPoolExecutor.java:1191)
2021-10-03 20:48:45,936 ERROR [http-nio-8080-exec-6] c.t.c.c.a.ExceptionAdvice [ExceptionAdvice.java:28] org.apache.tomcat.util.threads.ThreadPoolExecutor$Worker.run(ThreadPoolExecutor.java:659)
2021-10-03 20:48:45,936 ERROR [http-nio-8080-exec-6] c.t.c.c.a.ExceptionAdvice [ExceptionAdvice.java:28] org.apache.tomcat.util.threads.TaskThread$WrappingRunnable.run(TaskThread.java:61)
2021-10-03 20:48:45,936 ERROR [http-nio-8080-exec-6] c.t.c.c.a.ExceptionAdvice [ExceptionAdvice.java:28] java.lang.Thread.run(Thread.java:748)
2021-10-03 20:49:02,968 ERROR [http-nio-8080-exec-5] c.t.c.c.a.ExceptionAdvice [ExceptionAdvice.java:26] 服务器发生异常Failed to convert value of type 'java.lang.String' to required type 'int'; nested exception is java.lang.NumberFormatException: For input string: "user.headerUrl"
2021-10-03 20:49:02,969 ERROR [http-nio-8080-exec-5] c.t.c.c.a.ExceptionAdvice [ExceptionAdvice.java:28] org.springframework.web.method.annotation.AbstractNamedValueMethodArgumentResolver.resolveArgument(AbstractNamedValueMethodArgumentResolver.java:133)
2021-10-03 20:49:02,969 ERROR [http-nio-8080-exec-5] c.t.c.c.a.ExceptionAdvice [ExceptionAdvice.java:28] org.springframework.web.method.support.HandlerMethodArgumentResolverComposite.resolveArgument(HandlerMethodArgumentResolverComposite.java:121)
2021-10-03 20:49:02,969 ERROR [http-nio-8080-exec-5] c.t.c.c.a.ExceptionAdvice [ExceptionAdvice.java:28] org.springframework.web.method.support.InvocableHandlerMethod.getMethodArgumentValues(InvocableHandlerMethod.java:179)
2021-10-03 20:49:02,969 ERROR [http-nio-8080-exec-5] c.t.c.c.a.ExceptionAdvice [ExceptionAdvice.java:28] org.springframework.web.method.support.InvocableHandlerMethod.invokeForRequest(InvocableHandlerMethod.java:146)
2021-10-03 20:49:02,969 ERROR [http-nio-8080-exec-5] c.t.c.c.a.ExceptionAdvice [ExceptionAdvice.java:28] org.springframework.web.servlet.mvc.method.annotation.ServletInvocableHandlerMethod.invokeAndHandle(ServletInvocableHandlerMethod.java:117)
2021-10-03 20:49:02,969 ERROR [http-nio-8080-exec-5] c.t.c.c.a.ExceptionAdvice [ExceptionAdvice.java:28] org.springframework.web.servlet.mvc.method.annotation.RequestMappingHandlerAdapter.invokeHandlerMethod(RequestMappingHandlerAdapter.java:895)
2021-10-03 20:49:02,969 ERROR [http-nio-8080-exec-5] c.t.c.c.a.ExceptionAdvice [ExceptionAdvice.java:28] org.springframework.web.servlet.mvc.method.annotation.RequestMappingHandlerAdapter.handleInternal(RequestMappingHandlerAdapter.java:808)
2021-10-03 20:49:02,969 ERROR [http-nio-8080-exec-5] c.t.c.c.a.ExceptionAdvice [ExceptionAdvice.java:28] org.springframework.web.servlet.mvc.method.AbstractHandlerMethodAdapter.handle(AbstractHandlerMethodAdapter.java:87)
2021-10-03 20:49:02,969 ERROR [http-nio-8080-exec-5] c.t.c.c.a.ExceptionAdvice [ExceptionAdvice.java:28] org.springframework.web.servlet.DispatcherServlet.doDispatch(DispatcherServlet.java:1067)
2021-10-03 20:49:02,970 ERROR [http-nio-8080-exec-5] c.t.c.c.a.ExceptionAdvice [ExceptionAdvice.java:28] org.springframework.web.servlet.DispatcherServlet.doService(DispatcherServlet.java:963)
2021-10-03 20:49:02,970 ERROR [http-nio-8080-exec-5] c.t.c.c.a.ExceptionAdvice [ExceptionAdvice.java:28] org.springframework.web.servlet.FrameworkServlet.processRequest(FrameworkServlet.java:1006)
2021-10-03 20:49:02,970 ERROR [http-nio-8080-exec-5] c.t.c.c.a.ExceptionAdvice [ExceptionAdvice.java:28] org.springframework.web.servlet.FrameworkServlet.doGet(FrameworkServlet.java:898)
2021-10-03 20:49:02,970 ERROR [http-nio-8080-exec-5] c.t.c.c.a.ExceptionAdvice [ExceptionAdvice.java:28] javax.servlet.http.HttpServlet.service(HttpServlet.java:645)
2021-10-03 20:49:02,970 ERROR [http-nio-8080-exec-5] c.t.c.c.a.ExceptionAdvice [ExceptionAdvice.java:28] org.springframework.web.servlet.FrameworkServlet.service(FrameworkServlet.java:883)
2021-10-03 20:49:02,970 ERROR [http-nio-8080-exec-5] c.t.c.c.a.ExceptionAdvice [ExceptionAdvice.java:28] javax.servlet.http.HttpServlet.service(HttpServlet.java:750)
2021-10-03 20:49:02,970 ERROR [http-nio-8080-exec-5] c.t.c.c.a.ExceptionAdvice [ExceptionAdvice.java:28] org.apache.catalina.core.ApplicationFilterChain.internalDoFilter(ApplicationFilterChain.java:227)
2021-10-03 20:49:02,970 ERROR [http-nio-8080-exec-5] c.t.c.c.a.ExceptionAdvice [ExceptionAdvice.java:28] org.apache.catalina.core.ApplicationFilterChain.doFilter(ApplicationFilterChain.java:162)
2021-10-03 20:49:02,970 ERROR [http-nio-8080-exec-5] c.t.c.c.a.ExceptionAdvice [ExceptionAdvice.java:28] org.apache.tomcat.websocket.server.WsFilter.doFilter(WsFilter.java:53)
2021-10-03 20:49:02,970 ERROR [http-nio-8080-exec-5] c.t.c.c.a.ExceptionAdvice [ExceptionAdvice.java:28] org.apache.catalina.core.ApplicationFilterChain.internalDoFilter(ApplicationFilterChain.java:189)
2021-10-03 20:49:02,971 ERROR [http-nio-8080-exec-5] c.t.c.c.a.ExceptionAdvice [ExceptionAdvice.java:28] org.apache.catalina.core.ApplicationFilterChain.doFilter(ApplicationFilterChain.java:162)
2021-10-03 20:49:02,971 ERROR [http-nio-8080-exec-5] c.t.c.c.a.ExceptionAdvice [ExceptionAdvice.java:28] org.springframework.web.filter.RequestContextFilter.doFilterInternal(RequestContextFilter.java:100)
2021-10-03 20:49:02,971 ERROR [http-nio-8080-exec-5] c.t.c.c.a.ExceptionAdvice [ExceptionAdvice.java:28] org.springframework.web.filter.OncePerRequestFilter.doFilter(OncePerRequestFilter.java:119)
2021-10-03 20:49:02,971 ERROR [http-nio-8080-exec-5] c.t.c.c.a.ExceptionAdvice [ExceptionAdvice.java:28] org.apache.catalina.core.ApplicationFilterChain.internalDoFilter(ApplicationFilterChain.java:189)
2021-10-03 20:49:02,971 ERROR [http-nio-8080-exec-5] c.t.c.c.a.ExceptionAdvice [ExceptionAdvice.java:28] org.apache.catalina.core.ApplicationFilterChain.doFilter(ApplicationFilterChain.java:162)
2021-10-03 20:49:02,971 ERROR [http-nio-8080-exec-5] c.t.c.c.a.ExceptionAdvice [ExceptionAdvice.java:28] org.springframework.web.filter.FormContentFilter.doFilterInternal(FormContentFilter.java:93)
2021-10-03 20:49:02,971 ERROR [http-nio-8080-exec-5] c.t.c.c.a.ExceptionAdvice [ExceptionAdvice.java:28] org.springframework.web.filter.OncePerRequestFilter.doFilter(OncePerRequestFilter.java:119)
2021-10-03 20:49:02,971 ERROR [http-nio-8080-exec-5] c.t.c.c.a.ExceptionAdvice [ExceptionAdvice.java:28] org.apache.catalina.core.ApplicationFilterChain.internalDoFilter(ApplicationFilterChain.java:189)
2021-10-03 20:49:02,971 ERROR [http-nio-8080-exec-5] c.t.c.c.a.ExceptionAdvice [ExceptionAdvice.java:28] org.apache.catalina.core.ApplicationFilterChain.doFilter(ApplicationFilterChain.java:162)
2021-10-03 20:49:02,971 ERROR [http-nio-8080-exec-5] c.t.c.c.a.ExceptionAdvice [ExceptionAdvice.java:28] org.springframework.web.filter.CharacterEncodingFilter.doFilterInternal(CharacterEncodingFilter.java:201)
2021-10-03 20:49:02,972 ERROR [http-nio-8080-exec-5] c.t.c.c.a.ExceptionAdvice [ExceptionAdvice.java:28] org.springframework.web.filter.OncePerRequestFilter.doFilter(OncePerRequestFilter.java:119)
2021-10-03 20:49:02,972 ERROR [http-nio-8080-exec-5] c.t.c.c.a.ExceptionAdvice [ExceptionAdvice.java:28] org.apache.catalina.core.ApplicationFilterChain.internalDoFilter(ApplicationFilterChain.java:189)
2021-10-03 20:49:02,972 ERROR [http-nio-8080-exec-5] c.t.c.c.a.ExceptionAdvice [ExceptionAdvice.java:28] org.apache.catalina.core.ApplicationFilterChain.doFilter(ApplicationFilterChain.java:162)
2021-10-03 20:49:02,972 ERROR [http-nio-8080-exec-5] c.t.c.c.a.ExceptionAdvice [ExceptionAdvice.java:28] org.apache.catalina.core.StandardWrapperValve.invoke(StandardWrapperValve.java:197)
2021-10-03 20:49:02,972 ERROR [http-nio-8080-exec-5] c.t.c.c.a.ExceptionAdvice [ExceptionAdvice.java:28] org.apache.catalina.core.StandardContextValve.invoke(StandardContextValve.java:97)
2021-10-03 20:49:02,972 ERROR [http-nio-8080-exec-5] c.t.c.c.a.ExceptionAdvice [ExceptionAdvice.java:28] org.apache.catalina.authenticator.AuthenticatorBase.invoke(AuthenticatorBase.java:540)
2021-10-03 20:49:02,972 ERROR [http-nio-8080-exec-5] c.t.c.c.a.ExceptionAdvice [ExceptionAdvice.java:28] org.apache.catalina.core.StandardHostValve.invoke(StandardHostValve.java:135)
2021-10-03 20:49:02,972 ERROR [http-nio-8080-exec-5] c.t.c.c.a.ExceptionAdvice [ExceptionAdvice.java:28] org.apache.catalina.valves.ErrorReportValve.invoke(ErrorReportValve.java:92)
2021-10-03 20:49:02,972 ERROR [http-nio-8080-exec-5] c.t.c.c.a.ExceptionAdvice [ExceptionAdvice.java:28] org.apache.catalina.core.StandardEngineValve.invoke(StandardEngineValve.java:78)
2021-10-03 20:49:02,972 ERROR [http-nio-8080-exec-5] c.t.c.c.a.ExceptionAdvice [ExceptionAdvice.java:28] org.apache.catalina.connector.CoyoteAdapter.service(CoyoteAdapter.java:357)
2021-10-03 20:49:02,972 ERROR [http-nio-8080-exec-5] c.t.c.c.a.ExceptionAdvice [ExceptionAdvice.java:28] org.apache.coyote.http11.Http11Processor.service(Http11Processor.java:382)
2021-10-03 20:49:02,973 ERROR [http-nio-8080-exec-5] c.t.c.c.a.ExceptionAdvice [ExceptionAdvice.java:28] org.apache.coyote.AbstractProcessorLight.process(AbstractProcessorLight.java:65)
2021-10-03 20:49:02,973 ERROR [http-nio-8080-exec-5] c.t.c.c.a.ExceptionAdvice [ExceptionAdvice.java:28] org.apache.coyote.AbstractProtocol$ConnectionHandler.process(AbstractProtocol.java:893)
2021-10-03 20:49:02,973 ERROR [http-nio-8080-exec-5] c.t.c.c.a.ExceptionAdvice [ExceptionAdvice.java:28] org.apache.tomcat.util.net.NioEndpoint$SocketProcessor.doRun(NioEndpoint.java:1726)
2021-10-03 20:49:02,973 ERROR [http-nio-8080-exec-5] c.t.c.c.a.ExceptionAdvice [ExceptionAdvice.java:28] org.apache.tomcat.util.net.SocketProcessorBase.run(SocketProcessorBase.java:49)
2021-10-03 20:49:02,973 ERROR [http-nio-8080-exec-5] c.t.c.c.a.ExceptionAdvice [ExceptionAdvice.java:28] org.apache.tomcat.util.threads.ThreadPoolExecutor.runWorker(ThreadPoolExecutor.java:1191)
2021-10-03 20:49:02,973 ERROR [http-nio-8080-exec-5] c.t.c.c.a.ExceptionAdvice [ExceptionAdvice.java:28] org.apache.tomcat.util.threads.ThreadPoolExecutor$Worker.run(ThreadPoolExecutor.java:659)
2021-10-03 20:49:02,973 ERROR [http-nio-8080-exec-5] c.t.c.c.a.ExceptionAdvice [ExceptionAdvice.java:28] org.apache.tomcat.util.threads.TaskThread$WrappingRunnable.run(TaskThread.java:61)
2021-10-03 20:49:02,973 ERROR [http-nio-8080-exec-5] c.t.c.c.a.ExceptionAdvice [ExceptionAdvice.java:28] java.lang.Thread.run(Thread.java:748)
2021-10-03 20:49:30,794 ERROR [http-nio-8080-exec-3] c.t.c.c.a.ExceptionAdvice [ExceptionAdvice.java:26] 服务器发生异常Failed to convert value of type 'java.lang.String' to required type 'int'; nested exception is java.lang.NumberFormatException: For input string: "user.headerUrl"
2021-10-03 20:49:30,794 ERROR [http-nio-8080-exec-3] c.t.c.c.a.ExceptionAdvice [ExceptionAdvice.java:28] org.springframework.web.method.annotation.AbstractNamedValueMethodArgumentResolver.resolveArgument(AbstractNamedValueMethodArgumentResolver.java:133)
2021-10-03 20:49:30,794 ERROR [http-nio-8080-exec-3] c.t.c.c.a.ExceptionAdvice [ExceptionAdvice.java:28] org.springframework.web.method.support.HandlerMethodArgumentResolverComposite.resolveArgument(HandlerMethodArgumentResolverComposite.java:121)
2021-10-03 20:49:30,794 ERROR [http-nio-8080-exec-3] c.t.c.c.a.ExceptionAdvice [ExceptionAdvice.java:28] org.springframework.web.method.support.InvocableHandlerMethod.getMethodArgumentValues(InvocableHandlerMethod.java:179)
2021-10-03 20:49:30,795 ERROR [http-nio-8080-exec-3] c.t.c.c.a.ExceptionAdvice [ExceptionAdvice.java:28] org.springframework.web.method.support.InvocableHandlerMethod.invokeForRequest(InvocableHandlerMethod.java:146)
2021-10-03 20:49:30,795 ERROR [http-nio-8080-exec-3] c.t.c.c.a.ExceptionAdvice [ExceptionAdvice.java:28] org.springframework.web.servlet.mvc.method.annotation.ServletInvocableHandlerMethod.invokeAndHandle(ServletInvocableHandlerMethod.java:117)
2021-10-03 20:49:30,795 ERROR [http-nio-8080-exec-3] c.t.c.c.a.ExceptionAdvice [ExceptionAdvice.java:28] org.springframework.web.servlet.mvc.method.annotation.RequestMappingHandlerAdapter.invokeHandlerMethod(RequestMappingHandlerAdapter.java:895)
2021-10-03 20:49:30,795 ERROR [http-nio-8080-exec-3] c.t.c.c.a.ExceptionAdvice [ExceptionAdvice.java:28] org.springframework.web.servlet.mvc.method.annotation.RequestMappingHandlerAdapter.handleInternal(RequestMappingHandlerAdapter.java:808)
2021-10-03 20:49:30,795 ERROR [http-nio-8080-exec-3] c.t.c.c.a.ExceptionAdvice [ExceptionAdvice.java:28] org.springframework.web.servlet.mvc.method.AbstractHandlerMethodAdapter.handle(AbstractHandlerMethodAdapter.java:87)
2021-10-03 20:49:30,795 ERROR [http-nio-8080-exec-3] c.t.c.c.a.ExceptionAdvice [ExceptionAdvice.java:28] org.springframework.web.servlet.DispatcherServlet.doDispatch(DispatcherServlet.java:1067)
2021-10-03 20:49:30,795 ERROR [http-nio-8080-exec-3] c.t.c.c.a.ExceptionAdvice [ExceptionAdvice.java:28] org.springframework.web.servlet.DispatcherServlet.doService(DispatcherServlet.java:963)
2021-10-03 20:49:30,795 ERROR [http-nio-8080-exec-3] c.t.c.c.a.ExceptionAdvice [ExceptionAdvice.java:28] org.springframework.web.servlet.FrameworkServlet.processRequest(FrameworkServlet.java:1006)
2021-10-03 20:49:30,795 ERROR [http-nio-8080-exec-3] c.t.c.c.a.ExceptionAdvice [ExceptionAdvice.java:28] org.springframework.web.servlet.FrameworkServlet.doGet(FrameworkServlet.java:898)
2021-10-03 20:49:30,795 ERROR [http-nio-8080-exec-3] c.t.c.c.a.ExceptionAdvice [ExceptionAdvice.java:28] javax.servlet.http.HttpServlet.service(HttpServlet.java:645)
2021-10-03 20:49:30,796 ERROR [http-nio-8080-exec-3] c.t.c.c.a.ExceptionAdvice [ExceptionAdvice.java:28] org.springframework.web.servlet.FrameworkServlet.service(FrameworkServlet.java:883)
2021-10-03 20:49:30,796 ERROR [http-nio-8080-exec-3] c.t.c.c.a.ExceptionAdvice [ExceptionAdvice.java:28] javax.servlet.http.HttpServlet.service(HttpServlet.java:750)
2021-10-03 20:49:30,796 ERROR [http-nio-8080-exec-3] c.t.c.c.a.ExceptionAdvice [ExceptionAdvice.java:28] org.apache.catalina.core.ApplicationFilterChain.internalDoFilter(ApplicationFilterChain.java:227)
2021-10-03 20:49:30,796 ERROR [http-nio-8080-exec-3] c.t.c.c.a.ExceptionAdvice [ExceptionAdvice.java:28] org.apache.catalina.core.ApplicationFilterChain.doFilter(ApplicationFilterChain.java:162)
2021-10-03 20:49:30,796 ERROR [http-nio-8080-exec-3] c.t.c.c.a.ExceptionAdvice [ExceptionAdvice.java:28] org.apache.tomcat.websocket.server.WsFilter.doFilter(WsFilter.java:53)
2021-10-03 20:49:30,796 ERROR [http-nio-8080-exec-3] c.t.c.c.a.ExceptionAdvice [ExceptionAdvice.java:28] org.apache.catalina.core.ApplicationFilterChain.internalDoFilter(ApplicationFilterChain.java:189)
2021-10-03 20:49:30,796 ERROR [http-nio-8080-exec-3] c.t.c.c.a.ExceptionAdvice [ExceptionAdvice.java:28] org.apache.catalina.core.ApplicationFilterChain.doFilter(ApplicationFilterChain.java:162)
2021-10-03 20:49:30,797 ERROR [http-nio-8080-exec-3] c.t.c.c.a.ExceptionAdvice [ExceptionAdvice.java:28] org.springframework.web.filter.RequestContextFilter.doFilterInternal(RequestContextFilter.java:100)
2021-10-03 20:49:30,797 ERROR [http-nio-8080-exec-3] c.t.c.c.a.ExceptionAdvice [ExceptionAdvice.java:28] org.springframework.web.filter.OncePerRequestFilter.doFilter(OncePerRequestFilter.java:119)
2021-10-03 20:49:30,797 ERROR [http-nio-8080-exec-3] c.t.c.c.a.ExceptionAdvice [ExceptionAdvice.java:28] org.apache.catalina.core.ApplicationFilterChain.internalDoFilter(ApplicationFilterChain.java:189)
2021-10-03 20:49:30,797 ERROR [http-nio-8080-exec-3] c.t.c.c.a.ExceptionAdvice [ExceptionAdvice.java:28] org.apache.catalina.core.ApplicationFilterChain.doFilter(ApplicationFilterChain.java:162)
2021-10-03 20:49:30,797 ERROR [http-nio-8080-exec-3] c.t.c.c.a.ExceptionAdvice [ExceptionAdvice.java:28] org.springframework.web.filter.FormContentFilter.doFilterInternal(FormContentFilter.java:93)
2021-10-03 20:49:30,797 ERROR [http-nio-8080-exec-3] c.t.c.c.a.ExceptionAdvice [ExceptionAdvice.java:28] org.springframework.web.filter.OncePerRequestFilter.doFilter(OncePerRequestFilter.java:119)
2021-10-03 20:49:30,797 ERROR [http-nio-8080-exec-3] c.t.c.c.a.ExceptionAdvice [ExceptionAdvice.java:28] org.apache.catalina.core.ApplicationFilterChain.internalDoFilter(ApplicationFilterChain.java:189)
2021-10-03 20:49:30,797 ERROR [http-nio-8080-exec-3] c.t.c.c.a.ExceptionAdvice [ExceptionAdvice.java:28] org.apache.catalina.core.ApplicationFilterChain.doFilter(ApplicationFilterChain.java:162)
2021-10-03 20:49:30,798 ERROR [http-nio-8080-exec-3] c.t.c.c.a.ExceptionAdvice [ExceptionAdvice.java:28] org.springframework.web.filter.CharacterEncodingFilter.doFilterInternal(CharacterEncodingFilter.java:201)
2021-10-03 20:49:30,798 ERROR [http-nio-8080-exec-3] c.t.c.c.a.ExceptionAdvice [ExceptionAdvice.java:28] org.springframework.web.filter.OncePerRequestFilter.doFilter(OncePerRequestFilter.java:119)
2021-10-03 20:49:30,798 ERROR [http-nio-8080-exec-3] c.t.c.c.a.ExceptionAdvice [ExceptionAdvice.java:28] org.apache.catalina.core.ApplicationFilterChain.internalDoFilter(ApplicationFilterChain.java:189)
2021-10-03 20:49:30,798 ERROR [http-nio-8080-exec-3] c.t.c.c.a.ExceptionAdvice [ExceptionAdvice.java:28] org.apache.catalina.core.ApplicationFilterChain.doFilter(ApplicationFilterChain.java:162)
2021-10-03 20:49:30,798 ERROR [http-nio-8080-exec-3] c.t.c.c.a.ExceptionAdvice [ExceptionAdvice.java:28] org.apache.catalina.core.StandardWrapperValve.invoke(StandardWrapperValve.java:197)
2021-10-03 20:49:30,798 ERROR [http-nio-8080-exec-3] c.t.c.c.a.ExceptionAdvice [ExceptionAdvice.java:28] org.apache.catalina.core.StandardContextValve.invoke(StandardContextValve.java:97)
2021-10-03 20:49:30,798 ERROR [http-nio-8080-exec-3] c.t.c.c.a.ExceptionAdvice [ExceptionAdvice.java:28] org.apache.catalina.authenticator.AuthenticatorBase.invoke(AuthenticatorBase.java:540)
2021-10-03 20:49:30,798 ERROR [http-nio-8080-exec-3] c.t.c.c.a.ExceptionAdvice [ExceptionAdvice.java:28] org.apache.catalina.core.StandardHostValve.invoke(StandardHostValve.java:135)
2021-10-03 20:49:30,798 ERROR [http-nio-8080-exec-3] c.t.c.c.a.ExceptionAdvice [ExceptionAdvice.java:28] org.apache.catalina.valves.ErrorReportValve.invoke(ErrorReportValve.java:92)
2021-10-03 20:49:30,799 ERROR [http-nio-8080-exec-3] c.t.c.c.a.ExceptionAdvice [ExceptionAdvice.java:28] org.apache.catalina.core.StandardEngineValve.invoke(StandardEngineValve.java:78)
2021-10-03 20:49:30,799 ERROR [http-nio-8080-exec-3] c.t.c.c.a.ExceptionAdvice [ExceptionAdvice.java:28] org.apache.catalina.connector.CoyoteAdapter.service(CoyoteAdapter.java:357)
2021-10-03 20:49:30,799 ERROR [http-nio-8080-exec-3] c.t.c.c.a.ExceptionAdvice [ExceptionAdvice.java:28] org.apache.coyote.http11.Http11Processor.service(Http11Processor.java:382)
2021-10-03 20:49:30,799 ERROR [http-nio-8080-exec-3] c.t.c.c.a.ExceptionAdvice [ExceptionAdvice.java:28] org.apache.coyote.AbstractProcessorLight.process(AbstractProcessorLight.java:65)
2021-10-03 20:49:30,799 ERROR [http-nio-8080-exec-3] c.t.c.c.a.ExceptionAdvice [ExceptionAdvice.java:28] org.apache.coyote.AbstractProtocol$ConnectionHandler.process(AbstractProtocol.java:893)
2021-10-03 20:49:30,799 ERROR [http-nio-8080-exec-3] c.t.c.c.a.ExceptionAdvice [ExceptionAdvice.java:28] org.apache.tomcat.util.net.NioEndpoint$SocketProcessor.doRun(NioEndpoint.java:1726)
2021-10-03 20:49:30,799 ERROR [http-nio-8080-exec-3] c.t.c.c.a.ExceptionAdvice [ExceptionAdvice.java:28] org.apache.tomcat.util.net.SocketProcessorBase.run(SocketProcessorBase.java:49)
2021-10-03 20:49:30,799 ERROR [http-nio-8080-exec-3] c.t.c.c.a.ExceptionAdvice [ExceptionAdvice.java:28] org.apache.tomcat.util.threads.ThreadPoolExecutor.runWorker(ThreadPoolExecutor.java:1191)
2021-10-03 20:49:30,799 ERROR [http-nio-8080-exec-3] c.t.c.c.a.ExceptionAdvice [ExceptionAdvice.java:28] org.apache.tomcat.util.threads.ThreadPoolExecutor$Worker.run(ThreadPoolExecutor.java:659)
2021-10-03 20:49:30,799 ERROR [http-nio-8080-exec-3] c.t.c.c.a.ExceptionAdvice [ExceptionAdvice.java:28] org.apache.tomcat.util.threads.TaskThread$WrappingRunnable.run(TaskThread.java:61)
2021-10-03 20:49:30,799 ERROR [http-nio-8080-exec-3] c.t.c.c.a.ExceptionAdvice [ExceptionAdvice.java:28] java.lang.Thread.run(Thread.java:748)
2021-10-03 20:49:32,925 ERROR [http-nio-8080-exec-6] c.t.c.c.a.ExceptionAdvice [ExceptionAdvice.java:26] 服务器发生异常Failed to convert value of type 'java.lang.String' to required type 'int'; nested exception is java.lang.NumberFormatException: For input string: "user.headerUrl"
2021-10-03 20:49:32,925 ERROR [http-nio-8080-exec-6] c.t.c.c.a.ExceptionAdvice [ExceptionAdvice.java:28] org.springframework.web.method.annotation.AbstractNamedValueMethodArgumentResolver.resolveArgument(AbstractNamedValueMethodArgumentResolver.java:133)
2021-10-03 20:49:32,925 ERROR [http-nio-8080-exec-6] c.t.c.c.a.ExceptionAdvice [ExceptionAdvice.java:28] org.springframework.web.method.support.HandlerMethodArgumentResolverComposite.resolveArgument(HandlerMethodArgumentResolverComposite.java:121)
2021-10-03 20:49:32,925 ERROR [http-nio-8080-exec-6] c.t.c.c.a.ExceptionAdvice [ExceptionAdvice.java:28] org.springframework.web.method.support.InvocableHandlerMethod.getMethodArgumentValues(InvocableHandlerMethod.java:179)
2021-10-03 20:49:32,925 ERROR [http-nio-8080-exec-6] c.t.c.c.a.ExceptionAdvice [ExceptionAdvice.java:28] org.springframework.web.method.support.InvocableHandlerMethod.invokeForRequest(InvocableHandlerMethod.java:146)
2021-10-03 20:49:32,926 ERROR [http-nio-8080-exec-6] c.t.c.c.a.ExceptionAdvice [ExceptionAdvice.java:28] org.springframework.web.servlet.mvc.method.annotation.ServletInvocableHandlerMethod.invokeAndHandle(ServletInvocableHandlerMethod.java:117)
2021-10-03 20:49:32,926 ERROR [http-nio-8080-exec-6] c.t.c.c.a.ExceptionAdvice [ExceptionAdvice.java:28] org.springframework.web.servlet.mvc.method.annotation.RequestMappingHandlerAdapter.invokeHandlerMethod(RequestMappingHandlerAdapter.java:895)
2021-10-03 20:49:32,926 ERROR [http-nio-8080-exec-6] c.t.c.c.a.ExceptionAdvice [ExceptionAdvice.java:28] org.springframework.web.servlet.mvc.method.annotation.RequestMappingHandlerAdapter.handleInternal(RequestMappingHandlerAdapter.java:808)
2021-10-03 20:49:32,926 ERROR [http-nio-8080-exec-6] c.t.c.c.a.ExceptionAdvice [ExceptionAdvice.java:28] org.springframework.web.servlet.mvc.method.AbstractHandlerMethodAdapter.handle(AbstractHandlerMethodAdapter.java:87)
2021-10-03 20:49:32,926 ERROR [http-nio-8080-exec-6] c.t.c.c.a.ExceptionAdvice [ExceptionAdvice.java:28] org.springframework.web.servlet.DispatcherServlet.doDispatch(DispatcherServlet.java:1067)
2021-10-03 20:49:32,926 ERROR [http-nio-8080-exec-6] c.t.c.c.a.ExceptionAdvice [ExceptionAdvice.java:28] org.springframework.web.servlet.DispatcherServlet.doService(DispatcherServlet.java:963)
2021-10-03 20:49:32,926 ERROR [http-nio-8080-exec-6] c.t.c.c.a.ExceptionAdvice [ExceptionAdvice.java:28] org.springframework.web.servlet.FrameworkServlet.processRequest(FrameworkServlet.java:1006)
2021-10-03 20:49:32,926 ERROR [http-nio-8080-exec-6] c.t.c.c.a.ExceptionAdvice [ExceptionAdvice.java:28] org.springframework.web.servlet.FrameworkServlet.doGet(FrameworkServlet.java:898)
2021-10-03 20:49:32,926 ERROR [http-nio-8080-exec-6] c.t.c.c.a.ExceptionAdvice [ExceptionAdvice.java:28] javax.servlet.http.HttpServlet.service(HttpServlet.java:645)
2021-10-03 20:49:32,926 ERROR [http-nio-8080-exec-6] c.t.c.c.a.ExceptionAdvice [ExceptionAdvice.java:28] org.springframework.web.servlet.FrameworkServlet.service(FrameworkServlet.java:883)
2021-10-03 20:49:32,926 ERROR [http-nio-8080-exec-6] c.t.c.c.a.ExceptionAdvice [ExceptionAdvice.java:28] javax.servlet.http.HttpServlet.service(HttpServlet.java:750)
2021-10-03 20:49:32,927 ERROR [http-nio-8080-exec-6] c.t.c.c.a.ExceptionAdvice [ExceptionAdvice.java:28] org.apache.catalina.core.ApplicationFilterChain.internalDoFilter(ApplicationFilterChain.java:227)
2021-10-03 20:49:32,927 ERROR [http-nio-8080-exec-6] c.t.c.c.a.ExceptionAdvice [ExceptionAdvice.java:28] org.apache.catalina.core.ApplicationFilterChain.doFilter(ApplicationFilterChain.java:162)
2021-10-03 20:49:32,927 ERROR [http-nio-8080-exec-6] c.t.c.c.a.ExceptionAdvice [ExceptionAdvice.java:28] org.apache.tomcat.websocket.server.WsFilter.doFilter(WsFilter.java:53)
2021-10-03 20:49:32,927 ERROR [http-nio-8080-exec-6] c.t.c.c.a.ExceptionAdvice [ExceptionAdvice.java:28] org.apache.catalina.core.ApplicationFilterChain.internalDoFilter(ApplicationFilterChain.java:189)
2021-10-03 20:49:32,927 ERROR [http-nio-8080-exec-6] c.t.c.c.a.ExceptionAdvice [ExceptionAdvice.java:28] org.apache.catalina.core.ApplicationFilterChain.doFilter(ApplicationFilterChain.java:162)
2021-10-03 20:49:32,927 ERROR [http-nio-8080-exec-6] c.t.c.c.a.ExceptionAdvice [ExceptionAdvice.java:28] org.springframework.web.filter.RequestContextFilter.doFilterInternal(RequestContextFilter.java:100)
2021-10-03 20:49:32,927 ERROR [http-nio-8080-exec-6] c.t.c.c.a.ExceptionAdvice [ExceptionAdvice.java:28] org.springframework.web.filter.OncePerRequestFilter.doFilter(OncePerRequestFilter.java:119)
2021-10-03 20:49:32,927 ERROR [http-nio-8080-exec-6] c.t.c.c.a.ExceptionAdvice [ExceptionAdvice.java:28] org.apache.catalina.core.ApplicationFilterChain.internalDoFilter(ApplicationFilterChain.java:189)
2021-10-03 20:49:32,927 ERROR [http-nio-8080-exec-6] c.t.c.c.a.ExceptionAdvice [ExceptionAdvice.java:28] org.apache.catalina.core.ApplicationFilterChain.doFilter(ApplicationFilterChain.java:162)
2021-10-03 20:49:32,927 ERROR [http-nio-8080-exec-6] c.t.c.c.a.ExceptionAdvice [ExceptionAdvice.java:28] org.springframework.web.filter.FormContentFilter.doFilterInternal(FormContentFilter.java:93)
2021-10-03 20:49:32,927 ERROR [http-nio-8080-exec-6] c.t.c.c.a.ExceptionAdvice [ExceptionAdvice.java:28] org.springframework.web.filter.OncePerRequestFilter.doFilter(OncePerRequestFilter.java:119)
2021-10-03 20:49:32,927 ERROR [http-nio-8080-exec-6] c.t.c.c.a.ExceptionAdvice [ExceptionAdvice.java:28] org.apache.catalina.core.ApplicationFilterChain.internalDoFilter(ApplicationFilterChain.java:189)
2021-10-03 20:49:32,928 ERROR [http-nio-8080-exec-6] c.t.c.c.a.ExceptionAdvice [ExceptionAdvice.java:28] org.apache.catalina.core.ApplicationFilterChain.doFilter(ApplicationFilterChain.java:162)
2021-10-03 20:49:32,928 ERROR [http-nio-8080-exec-6] c.t.c.c.a.ExceptionAdvice [ExceptionAdvice.java:28] org.springframework.web.filter.CharacterEncodingFilter.doFilterInternal(CharacterEncodingFilter.java:201)
2021-10-03 20:49:32,928 ERROR [http-nio-8080-exec-6] c.t.c.c.a.ExceptionAdvice [ExceptionAdvice.java:28] org.springframework.web.filter.OncePerRequestFilter.doFilter(OncePerRequestFilter.java:119)
2021-10-03 20:49:32,928 ERROR [http-nio-8080-exec-6] c.t.c.c.a.ExceptionAdvice [ExceptionAdvice.java:28] org.apache.catalina.core.ApplicationFilterChain.internalDoFilter(ApplicationFilterChain.java:189)
2021-10-03 20:49:32,928 ERROR [http-nio-8080-exec-6] c.t.c.c.a.ExceptionAdvice [ExceptionAdvice.java:28] org.apache.catalina.core.ApplicationFilterChain.doFilter(ApplicationFilterChain.java:162)
2021-10-03 20:49:32,928 ERROR [http-nio-8080-exec-6] c.t.c.c.a.ExceptionAdvice [ExceptionAdvice.java:28] org.apache.catalina.core.StandardWrapperValve.invoke(StandardWrapperValve.java:197)
2021-10-03 20:49:32,928 ERROR [http-nio-8080-exec-6] c.t.c.c.a.ExceptionAdvice [ExceptionAdvice.java:28] org.apache.catalina.core.StandardContextValve.invoke(StandardContextValve.java:97)
2021-10-03 20:49:32,928 ERROR [http-nio-8080-exec-6] c.t.c.c.a.ExceptionAdvice [ExceptionAdvice.java:28] org.apache.catalina.authenticator.AuthenticatorBase.invoke(AuthenticatorBase.java:540)
2021-10-03 20:49:32,928 ERROR [http-nio-8080-exec-6] c.t.c.c.a.ExceptionAdvice [ExceptionAdvice.java:28] org.apache.catalina.core.StandardHostValve.invoke(StandardHostValve.java:135)
2021-10-03 20:49:32,928 ERROR [http-nio-8080-exec-6] c.t.c.c.a.ExceptionAdvice [ExceptionAdvice.java:28] org.apache.catalina.valves.ErrorReportValve.invoke(ErrorReportValve.java:92)
2021-10-03 20:49:32,929 ERROR [http-nio-8080-exec-6] c.t.c.c.a.ExceptionAdvice [ExceptionAdvice.java:28] org.apache.catalina.core.StandardEngineValve.invoke(StandardEngineValve.java:78)
2021-10-03 20:49:32,929 ERROR [http-nio-8080-exec-6] c.t.c.c.a.ExceptionAdvice [ExceptionAdvice.java:28] org.apache.catalina.connector.CoyoteAdapter.service(CoyoteAdapter.java:357)
2021-10-03 20:49:32,929 ERROR [http-nio-8080-exec-6] c.t.c.c.a.ExceptionAdvice [ExceptionAdvice.java:28] org.apache.coyote.http11.Http11Processor.service(Http11Processor.java:382)
2021-10-03 20:49:32,929 ERROR [http-nio-8080-exec-6] c.t.c.c.a.ExceptionAdvice [ExceptionAdvice.java:28] org.apache.coyote.AbstractProcessorLight.process(AbstractProcessorLight.java:65)
2021-10-03 20:49:32,929 ERROR [http-nio-8080-exec-6] c.t.c.c.a.ExceptionAdvice [ExceptionAdvice.java:28] org.apache.coyote.AbstractProtocol$ConnectionHandler.process(AbstractProtocol.java:893)
2021-10-03 20:49:32,929 ERROR [http-nio-8080-exec-6] c.t.c.c.a.ExceptionAdvice [ExceptionAdvice.java:28] org.apache.tomcat.util.net.NioEndpoint$SocketProcessor.doRun(NioEndpoint.java:1726)
2021-10-03 20:49:32,929 ERROR [http-nio-8080-exec-6] c.t.c.c.a.ExceptionAdvice [ExceptionAdvice.java:28] org.apache.tomcat.util.net.SocketProcessorBase.run(SocketProcessorBase.java:49)
2021-10-03 20:49:32,929 ERROR [http-nio-8080-exec-6] c.t.c.c.a.ExceptionAdvice [ExceptionAdvice.java:28] org.apache.tomcat.util.threads.ThreadPoolExecutor.runWorker(ThreadPoolExecutor.java:1191)
2021-10-03 20:49:32,929 ERROR [http-nio-8080-exec-6] c.t.c.c.a.ExceptionAdvice [ExceptionAdvice.java:28] org.apache.tomcat.util.threads.ThreadPoolExecutor$Worker.run(ThreadPoolExecutor.java:659)
2021-10-03 20:49:32,929 ERROR [http-nio-8080-exec-6] c.t.c.c.a.ExceptionAdvice [ExceptionAdvice.java:28] org.apache.tomcat.util.threads.TaskThread$WrappingRunnable.run(TaskThread.java:61)
2021-10-03 20:49:32,929 ERROR [http-nio-8080-exec-6] c.t.c.c.a.ExceptionAdvice [ExceptionAdvice.java:28] java.lang.Thread.run(Thread.java:748)
